{"/home/leonamduarte/coding/meuGastoAi/mobile/src/components/DraftCard.tsx": {"path":"/home/leonamduarte/coding/meuGastoAi/mobile/src/components/DraftCard.tsx","statementMap":{"0":{"start":{"line":13,"column":51},"end":{"line":56,"column":1}},"1":{"start":{"line":14,"column":16},"end":{"line":14,"column":26}},"2":{"start":{"line":16,"column":2},"end":{"line":55,"column":4}},"3":{"start":{"line":17,"column":37},"end":{"line":17,"column":53}},"4":{"start":{"line":34,"column":31},"end":{"line":34,"column":46}},"5":{"start":{"line":58,"column":15},"end":{"line":81,"column":2}}},"fnMap":{"0":{"name":"(anonymous_0)","decl":{"start":{"line":13,"column":51},"end":{"line":13,"column":52}},"loc":{"start":{"line":13,"column":85},"end":{"line":56,"column":1}},"line":13},"1":{"name":"(anonymous_1)","decl":{"start":{"line":17,"column":31},"end":{"line":17,"column":32}},"loc":{"start":{"line":17,"column":37},"end":{"line":17,"column":53}},"line":17},"2":{"name":"(anonymous_2)","decl":{"start":{"line":34,"column":25},"end":{"line":34,"column":26}},"loc":{"start":{"line":34,"column":31},"end":{"line":34,"column":46}},"line":34}},"branchMap":{"0":{"loc":{"start":{"line":23,"column":17},"end":{"line":23,"column":62}},"type":"binary-expr","locations":[{"start":{"line":23,"column":17},"end":{"line":23,"column":40}},{"start":{"line":23,"column":44},"end":{"line":23,"column":62}}],"line":23},"1":{"loc":{"start":{"line":29,"column":13},"end":{"line":36,"column":13}},"type":"binary-expr","locations":[{"start":{"line":29,"column":13},"end":{"line":29,"column":21}},{"start":{"line":30,"column":14},"end":{"line":35,"column":16}}],"line":29}},"s":{"0":0,"1":0,"2":0,"3":0,"4":0,"5":0},"f":{"0":0,"1":0,"2":0},"b":{"0":[0,0],"1":[0,0]}}
,"/home/leonamduarte/coding/meuGastoAi/mobile/src/components/ErrorMessage.tsx": {"path":"/home/leonamduarte/coding/meuGastoAi/mobile/src/components/ErrorMessage.tsx","statementMap":{"0":{"start":{"line":10,"column":57},"end":{"line":23,"column":1}},"1":{"start":{"line":11,"column":16},"end":{"line":11,"column":26}},"2":{"start":{"line":13,"column":2},"end":{"line":22,"column":4}},"3":{"start":{"line":25,"column":15},"end":{"line":39,"column":2}}},"fnMap":{"0":{"name":"(anonymous_0)","decl":{"start":{"line":10,"column":57},"end":{"line":10,"column":58}},"loc":{"start":{"line":10,"column":83},"end":{"line":23,"column":1}},"line":10}},"branchMap":{"0":{"loc":{"start":{"line":16,"column":7},"end":{"line":20,"column":7}},"type":"binary-expr","locations":[{"start":{"line":16,"column":7},"end":{"line":16,"column":14}},{"start":{"line":17,"column":8},"end":{"line":19,"column":17}}],"line":16}},"s":{"0":0,"1":0,"2":0,"3":0},"f":{"0":0},"b":{"0":[0,0]}}
,"/home/leonamduarte/coding/meuGastoAi/mobile/src/components/Header.tsx": {"path":"/home/leonamduarte/coding/meuGastoAi/mobile/src/components/Header.tsx","statementMap":{"0":{"start":{"line":13,"column":45},"end":{"line":35,"column":1}},"1":{"start":{"line":14,"column":17},"end":{"line":14,"column":36}},"2":{"start":{"line":16,"column":2},"end":{"line":34,"column":4}},"3":{"start":{"line":37,"column":15},"end":{"line":56,"column":2}}},"fnMap":{"0":{"name":"(anonymous_0)","decl":{"start":{"line":13,"column":45},"end":{"line":13,"column":46}},"loc":{"start":{"line":13,"column":78},"end":{"line":35,"column":1}},"line":13}},"branchMap":{"0":{"loc":{"start":{"line":19,"column":9},"end":{"line":30,"column":9}},"type":"cond-expr","locations":[{"start":{"line":20,"column":10},"end":{"line":27,"column":29}},{"start":{"line":29,"column":10},"end":{"line":29,"column":89}}],"line":19}},"s":{"0":0,"1":0,"2":0,"3":0},"f":{"0":0},"b":{"0":[0,0]}}
,"/home/leonamduarte/coding/meuGastoAi/mobile/src/components/ItemInputRow.tsx": {"path":"/home/leonamduarte/coding/meuGastoAi/mobile/src/components/ItemInputRow.tsx","statementMap":{"0":{"start":{"line":15,"column":21},"end":{"line":15,"column":52}},"1":{"start":{"line":17,"column":26},"end":{"line":25,"column":1}},"2":{"start":{"line":18,"column":21},"end":{"line":18,"column":51}},"3":{"start":{"line":19,"column":2},"end":{"line":21,"column":3}},"4":{"start":{"line":20,"column":4},"end":{"line":20,"column":13}},"5":{"start":{"line":23,"column":17},"end":{"line":23,"column":35}},"6":{"start":{"line":24,"column":2},"end":{"line":24,"column":46}},"7":{"start":{"line":27,"column":57},"end":{"line":109,"column":1}},"8":{"start":{"line":28,"column":23},"end":{"line":28,"column":52}},"9":{"start":{"line":30,"column":2},"end":{"line":36,"column":3}},"10":{"start":{"line":31,"column":22},"end":{"line":31,"column":46}},"11":{"start":{"line":32,"column":27},"end":{"line":32,"column":65}},"12":{"start":{"line":33,"column":4},"end":{"line":33,"column":86}},"13":{"start":{"line":35,"column":4},"end":{"line":35,"column":51}},"14":{"start":{"line":38,"column":2},"end":{"line":108,"column":4}},"15":{"start":{"line":55,"column":32},"end":{"line":55,"column":50}},"16":{"start":{"line":65,"column":35},"end":{"line":65,"column":80}},"17":{"start":{"line":74,"column":35},"end":{"line":74,"column":83}},"18":{"start":{"line":85,"column":27},"end":{"line":85,"column":72}},"19":{"start":{"line":87,"column":10},"end":{"line":96,"column":12}},"20":{"start":{"line":91,"column":29},"end":{"line":91,"column":59}},"21":{"start":{"line":111,"column":15},"end":{"line":218,"column":2}}},"fnMap":{"0":{"name":"(anonymous_0)","decl":{"start":{"line":17,"column":26},"end":{"line":17,"column":27}},"loc":{"start":{"line":17,"column":53},"end":{"line":25,"column":1}},"line":17},"1":{"name":"(anonymous_1)","decl":{"start":{"line":27,"column":57},"end":{"line":27,"column":58}},"loc":{"start":{"line":27,"column":111},"end":{"line":109,"column":1}},"line":27},"2":{"name":"(anonymous_2)","decl":{"start":{"line":55,"column":22},"end":{"line":55,"column":23}},"loc":{"start":{"line":55,"column":32},"end":{"line":55,"column":50}},"line":55},"3":{"name":"(anonymous_3)","decl":{"start":{"line":65,"column":24},"end":{"line":65,"column":25}},"loc":{"start":{"line":65,"column":35},"end":{"line":65,"column":80}},"line":65},"4":{"name":"(anonymous_4)","decl":{"start":{"line":74,"column":24},"end":{"line":74,"column":25}},"loc":{"start":{"line":74,"column":35},"end":{"line":74,"column":83}},"line":74},"5":{"name":"(anonymous_5)","decl":{"start":{"line":84,"column":26},"end":{"line":84,"column":27}},"loc":{"start":{"line":84,"column":42},"end":{"line":97,"column":9}},"line":84},"6":{"name":"(anonymous_6)","decl":{"start":{"line":91,"column":23},"end":{"line":91,"column":24}},"loc":{"start":{"line":91,"column":29},"end":{"line":91,"column":59}},"line":91}},"branchMap":{"0":{"loc":{"start":{"line":19,"column":2},"end":{"line":21,"column":3}},"type":"if","locations":[{"start":{"line":19,"column":2},"end":{"line":21,"column":3}},{"start":{},"end":{}}],"line":19},"1":{"loc":{"start":{"line":24,"column":9},"end":{"line":24,"column":45}},"type":"cond-expr","locations":[{"start":{"line":24,"column":35},"end":{"line":24,"column":41}},{"start":{"line":24,"column":44},"end":{"line":24,"column":45}}],"line":24},"2":{"loc":{"start":{"line":27,"column":86},"end":{"line":27,"column":104}},"type":"default-arg","locations":[{"start":{"line":27,"column":99},"end":{"line":27,"column":104}}],"line":27},"3":{"loc":{"start":{"line":32,"column":27},"end":{"line":32,"column":65}},"type":"binary-expr","locations":[{"start":{"line":32,"column":27},"end":{"line":32,"column":57}},{"start":{"line":32,"column":61},"end":{"line":32,"column":65}}],"line":32},"4":{"loc":{"start":{"line":40,"column":32},"end":{"line":40,"column":70}},"type":"binary-expr","locations":[{"start":{"line":40,"column":32},"end":{"line":40,"column":42}},{"start":{"line":40,"column":46},"end":{"line":40,"column":70}}],"line":40},"5":{"loc":{"start":{"line":45,"column":9},"end":{"line":50,"column":9}},"type":"binary-expr","locations":[{"start":{"line":45,"column":9},"end":{"line":45,"column":19}},{"start":{"line":46,"column":10},"end":{"line":49,"column":17}}],"line":45},"6":{"loc":{"start":{"line":64,"column":17},"end":{"line":64,"column":53}},"type":"cond-expr","locations":[{"start":{"line":64,"column":30},"end":{"line":64,"column":48}},{"start":{"line":64,"column":51},"end":{"line":64,"column":53}}],"line":64},"7":{"loc":{"start":{"line":73,"column":17},"end":{"line":73,"column":59}},"type":"cond-expr","locations":[{"start":{"line":73,"column":33},"end":{"line":73,"column":54}},{"start":{"line":73,"column":57},"end":{"line":73,"column":59}}],"line":73},"8":{"loc":{"start":{"line":90,"column":41},"end":{"line":90,"column":76}},"type":"binary-expr","locations":[{"start":{"line":90,"column":41},"end":{"line":90,"column":49}},{"start":{"line":90,"column":53},"end":{"line":90,"column":76}}],"line":90},"9":{"loc":{"start":{"line":94,"column":53},"end":{"line":94,"column":92}},"type":"binary-expr","locations":[{"start":{"line":94,"column":53},"end":{"line":94,"column":61}},{"start":{"line":94,"column":65},"end":{"line":94,"column":92}}],"line":94}},"s":{"0":2,"1":2,"2":2,"3":2,"4":0,"5":2,"6":2,"7":2,"8":7,"9":7,"10":7,"11":7,"12":7,"13":0,"14":7,"15":1,"16":1,"17":1,"18":28,"19":28,"20":1,"21":2},"f":{"0":2,"1":7,"2":1,"3":1,"4":1,"5":28,"6":1},"b":{"0":[0,2],"1":[2,0],"2":[2],"3":[7,0],"4":[7,4],"5":[7,4],"6":[2,5],"7":[7,0],"8":[28,7],"9":[28,7]},"_coverageSchema":"1a1c01bbd47fc00a2c39e90264f33305004495a9","hash":"175c4e998a20d8500c8edf26280e11d462fec432"}
,"/home/leonamduarte/coding/meuGastoAi/mobile/src/components/Loading.tsx": {"path":"/home/leonamduarte/coding/meuGastoAi/mobile/src/components/Loading.tsx","statementMap":{"0":{"start":{"line":10,"column":47},"end":{"line":26,"column":1}},"1":{"start":{"line":11,"column":16},"end":{"line":11,"column":26}},"2":{"start":{"line":13,"column":2},"end":{"line":19,"column":3}},"3":{"start":{"line":14,"column":4},"end":{"line":18,"column":6}},"4":{"start":{"line":21,"column":2},"end":{"line":25,"column":4}},"5":{"start":{"line":28,"column":15},"end":{"line":39,"column":2}}},"fnMap":{"0":{"name":"(anonymous_0)","decl":{"start":{"line":10,"column":47},"end":{"line":10,"column":48}},"loc":{"start":{"line":10,"column":91},"end":{"line":26,"column":1}},"line":10}},"branchMap":{"0":{"loc":{"start":{"line":10,"column":50},"end":{"line":10,"column":64}},"type":"default-arg","locations":[{"start":{"line":10,"column":57},"end":{"line":10,"column":64}}],"line":10},"1":{"loc":{"start":{"line":10,"column":66},"end":{"line":10,"column":84}},"type":"default-arg","locations":[{"start":{"line":10,"column":79},"end":{"line":10,"column":84}}],"line":10},"2":{"loc":{"start":{"line":13,"column":2},"end":{"line":19,"column":3}},"type":"if","locations":[{"start":{"line":13,"column":2},"end":{"line":19,"column":3}},{"start":{},"end":{}}],"line":13}},"s":{"0":0,"1":0,"2":0,"3":0,"4":0,"5":0},"f":{"0":0},"b":{"0":[0],"1":[0],"2":[0,0]}}
,"/home/leonamduarte/coding/meuGastoAi/mobile/src/components/MonthYearPicker.tsx": {"path":"/home/leonamduarte/coding/meuGastoAi/mobile/src/components/MonthYearPicker.tsx","statementMap":{"0":{"start":{"line":12,"column":15},"end":{"line":12,"column":99}},"1":{"start":{"line":14,"column":63},"end":{"line":94,"column":1}},"2":{"start":{"line":20,"column":42},"end":{"line":20,"column":62}},"3":{"start":{"line":21,"column":22},"end":{"line":21,"column":46}},"4":{"start":{"line":22,"column":16},"end":{"line":22,"column":63}},"5":{"start":{"line":24,"column":28},"end":{"line":27,"column":3}},"6":{"start":{"line":25,"column":4},"end":{"line":25,"column":44}},"7":{"start":{"line":26,"column":4},"end":{"line":26,"column":14}},"8":{"start":{"line":29,"column":27},"end":{"line":31,"column":3}},"9":{"start":{"line":30,"column":4},"end":{"line":30,"column":26}},"10":{"start":{"line":33,"column":2},"end":{"line":33,"column":28}},"11":{"start":{"line":33,"column":16},"end":{"line":33,"column":28}},"12":{"start":{"line":35,"column":2},"end":{"line":93,"column":4}},"13":{"start":{"line":45,"column":14},"end":{"line":61,"column":33}},"14":{"start":{"line":51,"column":31},"end":{"line":51,"column":53}},"15":{"start":{"line":67,"column":14},"end":{"line":83,"column":33}},"16":{"start":{"line":73,"column":31},"end":{"line":73,"column":59}},"17":{"start":{"line":96,"column":15},"end":{"line":176,"column":2}}},"fnMap":{"0":{"name":"(anonymous_0)","decl":{"start":{"line":14,"column":63},"end":{"line":14,"column":64}},"loc":{"start":{"line":19,"column":6},"end":{"line":94,"column":1}},"line":19},"1":{"name":"(anonymous_1)","decl":{"start":{"line":24,"column":28},"end":{"line":24,"column":29}},"loc":{"start":{"line":24,"column":47},"end":{"line":27,"column":3}},"line":24},"2":{"name":"(anonymous_2)","decl":{"start":{"line":29,"column":27},"end":{"line":29,"column":28}},"loc":{"start":{"line":29,"column":45},"end":{"line":31,"column":3}},"line":29},"3":{"name":"(anonymous_3)","decl":{"start":{"line":44,"column":23},"end":{"line":44,"column":24}},"loc":{"start":{"line":45,"column":14},"end":{"line":61,"column":33}},"line":45},"4":{"name":"(anonymous_4)","decl":{"start":{"line":51,"column":25},"end":{"line":51,"column":26}},"loc":{"start":{"line":51,"column":31},"end":{"line":51,"column":53}},"line":51},"5":{"name":"(anonymous_5)","decl":{"start":{"line":66,"column":24},"end":{"line":66,"column":25}},"loc":{"start":{"line":67,"column":14},"end":{"line":83,"column":33}},"line":67},"6":{"name":"(anonymous_6)","decl":{"start":{"line":73,"column":25},"end":{"line":73,"column":26}},"loc":{"start":{"line":73,"column":31},"end":{"line":73,"column":59}},"line":73}},"branchMap":{"0":{"loc":{"start":{"line":33,"column":2},"end":{"line":33,"column":28}},"type":"if","locations":[{"start":{"line":33,"column":2},"end":{"line":33,"column":28}},{"start":{},"end":{}}],"line":33},"1":{"loc":{"start":{"line":49,"column":18},"end":{"line":49,"column":68}},"type":"binary-expr","locations":[{"start":{"line":49,"column":18},"end":{"line":49,"column":39}},{"start":{"line":49,"column":43},"end":{"line":49,"column":68}}],"line":49},"2":{"loc":{"start":{"line":56,"column":20},"end":{"line":56,"column":68}},"type":"binary-expr","locations":[{"start":{"line":56,"column":20},"end":{"line":56,"column":41}},{"start":{"line":56,"column":45},"end":{"line":56,"column":68}}],"line":56},"3":{"loc":{"start":{"line":71,"column":18},"end":{"line":71,"column":104}},"type":"binary-expr","locations":[{"start":{"line":71,"column":18},"end":{"line":71,"column":43}},{"start":{"line":71,"column":47},"end":{"line":71,"column":74}},{"start":{"line":71,"column":78},"end":{"line":71,"column":104}}],"line":71},"4":{"loc":{"start":{"line":78,"column":20},"end":{"line":78,"column":104}},"type":"binary-expr","locations":[{"start":{"line":78,"column":20},"end":{"line":78,"column":45}},{"start":{"line":78,"column":49},"end":{"line":78,"column":76}},{"start":{"line":78,"column":80},"end":{"line":78,"column":104}}],"line":78}},"s":{"0":0,"1":0,"2":0,"3":0,"4":0,"5":0,"6":0,"7":0,"8":0,"9":0,"10":0,"11":0,"12":0,"13":0,"14":0,"15":0,"16":0,"17":0},"f":{"0":0,"1":0,"2":0,"3":0,"4":0,"5":0,"6":0},"b":{"0":[0,0],"1":[0,0],"2":[0,0],"3":[0,0,0],"4":[0,0,0]}}
,"/home/leonamduarte/coding/meuGastoAi/mobile/src/components/NFCeWebView.tsx": {"path":"/home/leonamduarte/coding/meuGastoAi/mobile/src/components/NFCeWebView.tsx","statementMap":{"0":{"start":{"line":9,"column":14},"end":{"line":9,"column":30}},"1":{"start":{"line":25,"column":48},"end":{"line":36,"column":1}},"2":{"start":{"line":26,"column":2},"end":{"line":28,"column":3}},"3":{"start":{"line":27,"column":4},"end":{"line":27,"column":17}},"4":{"start":{"line":30,"column":2},"end":{"line":32,"column":3}},"5":{"start":{"line":31,"column":4},"end":{"line":31,"column":16}},"6":{"start":{"line":34,"column":19},"end":{"line":34,"column":47}},"7":{"start":{"line":35,"column":2},"end":{"line":35,"column":74}},"8":{"start":{"line":38,"column":55},"end":{"line":216,"column":1}},"9":{"start":{"line":46,"column":21},"end":{"line":46,"column":42}},"10":{"start":{"line":47,"column":44},"end":{"line":47,"column":88}},"11":{"start":{"line":48,"column":21},"end":{"line":48,"column":71}},"12":{"start":{"line":49,"column":31},"end":{"line":49,"column":81}},"13":{"start":{"line":50,"column":33},"end":{"line":50,"column":83}},"14":{"start":{"line":51,"column":29},"end":{"line":51,"column":42}},"15":{"start":{"line":53,"column":27},"end":{"line":68,"column":3}},"16":{"start":{"line":54,"column":4},"end":{"line":57,"column":5}},"17":{"start":{"line":55,"column":6},"end":{"line":55,"column":39}},"18":{"start":{"line":56,"column":6},"end":{"line":56,"column":32}},"19":{"start":{"line":59,"column":4},"end":{"line":62,"column":5}},"20":{"start":{"line":60,"column":6},"end":{"line":60,"column":49}},"21":{"start":{"line":61,"column":6},"end":{"line":61,"column":42}},"22":{"start":{"line":64,"column":4},"end":{"line":67,"column":5}},"23":{"start":{"line":65,"column":6},"end":{"line":65,"column":51}},"24":{"start":{"line":66,"column":6},"end":{"line":66,"column":44}},"25":{"start":{"line":70,"column":2},"end":{"line":97,"column":39}},"26":{"start":{"line":71,"column":4},"end":{"line":92,"column":5}},"27":{"start":{"line":72,"column":6},"end":{"line":75,"column":7}},"28":{"start":{"line":73,"column":8},"end":{"line":73,"column":54}},"29":{"start":{"line":74,"column":8},"end":{"line":74,"column":15}},"30":{"start":{"line":77,"column":6},"end":{"line":77,"column":59}},"31":{"start":{"line":78,"column":6},"end":{"line":78,"column":41}},"32":{"start":{"line":81,"column":6},"end":{"line":81,"column":25}},"33":{"start":{"line":82,"column":6},"end":{"line":89,"column":18}},"34":{"start":{"line":83,"column":8},"end":{"line":88,"column":9}},"35":{"start":{"line":84,"column":10},"end":{"line":84,"column":70}},"36":{"start":{"line":85,"column":10},"end":{"line":87,"column":19}},"37":{"start":{"line":86,"column":12},"end":{"line":86,"column":113}},"38":{"start":{"line":91,"column":6},"end":{"line":91,"column":25}},"39":{"start":{"line":94,"column":4},"end":{"line":96,"column":6}},"40":{"start":{"line":95,"column":6},"end":{"line":95,"column":25}},"41":{"start":{"line":99,"column":24},"end":{"line":133,"column":3}},"42":{"start":{"line":100,"column":4},"end":{"line":132,"column":5}},"43":{"start":{"line":101,"column":22},"end":{"line":101,"column":64}},"44":{"start":{"line":103,"column":6},"end":{"line":105,"column":7}},"45":{"start":{"line":104,"column":8},"end":{"line":104,"column":71}},"46":{"start":{"line":107,"column":6},"end":{"line":126,"column":7}},"47":{"start":{"line":108,"column":8},"end":{"line":108,"column":62}},"48":{"start":{"line":109,"column":8},"end":{"line":109,"column":42}},"49":{"start":{"line":110,"column":13},"end":{"line":126,"column":7}},"50":{"start":{"line":111,"column":8},"end":{"line":116,"column":9}},"51":{"start":{"line":112,"column":10},"end":{"line":114,"column":11}},"52":{"start":{"line":113,"column":12},"end":{"line":113,"column":89}},"53":{"start":{"line":115,"column":10},"end":{"line":115,"column":17}},"54":{"start":{"line":118,"column":8},"end":{"line":118,"column":43}},"55":{"start":{"line":119,"column":8},"end":{"line":119,"column":27}},"56":{"start":{"line":120,"column":8},"end":{"line":125,"column":9}},"57":{"start":{"line":121,"column":35},"end":{"line":121,"column":79}},"58":{"start":{"line":122,"column":10},"end":{"line":122,"column":38}},"59":{"start":{"line":124,"column":10},"end":{"line":124,"column":75}},"60":{"start":{"line":128,"column":6},"end":{"line":130,"column":7}},"61":{"start":{"line":129,"column":8},"end":{"line":129,"column":68}},"62":{"start":{"line":131,"column":6},"end":{"line":131,"column":67}},"63":{"start":{"line":135,"column":24},"end":{"line":150,"column":3}},"64":{"start":{"line":136,"column":4},"end":{"line":136,"column":51}},"65":{"start":{"line":139,"column":4},"end":{"line":149,"column":5}},"66":{"start":{"line":140,"column":6},"end":{"line":142,"column":7}},"67":{"start":{"line":141,"column":8},"end":{"line":141,"column":53}},"68":{"start":{"line":144,"column":6},"end":{"line":148,"column":15}},"69":{"start":{"line":145,"column":8},"end":{"line":145,"column":42}},"70":{"start":{"line":146,"column":8},"end":{"line":146,"column":46}},"71":{"start":{"line":147,"column":8},"end":{"line":147,"column":65}},"72":{"start":{"line":152,"column":38},"end":{"line":158,"column":3}},"73":{"start":{"line":153,"column":4},"end":{"line":157,"column":5}},"74":{"start":{"line":154,"column":6},"end":{"line":154,"column":40}},"75":{"start":{"line":156,"column":6},"end":{"line":156,"column":47}},"76":{"start":{"line":160,"column":43},"end":{"line":167,"column":3}},"77":{"start":{"line":161,"column":4},"end":{"line":164,"column":5}},"78":{"start":{"line":162,"column":6},"end":{"line":162,"column":69}},"79":{"start":{"line":163,"column":6},"end":{"line":163,"column":19}},"80":{"start":{"line":166,"column":4},"end":{"line":166,"column":16}},"81":{"start":{"line":169,"column":2},"end":{"line":169,"column":28}},"82":{"start":{"line":169,"column":16},"end":{"line":169,"column":28}},"83":{"start":{"line":171,"column":2},"end":{"line":215,"column":4}},"84":{"start":{"line":194,"column":12},"end":{"line":196,"column":19}},"85":{"start":{"line":218,"column":15},"end":{"line":255,"column":2}}},"fnMap":{"0":{"name":"(anonymous_0)","decl":{"start":{"line":25,"column":48},"end":{"line":25,"column":49}},"loc":{"start":{"line":25,"column":96},"end":{"line":36,"column":1}},"line":25},"1":{"name":"(anonymous_1)","decl":{"start":{"line":38,"column":55},"end":{"line":38,"column":56}},"loc":{"start":{"line":45,"column":6},"end":{"line":216,"column":1}},"line":45},"2":{"name":"(anonymous_2)","decl":{"start":{"line":53,"column":27},"end":{"line":53,"column":28}},"loc":{"start":{"line":53,"column":33},"end":{"line":68,"column":3}},"line":53},"3":{"name":"(anonymous_3)","decl":{"start":{"line":70,"column":12},"end":{"line":70,"column":13}},"loc":{"start":{"line":70,"column":18},"end":{"line":97,"column":3}},"line":70},"4":{"name":"(anonymous_4)","decl":{"start":{"line":82,"column":38},"end":{"line":82,"column":39}},"loc":{"start":{"line":82,"column":44},"end":{"line":89,"column":7}},"line":82},"5":{"name":"(anonymous_5)","decl":{"start":{"line":85,"column":52},"end":{"line":85,"column":53}},"loc":{"start":{"line":85,"column":58},"end":{"line":87,"column":11}},"line":85},"6":{"name":"(anonymous_6)","decl":{"start":{"line":94,"column":11},"end":{"line":94,"column":12}},"loc":{"start":{"line":94,"column":17},"end":{"line":96,"column":5}},"line":94},"7":{"name":"(anonymous_7)","decl":{"start":{"line":99,"column":24},"end":{"line":99,"column":25}},"loc":{"start":{"line":99,"column":71},"end":{"line":133,"column":3}},"line":99},"8":{"name":"(anonymous_8)","decl":{"start":{"line":135,"column":24},"end":{"line":135,"column":25}},"loc":{"start":{"line":135,"column":30},"end":{"line":150,"column":3}},"line":135},"9":{"name":"(anonymous_9)","decl":{"start":{"line":144,"column":50},"end":{"line":144,"column":51}},"loc":{"start":{"line":144,"column":56},"end":{"line":148,"column":7}},"line":144},"10":{"name":"(anonymous_10)","decl":{"start":{"line":152,"column":38},"end":{"line":152,"column":39}},"loc":{"start":{"line":152,"column":74},"end":{"line":158,"column":3}},"line":152},"11":{"name":"(anonymous_11)","decl":{"start":{"line":160,"column":43},"end":{"line":160,"column":44}},"loc":{"start":{"line":160,"column":82},"end":{"line":167,"column":3}},"line":160},"12":{"name":"(anonymous_12)","decl":{"start":{"line":193,"column":25},"end":{"line":193,"column":26}},"loc":{"start":{"line":194,"column":12},"end":{"line":196,"column":19}},"line":194}},"branchMap":{"0":{"loc":{"start":{"line":9,"column":14},"end":{"line":9,"column":30}},"type":"binary-expr","locations":[{"start":{"line":9,"column":14},"end":{"line":9,"column":21}},{"start":{"line":9,"column":25},"end":{"line":9,"column":30}}],"line":9},"1":{"loc":{"start":{"line":26,"column":2},"end":{"line":28,"column":3}},"type":"if","locations":[{"start":{"line":26,"column":2},"end":{"line":28,"column":3}},{"start":{},"end":{}}],"line":26},"2":{"loc":{"start":{"line":30,"column":2},"end":{"line":32,"column":3}},"type":"if","locations":[{"start":{"line":30,"column":2},"end":{"line":32,"column":3}},{"start":{},"end":{}}],"line":30},"3":{"loc":{"start":{"line":44,"column":2},"end":{"line":44,"column":17}},"type":"default-arg","locations":[{"start":{"line":44,"column":12},"end":{"line":44,"column":17}}],"line":44},"4":{"loc":{"start":{"line":54,"column":4},"end":{"line":57,"column":5}},"type":"if","locations":[{"start":{"line":54,"column":4},"end":{"line":57,"column":5}},{"start":{},"end":{}}],"line":54},"5":{"loc":{"start":{"line":59,"column":4},"end":{"line":62,"column":5}},"type":"if","locations":[{"start":{"line":59,"column":4},"end":{"line":62,"column":5}},{"start":{},"end":{}}],"line":59},"6":{"loc":{"start":{"line":64,"column":4},"end":{"line":67,"column":5}},"type":"if","locations":[{"start":{"line":64,"column":4},"end":{"line":67,"column":5}},{"start":{},"end":{}}],"line":64},"7":{"loc":{"start":{"line":71,"column":4},"end":{"line":92,"column":5}},"type":"if","locations":[{"start":{"line":71,"column":4},"end":{"line":92,"column":5}},{"start":{"line":90,"column":11},"end":{"line":92,"column":5}}],"line":71},"8":{"loc":{"start":{"line":72,"column":6},"end":{"line":75,"column":7}},"type":"if","locations":[{"start":{"line":72,"column":6},"end":{"line":75,"column":7}},{"start":{},"end":{}}],"line":72},"9":{"loc":{"start":{"line":83,"column":8},"end":{"line":88,"column":9}},"type":"if","locations":[{"start":{"line":83,"column":8},"end":{"line":88,"column":9}},{"start":{},"end":{}}],"line":83},"10":{"loc":{"start":{"line":101,"column":33},"end":{"line":101,"column":63}},"type":"binary-expr","locations":[{"start":{"line":101,"column":33},"end":{"line":101,"column":55}},{"start":{"line":101,"column":59},"end":{"line":101,"column":63}}],"line":101},"11":{"loc":{"start":{"line":103,"column":6},"end":{"line":105,"column":7}},"type":"if","locations":[{"start":{"line":103,"column":6},"end":{"line":105,"column":7}},{"start":{},"end":{}}],"line":103},"12":{"loc":{"start":{"line":107,"column":6},"end":{"line":126,"column":7}},"type":"if","locations":[{"start":{"line":107,"column":6},"end":{"line":126,"column":7}},{"start":{"line":110,"column":13},"end":{"line":126,"column":7}}],"line":107},"13":{"loc":{"start":{"line":107,"column":10},"end":{"line":107,"column":48}},"type":"binary-expr","locations":[{"start":{"line":107,"column":10},"end":{"line":107,"column":39}},{"start":{"line":107,"column":43},"end":{"line":107,"column":48}}],"line":107},"14":{"loc":{"start":{"line":110,"column":13},"end":{"line":126,"column":7}},"type":"if","locations":[{"start":{"line":110,"column":13},"end":{"line":126,"column":7}},{"start":{},"end":{}}],"line":110},"15":{"loc":{"start":{"line":111,"column":8},"end":{"line":116,"column":9}},"type":"if","locations":[{"start":{"line":111,"column":8},"end":{"line":116,"column":9}},{"start":{},"end":{}}],"line":111},"16":{"loc":{"start":{"line":112,"column":10},"end":{"line":114,"column":11}},"type":"if","locations":[{"start":{"line":112,"column":10},"end":{"line":114,"column":11}},{"start":{},"end":{}}],"line":112},"17":{"loc":{"start":{"line":120,"column":8},"end":{"line":125,"column":9}},"type":"if","locations":[{"start":{"line":120,"column":8},"end":{"line":125,"column":9}},{"start":{"line":123,"column":15},"end":{"line":125,"column":9}}],"line":120},"18":{"loc":{"start":{"line":124,"column":18},"end":{"line":124,"column":73}},"type":"binary-expr","locations":[{"start":{"line":124,"column":18},"end":{"line":124,"column":31}},{"start":{"line":124,"column":35},"end":{"line":124,"column":73}}],"line":124},"19":{"loc":{"start":{"line":128,"column":6},"end":{"line":130,"column":7}},"type":"if","locations":[{"start":{"line":128,"column":6},"end":{"line":130,"column":7}},{"start":{},"end":{}}],"line":128},"20":{"loc":{"start":{"line":139,"column":4},"end":{"line":149,"column":5}},"type":"if","locations":[{"start":{"line":139,"column":4},"end":{"line":149,"column":5}},{"start":{},"end":{}}],"line":139},"21":{"loc":{"start":{"line":140,"column":6},"end":{"line":142,"column":7}},"type":"if","locations":[{"start":{"line":140,"column":6},"end":{"line":142,"column":7}},{"start":{},"end":{}}],"line":140},"22":{"loc":{"start":{"line":153,"column":4},"end":{"line":157,"column":5}},"type":"if","locations":[{"start":{"line":153,"column":4},"end":{"line":157,"column":5}},{"start":{"line":155,"column":11},"end":{"line":157,"column":5}}],"line":153},"23":{"loc":{"start":{"line":161,"column":4},"end":{"line":164,"column":5}},"type":"if","locations":[{"start":{"line":161,"column":4},"end":{"line":164,"column":5}},{"start":{},"end":{}}],"line":161},"24":{"loc":{"start":{"line":169,"column":2},"end":{"line":169,"column":28}},"type":"if","locations":[{"start":{"line":169,"column":2},"end":{"line":169,"column":28}},{"start":{},"end":{}}],"line":169}},"s":{"0":0,"1":0,"2":0,"3":0,"4":0,"5":0,"6":0,"7":0,"8":0,"9":0,"10":0,"11":0,"12":0,"13":0,"14":0,"15":0,"16":0,"17":0,"18":0,"19":0,"20":0,"21":0,"22":0,"23":0,"24":0,"25":0,"26":0,"27":0,"28":0,"29":0,"30":0,"31":0,"32":0,"33":0,"34":0,"35":0,"36":0,"37":0,"38":0,"39":0,"40":0,"41":0,"42":0,"43":0,"44":0,"45":0,"46":0,"47":0,"48":0,"49":0,"50":0,"51":0,"52":0,"53":0,"54":0,"55":0,"56":0,"57":0,"58":0,"59":0,"60":0,"61":0,"62":0,"63":0,"64":0,"65":0,"66":0,"67":0,"68":0,"69":0,"70":0,"71":0,"72":0,"73":0,"74":0,"75":0,"76":0,"77":0,"78":0,"79":0,"80":0,"81":0,"82":0,"83":0,"84":0,"85":0},"f":{"0":0,"1":0,"2":0,"3":0,"4":0,"5":0,"6":0,"7":0,"8":0,"9":0,"10":0,"11":0,"12":0},"b":{"0":[0,0],"1":[0,0],"2":[0,0],"3":[0],"4":[0,0],"5":[0,0],"6":[0,0],"7":[0,0],"8":[0,0],"9":[0,0],"10":[0,0],"11":[0,0],"12":[0,0],"13":[0,0],"14":[0,0],"15":[0,0],"16":[0,0],"17":[0,0],"18":[0,0],"19":[0,0],"20":[0,0],"21":[0,0],"22":[0,0],"23":[0,0],"24":[0,0]}}
,"/home/leonamduarte/coding/meuGastoAi/mobile/src/components/PriceComparisonCard.tsx": {"path":"/home/leonamduarte/coding/meuGastoAi/mobile/src/components/PriceComparisonCard.tsx","statementMap":{"0":{"start":{"line":15,"column":71},"end":{"line":54,"column":1}},"1":{"start":{"line":16,"column":2},"end":{"line":25,"column":3}},"2":{"start":{"line":17,"column":4},"end":{"line":24,"column":6}},"3":{"start":{"line":27,"column":2},"end":{"line":53,"column":4}},"4":{"start":{"line":56,"column":15},"end":{"line":92,"column":2}}},"fnMap":{"0":{"name":"(anonymous_0)","decl":{"start":{"line":15,"column":71},"end":{"line":15,"column":72}},"loc":{"start":{"line":15,"column":105},"end":{"line":54,"column":1}},"line":15}},"branchMap":{"0":{"loc":{"start":{"line":16,"column":2},"end":{"line":25,"column":3}},"type":"if","locations":[{"start":{"line":16,"column":2},"end":{"line":25,"column":3}},{"start":{},"end":{}}],"line":16},"1":{"loc":{"start":{"line":34,"column":25},"end":{"line":34,"column":55}},"type":"binary-expr","locations":[{"start":{"line":34,"column":25},"end":{"line":34,"column":50}},{"start":{"line":34,"column":54},"end":{"line":34,"column":55}}],"line":34},"2":{"loc":{"start":{"line":40,"column":25},"end":{"line":40,"column":55}},"type":"binary-expr","locations":[{"start":{"line":40,"column":25},"end":{"line":40,"column":50}},{"start":{"line":40,"column":54},"end":{"line":40,"column":55}}],"line":40},"3":{"loc":{"start":{"line":46,"column":9},"end":{"line":50,"column":9}},"type":"binary-expr","locations":[{"start":{"line":46,"column":9},"end":{"line":46,"column":46}},{"start":{"line":46,"column":50},"end":{"line":46,"column":82}},{"start":{"line":46,"column":86},"end":{"line":46,"column":108}},{"start":{"line":47,"column":10},"end":{"line":49,"column":17}}],"line":46}},"s":{"0":0,"1":0,"2":0,"3":0,"4":0},"f":{"0":0},"b":{"0":[0,0],"1":[0,0],"2":[0,0],"3":[0,0,0,0]}}
,"/home/leonamduarte/coding/meuGastoAi/mobile/src/components/PurchaseCard.tsx": {"path":"/home/leonamduarte/coding/meuGastoAi/mobile/src/components/PurchaseCard.tsx","statementMap":{"0":{"start":{"line":15,"column":57},"end":{"line":70,"column":1}},"1":{"start":{"line":16,"column":20},"end":{"line":16,"column":50}},"2":{"start":{"line":18,"column":2},"end":{"line":69,"column":4}},"3":{"start":{"line":19,"column":37},"end":{"line":19,"column":56}},"4":{"start":{"line":45,"column":27},"end":{"line":45,"column":46}},"5":{"start":{"line":53,"column":29},"end":{"line":53,"column":47}},"6":{"start":{"line":60,"column":29},"end":{"line":60,"column":49}},"7":{"start":{"line":72,"column":15},"end":{"line":148,"column":2}}},"fnMap":{"0":{"name":"(anonymous_0)","decl":{"start":{"line":15,"column":57},"end":{"line":15,"column":58}},"loc":{"start":{"line":15,"column":102},"end":{"line":70,"column":1}},"line":15},"1":{"name":"(anonymous_1)","decl":{"start":{"line":19,"column":31},"end":{"line":19,"column":32}},"loc":{"start":{"line":19,"column":37},"end":{"line":19,"column":56}},"line":19},"2":{"name":"(anonymous_2)","decl":{"start":{"line":45,"column":21},"end":{"line":45,"column":22}},"loc":{"start":{"line":45,"column":27},"end":{"line":45,"column":46}},"line":45},"3":{"name":"(anonymous_3)","decl":{"start":{"line":53,"column":23},"end":{"line":53,"column":24}},"loc":{"start":{"line":53,"column":29},"end":{"line":53,"column":47}},"line":53},"4":{"name":"(anonymous_4)","decl":{"start":{"line":60,"column":23},"end":{"line":60,"column":24}},"loc":{"start":{"line":60,"column":29},"end":{"line":60,"column":49}},"line":60}},"branchMap":{"0":{"loc":{"start":{"line":16,"column":20},"end":{"line":16,"column":50}},"type":"binary-expr","locations":[{"start":{"line":16,"column":20},"end":{"line":16,"column":45}},{"start":{"line":16,"column":49},"end":{"line":16,"column":50}}],"line":16},"1":{"loc":{"start":{"line":24,"column":13},"end":{"line":24,"column":57}},"type":"binary-expr","locations":[{"start":{"line":24,"column":13},"end":{"line":24,"column":39}},{"start":{"line":24,"column":43},"end":{"line":24,"column":57}}],"line":24},"2":{"loc":{"start":{"line":38,"column":11},"end":{"line":38,"column":49}},"type":"cond-expr","locations":[{"start":{"line":38,"column":31},"end":{"line":38,"column":39}},{"start":{"line":38,"column":42},"end":{"line":38,"column":49}}],"line":38},"3":{"loc":{"start":{"line":38,"column":66},"end":{"line":38,"column":100}},"type":"cond-expr","locations":[{"start":{"line":38,"column":84},"end":{"line":38,"column":90}},{"start":{"line":38,"column":93},"end":{"line":38,"column":100}}],"line":38}},"s":{"0":0,"1":0,"2":0,"3":0,"4":0,"5":0,"6":0,"7":0},"f":{"0":0,"1":0,"2":0,"3":0,"4":0},"b":{"0":[0,0],"1":[0,0],"2":[0,0],"3":[0,0]}}
,"/home/leonamduarte/coding/meuGastoAi/mobile/src/components/QRCodeScanner.tsx": {"path":"/home/leonamduarte/coding/meuGastoAi/mobile/src/components/QRCodeScanner.tsx","statementMap":{"0":{"start":{"line":11,"column":59},"end":{"line":94,"column":1}},"1":{"start":{"line":12,"column":16},"end":{"line":12,"column":26}},"2":{"start":{"line":13,"column":42},"end":{"line":13,"column":64}},"3":{"start":{"line":14,"column":32},"end":{"line":14,"column":47}},"4":{"start":{"line":16,"column":31},"end":{"line":20,"column":3}},"5":{"start":{"line":17,"column":4},"end":{"line":17,"column":24}},"6":{"start":{"line":17,"column":17},"end":{"line":17,"column":24}},"7":{"start":{"line":18,"column":4},"end":{"line":18,"column":21}},"8":{"start":{"line":19,"column":4},"end":{"line":19,"column":17}},"9":{"start":{"line":22,"column":2},"end":{"line":28,"column":3}},"10":{"start":{"line":23,"column":4},"end":{"line":27,"column":6}},"11":{"start":{"line":30,"column":2},"end":{"line":49,"column":3}},"12":{"start":{"line":31,"column":4},"end":{"line":48,"column":6}},"13":{"start":{"line":51,"column":2},"end":{"line":93,"column":4}},"14":{"start":{"line":81,"column":29},"end":{"line":81,"column":46}},"15":{"start":{"line":96,"column":15},"end":{"line":194,"column":2}}},"fnMap":{"0":{"name":"(anonymous_0)","decl":{"start":{"line":11,"column":59},"end":{"line":11,"column":60}},"loc":{"start":{"line":11,"column":84},"end":{"line":94,"column":1}},"line":11},"1":{"name":"(anonymous_1)","decl":{"start":{"line":16,"column":31},"end":{"line":16,"column":32}},"loc":{"start":{"line":16,"column":63},"end":{"line":20,"column":3}},"line":16},"2":{"name":"(anonymous_2)","decl":{"start":{"line":81,"column":23},"end":{"line":81,"column":24}},"loc":{"start":{"line":81,"column":29},"end":{"line":81,"column":46}},"line":81}},"branchMap":{"0":{"loc":{"start":{"line":17,"column":4},"end":{"line":17,"column":24}},"type":"if","locations":[{"start":{"line":17,"column":4},"end":{"line":17,"column":24}},{"start":{},"end":{}}],"line":17},"1":{"loc":{"start":{"line":22,"column":2},"end":{"line":28,"column":3}},"type":"if","locations":[{"start":{"line":22,"column":2},"end":{"line":28,"column":3}},{"start":{},"end":{}}],"line":22},"2":{"loc":{"start":{"line":30,"column":2},"end":{"line":49,"column":3}},"type":"if","locations":[{"start":{"line":30,"column":2},"end":{"line":49,"column":3}},{"start":{},"end":{}}],"line":30},"3":{"loc":{"start":{"line":59,"column":26},"end":{"line":59,"column":68}},"type":"cond-expr","locations":[{"start":{"line":59,"column":36},"end":{"line":59,"column":45}},{"start":{"line":59,"column":48},"end":{"line":59,"column":68}}],"line":59},"4":{"loc":{"start":{"line":78,"column":11},"end":{"line":86,"column":11}},"type":"binary-expr","locations":[{"start":{"line":78,"column":11},"end":{"line":78,"column":18}},{"start":{"line":79,"column":12},"end":{"line":85,"column":21}}],"line":78}},"s":{"0":0,"1":0,"2":0,"3":0,"4":0,"5":0,"6":0,"7":0,"8":0,"9":0,"10":0,"11":0,"12":0,"13":0,"14":0,"15":0},"f":{"0":0,"1":0,"2":0},"b":{"0":[0,0],"1":[0,0],"2":[0,0],"3":[0,0],"4":[0,0]}}
,"/home/leonamduarte/coding/meuGastoAi/mobile/src/components/UpdateDialog.tsx": {"path":"/home/leonamduarte/coding/meuGastoAi/mobile/src/components/UpdateDialog.tsx","statementMap":{"0":{"start":{"line":12,"column":57},"end":{"line":99,"column":1}},"1":{"start":{"line":16,"column":23},"end":{"line":28,"column":3}},"2":{"start":{"line":17,"column":16},"end":{"line":17,"column":70}},"3":{"start":{"line":18,"column":4},"end":{"line":23,"column":5}},"4":{"start":{"line":19,"column":22},"end":{"line":19,"column":51}},"5":{"start":{"line":20,"column":6},"end":{"line":22,"column":7}},"6":{"start":{"line":21,"column":8},"end":{"line":21,"column":35}},"7":{"start":{"line":25,"column":4},"end":{"line":27,"column":5}},"8":{"start":{"line":26,"column":6},"end":{"line":26,"column":18}},"9":{"start":{"line":30,"column":24},"end":{"line":34,"column":3}},"10":{"start":{"line":31,"column":4},"end":{"line":33,"column":5}},"11":{"start":{"line":32,"column":6},"end":{"line":32,"column":18}},"12":{"start":{"line":36,"column":2},"end":{"line":98,"column":4}},"13":{"start":{"line":101,"column":15},"end":{"line":185,"column":2}}},"fnMap":{"0":{"name":"(anonymous_0)","decl":{"start":{"line":12,"column":57},"end":{"line":12,"column":58}},"loc":{"start":{"line":15,"column":6},"end":{"line":99,"column":1}},"line":15},"1":{"name":"(anonymous_1)","decl":{"start":{"line":16,"column":23},"end":{"line":16,"column":24}},"loc":{"start":{"line":16,"column":35},"end":{"line":28,"column":3}},"line":16},"2":{"name":"(anonymous_2)","decl":{"start":{"line":30,"column":24},"end":{"line":30,"column":25}},"loc":{"start":{"line":30,"column":30},"end":{"line":34,"column":3}},"line":30}},"branchMap":{"0":{"loc":{"start":{"line":17,"column":16},"end":{"line":17,"column":70}},"type":"binary-expr","locations":[{"start":{"line":17,"column":16},"end":{"line":17,"column":41}},{"start":{"line":17,"column":45},"end":{"line":17,"column":70}}],"line":17},"1":{"loc":{"start":{"line":18,"column":4},"end":{"line":23,"column":5}},"type":"if","locations":[{"start":{"line":18,"column":4},"end":{"line":23,"column":5}},{"start":{},"end":{}}],"line":18},"2":{"loc":{"start":{"line":20,"column":6},"end":{"line":22,"column":7}},"type":"if","locations":[{"start":{"line":20,"column":6},"end":{"line":22,"column":7}},{"start":{},"end":{}}],"line":20},"3":{"loc":{"start":{"line":25,"column":4},"end":{"line":27,"column":5}},"type":"if","locations":[{"start":{"line":25,"column":4},"end":{"line":27,"column":5}},{"start":{},"end":{}}],"line":25},"4":{"loc":{"start":{"line":31,"column":4},"end":{"line":33,"column":5}},"type":"if","locations":[{"start":{"line":31,"column":4},"end":{"line":33,"column":5}},{"start":{},"end":{}}],"line":31},"5":{"loc":{"start":{"line":47,"column":20},"end":{"line":47,"column":70}},"type":"cond-expr","locations":[{"start":{"line":47,"column":45},"end":{"line":47,"column":59}},{"start":{"line":47,"column":62},"end":{"line":47,"column":70}}],"line":47},"6":{"loc":{"start":{"line":49,"column":21},"end":{"line":49,"column":76}},"type":"cond-expr","locations":[{"start":{"line":49,"column":46},"end":{"line":49,"column":59}},{"start":{"line":49,"column":62},"end":{"line":49,"column":76}}],"line":49},"7":{"loc":{"start":{"line":54,"column":13},"end":{"line":54,"column":90}},"type":"cond-expr","locations":[{"start":{"line":54,"column":38},"end":{"line":54,"column":63}},{"start":{"line":54,"column":66},"end":{"line":54,"column":90}}],"line":54},"8":{"loc":{"start":{"line":61,"column":11},"end":{"line":68,"column":18}},"type":"cond-expr","locations":[{"start":{"line":62,"column":12},"end":{"line":67,"column":19}},{"start":{"line":68,"column":14},"end":{"line":68,"column":18}}],"line":61},"9":{"loc":{"start":{"line":71,"column":13},"end":{"line":78,"column":13}},"type":"binary-expr","locations":[{"start":{"line":71,"column":13},"end":{"line":71,"column":36}},{"start":{"line":72,"column":14},"end":{"line":77,"column":33}}],"line":71},"10":{"loc":{"start":{"line":85,"column":17},"end":{"line":85,"column":73}},"type":"cond-expr","locations":[{"start":{"line":85,"column":42},"end":{"line":85,"column":59}},{"start":{"line":85,"column":62},"end":{"line":85,"column":73}}],"line":85},"11":{"loc":{"start":{"line":90,"column":11},"end":{"line":94,"column":11}},"type":"binary-expr","locations":[{"start":{"line":90,"column":11},"end":{"line":90,"column":33}},{"start":{"line":91,"column":12},"end":{"line":93,"column":19}}],"line":90}},"s":{"0":0,"1":0,"2":0,"3":0,"4":0,"5":0,"6":0,"7":0,"8":0,"9":0,"10":0,"11":0,"12":0,"13":0},"f":{"0":0,"1":0,"2":0},"b":{"0":[0,0],"1":[0,0],"2":[0,0],"3":[0,0],"4":[0,0],"5":[0,0],"6":[0,0],"7":[0,0],"8":[0,0],"9":[0,0],"10":[0,0],"11":[0,0]}}
,"/home/leonamduarte/coding/meuGastoAi/mobile/src/components/index.ts": {"path":"/home/leonamduarte/coding/meuGastoAi/mobile/src/components/index.ts","statementMap":{},"fnMap":{},"branchMap":{},"s":{},"f":{},"b":{}}
,"/home/leonamduarte/coding/meuGastoAi/mobile/src/context/AuthContext.tsx": {"path":"/home/leonamduarte/coding/meuGastoAi/mobile/src/context/AuthContext.tsx","statementMap":{"0":{"start":{"line":8,"column":0},"end":{"line":8,"column":57}},"1":{"start":{"line":22,"column":20},"end":{"line":22,"column":73}},"2":{"start":{"line":28,"column":24},"end":{"line":28,"column":28}},"3":{"start":{"line":30,"column":57},"end":{"line":195,"column":1}},"4":{"start":{"line":31,"column":26},"end":{"line":31,"column":57}},"5":{"start":{"line":32,"column":36},"end":{"line":32,"column":50}},"6":{"start":{"line":33,"column":46},"end":{"line":33,"column":61}},"7":{"start":{"line":35,"column":2},"end":{"line":143,"column":9}},"8":{"start":{"line":36,"column":20},"end":{"line":36,"column":24}},"9":{"start":{"line":37,"column":19},"end":{"line":37,"column":24}},"10":{"start":{"line":38,"column":59},"end":{"line":38,"column":63}},"11":{"start":{"line":39,"column":37},"end":{"line":39,"column":42}},"12":{"start":{"line":40,"column":34},"end":{"line":40,"column":39}},"13":{"start":{"line":42,"column":20},"end":{"line":49,"column":5}},"14":{"start":{"line":43,"column":6},"end":{"line":43,"column":41}},"15":{"start":{"line":43,"column":34},"end":{"line":43,"column":41}},"16":{"start":{"line":44,"column":6},"end":{"line":44,"column":22}},"17":{"start":{"line":45,"column":6},"end":{"line":45,"column":24}},"18":{"start":{"line":46,"column":6},"end":{"line":46,"column":44}},"19":{"start":{"line":47,"column":6},"end":{"line":47,"column":26}},"20":{"start":{"line":48,"column":6},"end":{"line":48,"column":52}},"21":{"start":{"line":51,"column":22},"end":{"line":58,"column":23}},"22":{"start":{"line":52,"column":6},"end":{"line":54,"column":7}},"23":{"start":{"line":53,"column":8},"end":{"line":53,"column":64}},"24":{"start":{"line":55,"column":6},"end":{"line":57,"column":7}},"25":{"start":{"line":56,"column":8},"end":{"line":56,"column":84}},"26":{"start":{"line":60,"column":27},"end":{"line":69,"column":6}},"27":{"start":{"line":64,"column":21},"end":{"line":69,"column":5}},"28":{"start":{"line":71,"column":22},"end":{"line":117,"column":5}},"29":{"start":{"line":72,"column":31},"end":{"line":72,"column":36}},"30":{"start":{"line":74,"column":6},"end":{"line":82,"column":7}},"31":{"start":{"line":75,"column":26},"end":{"line":75,"column":74}},"32":{"start":{"line":76,"column":8},"end":{"line":76,"column":40}},"33":{"start":{"line":78,"column":8},"end":{"line":80,"column":9}},"34":{"start":{"line":79,"column":10},"end":{"line":79,"column":92}},"35":{"start":{"line":81,"column":8},"end":{"line":81,"column":34}},"36":{"start":{"line":84,"column":6},"end":{"line":84,"column":40}},"37":{"start":{"line":85,"column":6},"end":{"line":85,"column":51}},"38":{"start":{"line":87,"column":6},"end":{"line":93,"column":7}},"39":{"start":{"line":88,"column":8},"end":{"line":90,"column":9}},"40":{"start":{"line":89,"column":10},"end":{"line":89,"column":80}},"41":{"start":{"line":91,"column":8},"end":{"line":91,"column":42}},"42":{"start":{"line":92,"column":8},"end":{"line":92,"column":15}},"43":{"start":{"line":95,"column":6},"end":{"line":116,"column":7}},"44":{"start":{"line":96,"column":38},"end":{"line":96,"column":72}},"45":{"start":{"line":97,"column":8},"end":{"line":97,"column":49}},"46":{"start":{"line":99,"column":8},"end":{"line":110,"column":9}},"47":{"start":{"line":100,"column":10},"end":{"line":109,"column":11}},"48":{"start":{"line":101,"column":39},"end":{"line":101,"column":69}},"49":{"start":{"line":102,"column":12},"end":{"line":104,"column":13}},"50":{"start":{"line":103,"column":14},"end":{"line":103,"column":32}},"51":{"start":{"line":106,"column":12},"end":{"line":108,"column":13}},"52":{"start":{"line":107,"column":14},"end":{"line":107,"column":71}},"53":{"start":{"line":112,"column":8},"end":{"line":114,"column":9}},"54":{"start":{"line":113,"column":10},"end":{"line":113,"column":65}},"55":{"start":{"line":115,"column":8},"end":{"line":115,"column":42}},"56":{"start":{"line":119,"column":4},"end":{"line":134,"column":33}},"57":{"start":{"line":120,"column":6},"end":{"line":122,"column":7}},"58":{"start":{"line":121,"column":8},"end":{"line":121,"column":15}},"59":{"start":{"line":124,"column":6},"end":{"line":126,"column":7}},"60":{"start":{"line":125,"column":8},"end":{"line":125,"column":15}},"61":{"start":{"line":128,"column":6},"end":{"line":131,"column":7}},"62":{"start":{"line":129,"column":8},"end":{"line":129,"column":22}},"63":{"start":{"line":130,"column":8},"end":{"line":130,"column":15}},"64":{"start":{"line":133,"column":6},"end":{"line":133,"column":44}},"65":{"start":{"line":136,"column":4},"end":{"line":136,"column":21}},"66":{"start":{"line":138,"column":4},"end":{"line":142,"column":6}},"67":{"start":{"line":139,"column":6},"end":{"line":139,"column":24}},"68":{"start":{"line":140,"column":6},"end":{"line":140,"column":30}},"69":{"start":{"line":141,"column":6},"end":{"line":141,"column":34}},"70":{"start":{"line":145,"column":16},"end":{"line":148,"column":3}},"71":{"start":{"line":146,"column":21},"end":{"line":146,"column":65}},"72":{"start":{"line":147,"column":4},"end":{"line":147,"column":27}},"73":{"start":{"line":150,"column":19},"end":{"line":157,"column":3}},"74":{"start":{"line":151,"column":19},"end":{"line":151,"column":72}},"75":{"start":{"line":152,"column":4},"end":{"line":154,"column":5}},"76":{"start":{"line":153,"column":6},"end":{"line":153,"column":102}},"77":{"start":{"line":156,"column":4},"end":{"line":156,"column":33}},"78":{"start":{"line":159,"column":17},"end":{"line":165,"column":3}},"79":{"start":{"line":160,"column":4},"end":{"line":164,"column":5}},"80":{"start":{"line":161,"column":6},"end":{"line":161,"column":33}},"81":{"start":{"line":163,"column":6},"end":{"line":163,"column":20}},"82":{"start":{"line":167,"column":29},"end":{"line":172,"column":3}},"83":{"start":{"line":168,"column":20},"end":{"line":168,"column":64}},"84":{"start":{"line":169,"column":4},"end":{"line":171,"column":5}},"85":{"start":{"line":170,"column":6},"end":{"line":170,"column":31}},"86":{"start":{"line":174,"column":21},"end":{"line":176,"column":3}},"87":{"start":{"line":175,"column":4},"end":{"line":175,"column":25}},"88":{"start":{"line":178,"column":2},"end":{"line":194,"column":4}},"89":{"start":{"line":197,"column":23},"end":{"line":203,"column":1}},"90":{"start":{"line":198,"column":18},"end":{"line":198,"column":41}},"91":{"start":{"line":199,"column":2},"end":{"line":201,"column":3}},"92":{"start":{"line":200,"column":4},"end":{"line":200,"column":67}},"93":{"start":{"line":202,"column":2},"end":{"line":202,"column":17}}},"fnMap":{"0":{"name":"(anonymous_0)","decl":{"start":{"line":8,"column":47},"end":{"line":8,"column":48}},"loc":{"start":{"line":8,"column":53},"end":{"line":8,"column":55}},"line":8},"1":{"name":"(anonymous_1)","decl":{"start":{"line":30,"column":57},"end":{"line":30,"column":58}},"loc":{"start":{"line":30,"column":75},"end":{"line":195,"column":1}},"line":30},"2":{"name":"(anonymous_2)","decl":{"start":{"line":35,"column":12},"end":{"line":35,"column":13}},"loc":{"start":{"line":35,"column":18},"end":{"line":143,"column":3}},"line":35},"3":{"name":"(anonymous_3)","decl":{"start":{"line":42,"column":20},"end":{"line":42,"column":21}},"loc":{"start":{"line":42,"column":80},"end":{"line":49,"column":5}},"line":42},"4":{"name":"(anonymous_4)","decl":{"start":{"line":48,"column":42},"end":{"line":48,"column":43}},"loc":{"start":{"line":48,"column":48},"end":{"line":48,"column":50}},"line":48},"5":{"name":"(anonymous_5)","decl":{"start":{"line":51,"column":33},"end":{"line":51,"column":34}},"loc":{"start":{"line":51,"column":39},"end":{"line":58,"column":5}},"line":51},"6":{"name":"(anonymous_6)","decl":{"start":{"line":60,"column":27},"end":{"line":60,"column":28}},"loc":{"start":{"line":64,"column":21},"end":{"line":69,"column":5}},"line":64},"7":{"name":"(anonymous_7)","decl":{"start":{"line":71,"column":22},"end":{"line":71,"column":23}},"loc":{"start":{"line":71,"column":34},"end":{"line":117,"column":5}},"line":71},"8":{"name":"(anonymous_8)","decl":{"start":{"line":119,"column":52},"end":{"line":119,"column":53}},"loc":{"start":{"line":119,"column":73},"end":{"line":134,"column":5}},"line":119},"9":{"name":"(anonymous_9)","decl":{"start":{"line":138,"column":11},"end":{"line":138,"column":12}},"loc":{"start":{"line":138,"column":17},"end":{"line":142,"column":5}},"line":138},"10":{"name":"(anonymous_10)","decl":{"start":{"line":145,"column":16},"end":{"line":145,"column":17}},"loc":{"start":{"line":145,"column":59},"end":{"line":148,"column":3}},"line":145},"11":{"name":"(anonymous_11)","decl":{"start":{"line":150,"column":19},"end":{"line":150,"column":20}},"loc":{"start":{"line":150,"column":76},"end":{"line":157,"column":3}},"line":150},"12":{"name":"(anonymous_12)","decl":{"start":{"line":159,"column":17},"end":{"line":159,"column":18}},"loc":{"start":{"line":159,"column":29},"end":{"line":165,"column":3}},"line":159},"13":{"name":"(anonymous_13)","decl":{"start":{"line":167,"column":29},"end":{"line":167,"column":30}},"loc":{"start":{"line":167,"column":41},"end":{"line":172,"column":3}},"line":167},"14":{"name":"(anonymous_14)","decl":{"start":{"line":174,"column":21},"end":{"line":174,"column":22}},"loc":{"start":{"line":174,"column":48},"end":{"line":176,"column":3}},"line":174},"15":{"name":"(anonymous_15)","decl":{"start":{"line":197,"column":23},"end":{"line":197,"column":24}},"loc":{"start":{"line":197,"column":46},"end":{"line":203,"column":1}},"line":197}},"branchMap":{"0":{"loc":{"start":{"line":43,"column":6},"end":{"line":43,"column":41}},"type":"if","locations":[{"start":{"line":43,"column":6},"end":{"line":43,"column":41}},{"start":{},"end":{}}],"line":43},"1":{"loc":{"start":{"line":43,"column":10},"end":{"line":43,"column":32}},"type":"binary-expr","locations":[{"start":{"line":43,"column":10},"end":{"line":43,"column":18}},{"start":{"line":43,"column":22},"end":{"line":43,"column":32}}],"line":43},"2":{"loc":{"start":{"line":52,"column":6},"end":{"line":54,"column":7}},"type":"if","locations":[{"start":{"line":52,"column":6},"end":{"line":54,"column":7}},{"start":{},"end":{}}],"line":52},"3":{"loc":{"start":{"line":55,"column":6},"end":{"line":57,"column":7}},"type":"if","locations":[{"start":{"line":55,"column":6},"end":{"line":57,"column":7}},{"start":{},"end":{}}],"line":55},"4":{"loc":{"start":{"line":56,"column":22},"end":{"line":56,"column":82}},"type":"cond-expr","locations":[{"start":{"line":56,"column":51},"end":{"line":56,"column":74}},{"start":{"line":56,"column":77},"end":{"line":56,"column":82}}],"line":56},"5":{"loc":{"start":{"line":66,"column":13},"end":{"line":66,"column":36}},"type":"binary-expr","locations":[{"start":{"line":66,"column":13},"end":{"line":66,"column":30}},{"start":{"line":66,"column":34},"end":{"line":66,"column":36}}],"line":66},"6":{"loc":{"start":{"line":67,"column":12},"end":{"line":67,"column":85}},"type":"binary-expr","locations":[{"start":{"line":67,"column":12},"end":{"line":67,"column":43}},{"start":{"line":67,"column":47},"end":{"line":67,"column":79}},{"start":{"line":67,"column":83},"end":{"line":67,"column":85}}],"line":67},"7":{"loc":{"start":{"line":78,"column":8},"end":{"line":80,"column":9}},"type":"if","locations":[{"start":{"line":78,"column":8},"end":{"line":80,"column":9}},{"start":{},"end":{}}],"line":78},"8":{"loc":{"start":{"line":87,"column":6},"end":{"line":93,"column":7}},"type":"if","locations":[{"start":{"line":87,"column":6},"end":{"line":93,"column":7}},{"start":{},"end":{}}],"line":87},"9":{"loc":{"start":{"line":87,"column":10},"end":{"line":87,"column":46}},"type":"binary-expr","locations":[{"start":{"line":87,"column":10},"end":{"line":87,"column":19}},{"start":{"line":87,"column":23},"end":{"line":87,"column":46}}],"line":87},"10":{"loc":{"start":{"line":88,"column":8},"end":{"line":90,"column":9}},"type":"if","locations":[{"start":{"line":88,"column":8},"end":{"line":90,"column":9}},{"start":{},"end":{}}],"line":88},"11":{"loc":{"start":{"line":99,"column":8},"end":{"line":110,"column":9}},"type":"if","locations":[{"start":{"line":99,"column":8},"end":{"line":110,"column":9}},{"start":{},"end":{}}],"line":99},"12":{"loc":{"start":{"line":102,"column":12},"end":{"line":104,"column":13}},"type":"if","locations":[{"start":{"line":102,"column":12},"end":{"line":104,"column":13}},{"start":{},"end":{}}],"line":102},"13":{"loc":{"start":{"line":102,"column":16},"end":{"line":102,"column":37}},"type":"binary-expr","locations":[{"start":{"line":102,"column":16},"end":{"line":102,"column":25}},{"start":{"line":102,"column":29},"end":{"line":102,"column":37}}],"line":102},"14":{"loc":{"start":{"line":106,"column":12},"end":{"line":108,"column":13}},"type":"if","locations":[{"start":{"line":106,"column":12},"end":{"line":108,"column":13}},{"start":{},"end":{}}],"line":106},"15":{"loc":{"start":{"line":112,"column":8},"end":{"line":114,"column":9}},"type":"if","locations":[{"start":{"line":112,"column":8},"end":{"line":114,"column":9}},{"start":{},"end":{}}],"line":112},"16":{"loc":{"start":{"line":119,"column":19},"end":{"line":134,"column":32}},"type":"binary-expr","locations":[{"start":{"line":119,"column":19},"end":{"line":134,"column":24}},{"start":{"line":134,"column":28},"end":{"line":134,"column":32}}],"line":119},"17":{"loc":{"start":{"line":120,"column":6},"end":{"line":122,"column":7}},"type":"if","locations":[{"start":{"line":120,"column":6},"end":{"line":122,"column":7}},{"start":{},"end":{}}],"line":120},"18":{"loc":{"start":{"line":124,"column":6},"end":{"line":126,"column":7}},"type":"if","locations":[{"start":{"line":124,"column":6},"end":{"line":126,"column":7}},{"start":{},"end":{}}],"line":124},"19":{"loc":{"start":{"line":128,"column":6},"end":{"line":131,"column":7}},"type":"if","locations":[{"start":{"line":128,"column":6},"end":{"line":131,"column":7}},{"start":{},"end":{}}],"line":128},"20":{"loc":{"start":{"line":152,"column":4},"end":{"line":154,"column":5}},"type":"if","locations":[{"start":{"line":152,"column":4},"end":{"line":154,"column":5}},{"start":{},"end":{}}],"line":152},"21":{"loc":{"start":{"line":169,"column":4},"end":{"line":171,"column":5}},"type":"if","locations":[{"start":{"line":169,"column":4},"end":{"line":171,"column":5}},{"start":{},"end":{}}],"line":169},"22":{"loc":{"start":{"line":199,"column":2},"end":{"line":201,"column":3}},"type":"if","locations":[{"start":{"line":199,"column":2},"end":{"line":201,"column":3}},{"start":{},"end":{}}],"line":199}},"s":{"0":1,"1":1,"2":1,"3":1,"4":11,"5":11,"6":11,"7":11,"8":5,"9":5,"10":5,"11":5,"12":5,"13":5,"14":5,"15":0,"16":5,"17":5,"18":5,"19":5,"20":5,"21":5,"22":1,"23":1,"24":1,"25":1,"26":5,"27":0,"28":5,"29":5,"30":5,"31":5,"32":4,"33":1,"34":1,"35":1,"36":5,"37":5,"38":5,"39":0,"40":0,"41":0,"42":0,"43":5,"44":5,"45":4,"46":4,"47":0,"48":0,"49":0,"50":0,"51":0,"52":0,"53":0,"54":0,"55":0,"56":5,"57":0,"58":0,"59":0,"60":0,"61":0,"62":0,"63":0,"64":0,"65":5,"66":5,"67":5,"68":5,"69":5,"70":11,"71":0,"72":0,"73":11,"74":0,"75":0,"76":0,"77":0,"78":11,"79":0,"80":0,"81":0,"82":11,"83":1,"84":1,"85":1,"86":11,"87":0,"88":11,"89":1,"90":11,"91":11,"92":0,"93":11},"f":{"0":0,"1":11,"2":5,"3":5,"4":0,"5":1,"6":0,"7":5,"8":0,"9":5,"10":0,"11":0,"12":0,"13":1,"14":0,"15":11},"b":{"0":[0,5],"1":[5,5],"2":[1,0],"3":[1,0],"4":[1,0],"5":[0,0],"6":[0,0,0],"7":[1,0],"8":[0,5],"9":[5,5],"10":[0,0],"11":[0,4],"12":[0,0],"13":[0,0],"14":[0,0],"15":[0,0],"16":[5,0],"17":[0,0],"18":[0,0],"19":[0,0],"20":[0,0],"21":[1,0],"22":[0,11]},"_coverageSchema":"1a1c01bbd47fc00a2c39e90264f33305004495a9","hash":"1c56706f1bba5023f3fe3c7e096a2c958f2e20e5"}
,"/home/leonamduarte/coding/meuGastoAi/mobile/src/context/DraftContext.tsx": {"path":"/home/leonamduarte/coding/meuGastoAi/mobile/src/context/DraftContext.tsx","statementMap":{"0":{"start":{"line":21,"column":21},"end":{"line":21,"column":75}},"1":{"start":{"line":27,"column":59},"end":{"line":127,"column":1}},"2":{"start":{"line":28,"column":30},"end":{"line":28,"column":51}},"3":{"start":{"line":29,"column":36},"end":{"line":29,"column":51}},"4":{"start":{"line":30,"column":44},"end":{"line":30,"column":59}},"5":{"start":{"line":31,"column":32},"end":{"line":31,"column":46}},"6":{"start":{"line":32,"column":28},"end":{"line":32,"column":57}},"7":{"start":{"line":33,"column":26},"end":{"line":33,"column":76}},"8":{"start":{"line":35,"column":22},"end":{"line":70,"column":8}},"9":{"start":{"line":36,"column":23},"end":{"line":36,"column":46}},"10":{"start":{"line":38,"column":4},"end":{"line":42,"column":5}},"11":{"start":{"line":39,"column":6},"end":{"line":39,"column":29}},"12":{"start":{"line":41,"column":6},"end":{"line":41,"column":25}},"13":{"start":{"line":44,"column":4},"end":{"line":44,"column":19}},"14":{"start":{"line":46,"column":4},"end":{"line":69,"column":5}},"15":{"start":{"line":47,"column":23},"end":{"line":47,"column":59}},"16":{"start":{"line":49,"column":6},"end":{"line":56,"column":9}},"17":{"start":{"line":50,"column":8},"end":{"line":52,"column":9}},"18":{"start":{"line":51,"column":10},"end":{"line":51,"column":31}},"19":{"start":{"line":54,"column":23},"end":{"line":54,"column":50}},"20":{"start":{"line":55,"column":8},"end":{"line":55,"column":107}},"21":{"start":{"line":55,"column":54},"end":{"line":55,"column":105}},"22":{"start":{"line":55,"column":77},"end":{"line":55,"column":94}},"23":{"start":{"line":58,"column":6},"end":{"line":58,"column":29}},"24":{"start":{"line":59,"column":6},"end":{"line":59,"column":38}},"25":{"start":{"line":61,"column":22},"end":{"line":61,"column":87}},"26":{"start":{"line":62,"column":6},"end":{"line":62,"column":24}},"27":{"start":{"line":64,"column":6},"end":{"line":68,"column":7}},"28":{"start":{"line":65,"column":8},"end":{"line":65,"column":32}},"29":{"start":{"line":67,"column":8},"end":{"line":67,"column":28}},"30":{"start":{"line":72,"column":25},"end":{"line":78,"column":43}},"31":{"start":{"line":73,"column":4},"end":{"line":75,"column":5}},"32":{"start":{"line":74,"column":6},"end":{"line":74,"column":13}},"33":{"start":{"line":77,"column":4},"end":{"line":77,"column":30}},"34":{"start":{"line":80,"column":19},"end":{"line":82,"column":8}},"35":{"start":{"line":81,"column":4},"end":{"line":81,"column":41}},"36":{"start":{"line":84,"column":22},"end":{"line":88,"column":19}},"37":{"start":{"line":85,"column":18},"end":{"line":85,"column":54}},"38":{"start":{"line":86,"column":4},"end":{"line":86,"column":24}},"39":{"start":{"line":87,"column":4},"end":{"line":87,"column":17}},"40":{"start":{"line":90,"column":22},"end":{"line":94,"column":19}},"41":{"start":{"line":91,"column":18},"end":{"line":91,"column":58}},"42":{"start":{"line":92,"column":4},"end":{"line":92,"column":24}},"43":{"start":{"line":93,"column":4},"end":{"line":93,"column":17}},"44":{"start":{"line":96,"column":22},"end":{"line":99,"column":19}},"45":{"start":{"line":97,"column":4},"end":{"line":97,"column":39}},"46":{"start":{"line":98,"column":4},"end":{"line":98,"column":24}},"47":{"start":{"line":101,"column":28},"end":{"line":104,"column":19}},"48":{"start":{"line":102,"column":4},"end":{"line":102,"column":50}},"49":{"start":{"line":103,"column":4},"end":{"line":103,"column":24}},"50":{"start":{"line":106,"column":2},"end":{"line":126,"column":4}},"51":{"start":{"line":129,"column":25},"end":{"line":135,"column":1}},"52":{"start":{"line":130,"column":18},"end":{"line":130,"column":42}},"53":{"start":{"line":131,"column":2},"end":{"line":133,"column":3}},"54":{"start":{"line":132,"column":4},"end":{"line":132,"column":69}},"55":{"start":{"line":134,"column":2},"end":{"line":134,"column":17}}},"fnMap":{"0":{"name":"(anonymous_0)","decl":{"start":{"line":27,"column":59},"end":{"line":27,"column":60}},"loc":{"start":{"line":27,"column":77},"end":{"line":127,"column":1}},"line":27},"1":{"name":"(anonymous_1)","decl":{"start":{"line":35,"column":34},"end":{"line":35,"column":35}},"loc":{"start":{"line":35,"column":66},"end":{"line":70,"column":3}},"line":35},"2":{"name":"(anonymous_2)","decl":{"start":{"line":49,"column":16},"end":{"line":49,"column":17}},"loc":{"start":{"line":49,"column":26},"end":{"line":56,"column":7}},"line":49},"3":{"name":"(anonymous_3)","decl":{"start":{"line":55,"column":29},"end":{"line":55,"column":30}},"loc":{"start":{"line":55,"column":54},"end":{"line":55,"column":105}},"line":55},"4":{"name":"(anonymous_4)","decl":{"start":{"line":55,"column":70},"end":{"line":55,"column":71}},"loc":{"start":{"line":55,"column":77},"end":{"line":55,"column":94}},"line":55},"5":{"name":"(anonymous_5)","decl":{"start":{"line":72,"column":37},"end":{"line":72,"column":38}},"loc":{"start":{"line":72,"column":69},"end":{"line":78,"column":3}},"line":72},"6":{"name":"(anonymous_6)","decl":{"start":{"line":80,"column":31},"end":{"line":80,"column":32}},"loc":{"start":{"line":80,"column":69},"end":{"line":82,"column":3}},"line":80},"7":{"name":"(anonymous_7)","decl":{"start":{"line":84,"column":34},"end":{"line":84,"column":35}},"loc":{"start":{"line":84,"column":86},"end":{"line":88,"column":3}},"line":84},"8":{"name":"(anonymous_8)","decl":{"start":{"line":90,"column":34},"end":{"line":90,"column":35}},"loc":{"start":{"line":90,"column":98},"end":{"line":94,"column":3}},"line":90},"9":{"name":"(anonymous_9)","decl":{"start":{"line":96,"column":34},"end":{"line":96,"column":35}},"loc":{"start":{"line":96,"column":71},"end":{"line":99,"column":3}},"line":96},"10":{"name":"(anonymous_10)","decl":{"start":{"line":101,"column":40},"end":{"line":101,"column":41}},"loc":{"start":{"line":101,"column":77},"end":{"line":104,"column":3}},"line":101},"11":{"name":"(anonymous_11)","decl":{"start":{"line":129,"column":25},"end":{"line":129,"column":26}},"loc":{"start":{"line":129,"column":49},"end":{"line":135,"column":1}},"line":129}},"branchMap":{"0":{"loc":{"start":{"line":36,"column":24},"end":{"line":36,"column":41}},"type":"binary-expr","locations":[{"start":{"line":36,"column":24},"end":{"line":36,"column":36}},{"start":{"line":36,"column":40},"end":{"line":36,"column":41}}],"line":36},"1":{"loc":{"start":{"line":38,"column":4},"end":{"line":42,"column":5}},"type":"if","locations":[{"start":{"line":38,"column":4},"end":{"line":42,"column":5}},{"start":{"line":40,"column":11},"end":{"line":42,"column":5}}],"line":38},"2":{"loc":{"start":{"line":50,"column":8},"end":{"line":52,"column":9}},"type":"if","locations":[{"start":{"line":50,"column":8},"end":{"line":52,"column":9}},{"start":{},"end":{}}],"line":50},"3":{"loc":{"start":{"line":61,"column":22},"end":{"line":61,"column":87}},"type":"cond-expr","locations":[{"start":{"line":61,"column":45},"end":{"line":61,"column":56}},{"start":{"line":61,"column":59},"end":{"line":61,"column":87}}],"line":61},"4":{"loc":{"start":{"line":64,"column":6},"end":{"line":68,"column":7}},"type":"if","locations":[{"start":{"line":64,"column":6},"end":{"line":68,"column":7}},{"start":{"line":66,"column":13},"end":{"line":68,"column":7}}],"line":64},"5":{"loc":{"start":{"line":73,"column":4},"end":{"line":75,"column":5}},"type":"if","locations":[{"start":{"line":73,"column":4},"end":{"line":75,"column":5}},{"start":{},"end":{}}],"line":73},"6":{"loc":{"start":{"line":73,"column":8},"end":{"line":73,"column":33}},"type":"binary-expr","locations":[{"start":{"line":73,"column":8},"end":{"line":73,"column":21}},{"start":{"line":73,"column":25},"end":{"line":73,"column":33}}],"line":73},"7":{"loc":{"start":{"line":131,"column":2},"end":{"line":133,"column":3}},"type":"if","locations":[{"start":{"line":131,"column":2},"end":{"line":133,"column":3}},{"start":{},"end":{}}],"line":131}},"s":{"0":1,"1":1,"2":4,"3":4,"4":4,"5":4,"6":4,"7":4,"8":4,"9":2,"10":2,"11":0,"12":2,"13":2,"14":2,"15":2,"16":2,"17":2,"18":2,"19":0,"20":0,"21":0,"22":0,"23":2,"24":2,"25":0,"26":0,"27":2,"28":0,"29":2,"30":4,"31":0,"32":0,"33":0,"34":4,"35":0,"36":4,"37":0,"38":0,"39":0,"40":4,"41":0,"42":0,"43":0,"44":4,"45":0,"46":0,"47":4,"48":1,"49":1,"50":4,"51":1,"52":4,"53":4,"54":0,"55":4},"f":{"0":4,"1":2,"2":2,"3":0,"4":0,"5":0,"6":0,"7":0,"8":0,"9":0,"10":1,"11":4},"b":{"0":[2,1],"1":[0,2],"2":[2,0],"3":[0,0],"4":[0,2],"5":[0,0],"6":[0,0],"7":[0,4]},"_coverageSchema":"1a1c01bbd47fc00a2c39e90264f33305004495a9","hash":"c074148afbfdcbf45babaa92ed3dc30a4cb75f66"}
,"/home/leonamduarte/coding/meuGastoAi/mobile/src/context/PurchaseContext.tsx": {"path":"/home/leonamduarte/coding/meuGastoAi/mobile/src/context/PurchaseContext.tsx","statementMap":{"0":{"start":{"line":19,"column":24},"end":{"line":19,"column":81}},"1":{"start":{"line":25,"column":65},"end":{"line":115,"column":1}},"2":{"start":{"line":26,"column":36},"end":{"line":26,"column":60}},"3":{"start":{"line":27,"column":36},"end":{"line":27,"column":51}},"4":{"start":{"line":28,"column":44},"end":{"line":28,"column":59}},"5":{"start":{"line":29,"column":32},"end":{"line":29,"column":46}},"6":{"start":{"line":30,"column":28},"end":{"line":30,"column":57}},"7":{"start":{"line":31,"column":26},"end":{"line":31,"column":79}},"8":{"start":{"line":33,"column":25},"end":{"line":68,"column":8}},"9":{"start":{"line":34,"column":23},"end":{"line":34,"column":46}},"10":{"start":{"line":36,"column":4},"end":{"line":40,"column":5}},"11":{"start":{"line":37,"column":6},"end":{"line":37,"column":29}},"12":{"start":{"line":39,"column":6},"end":{"line":39,"column":25}},"13":{"start":{"line":42,"column":4},"end":{"line":42,"column":19}},"14":{"start":{"line":44,"column":4},"end":{"line":67,"column":5}},"15":{"start":{"line":45,"column":23},"end":{"line":45,"column":65}},"16":{"start":{"line":47,"column":6},"end":{"line":54,"column":9}},"17":{"start":{"line":48,"column":8},"end":{"line":50,"column":9}},"18":{"start":{"line":49,"column":10},"end":{"line":49,"column":31}},"19":{"start":{"line":52,"column":23},"end":{"line":52,"column":50}},"20":{"start":{"line":53,"column":8},"end":{"line":53,"column":113}},"21":{"start":{"line":53,"column":57},"end":{"line":53,"column":111}},"22":{"start":{"line":53,"column":80},"end":{"line":53,"column":100}},"23":{"start":{"line":56,"column":6},"end":{"line":56,"column":29}},"24":{"start":{"line":57,"column":6},"end":{"line":57,"column":38}},"25":{"start":{"line":59,"column":22},"end":{"line":59,"column":85}},"26":{"start":{"line":60,"column":6},"end":{"line":60,"column":24}},"27":{"start":{"line":62,"column":6},"end":{"line":66,"column":7}},"28":{"start":{"line":63,"column":8},"end":{"line":63,"column":32}},"29":{"start":{"line":65,"column":8},"end":{"line":65,"column":28}},"30":{"start":{"line":70,"column":28},"end":{"line":76,"column":46}},"31":{"start":{"line":71,"column":4},"end":{"line":73,"column":5}},"32":{"start":{"line":72,"column":6},"end":{"line":72,"column":13}},"33":{"start":{"line":75,"column":4},"end":{"line":75,"column":33}},"34":{"start":{"line":78,"column":22},"end":{"line":80,"column":8}},"35":{"start":{"line":79,"column":4},"end":{"line":79,"column":47}},"36":{"start":{"line":82,"column":25},"end":{"line":89,"column":22}},"37":{"start":{"line":86,"column":21},"end":{"line":86,"column":67}},"38":{"start":{"line":87,"column":4},"end":{"line":87,"column":27}},"39":{"start":{"line":88,"column":4},"end":{"line":88,"column":20}},"40":{"start":{"line":91,"column":25},"end":{"line":94,"column":22}},"41":{"start":{"line":92,"column":4},"end":{"line":92,"column":45}},"42":{"start":{"line":93,"column":4},"end":{"line":93,"column":27}},"43":{"start":{"line":96,"column":2},"end":{"line":114,"column":4}},"44":{"start":{"line":117,"column":28},"end":{"line":123,"column":1}},"45":{"start":{"line":118,"column":18},"end":{"line":118,"column":45}},"46":{"start":{"line":119,"column":2},"end":{"line":121,"column":3}},"47":{"start":{"line":120,"column":4},"end":{"line":120,"column":75}},"48":{"start":{"line":122,"column":2},"end":{"line":122,"column":17}}},"fnMap":{"0":{"name":"(anonymous_0)","decl":{"start":{"line":25,"column":65},"end":{"line":25,"column":66}},"loc":{"start":{"line":25,"column":83},"end":{"line":115,"column":1}},"line":25},"1":{"name":"(anonymous_1)","decl":{"start":{"line":33,"column":37},"end":{"line":33,"column":38}},"loc":{"start":{"line":33,"column":72},"end":{"line":68,"column":3}},"line":33},"2":{"name":"(anonymous_2)","decl":{"start":{"line":47,"column":19},"end":{"line":47,"column":20}},"loc":{"start":{"line":47,"column":29},"end":{"line":54,"column":7}},"line":47},"3":{"name":"(anonymous_3)","decl":{"start":{"line":53,"column":29},"end":{"line":53,"column":30}},"loc":{"start":{"line":53,"column":57},"end":{"line":53,"column":111}},"line":53},"4":{"name":"(anonymous_4)","decl":{"start":{"line":53,"column":73},"end":{"line":53,"column":74}},"loc":{"start":{"line":53,"column":80},"end":{"line":53,"column":100}},"line":53},"5":{"name":"(anonymous_5)","decl":{"start":{"line":70,"column":40},"end":{"line":70,"column":41}},"loc":{"start":{"line":70,"column":75},"end":{"line":76,"column":3}},"line":70},"6":{"name":"(anonymous_6)","decl":{"start":{"line":78,"column":34},"end":{"line":78,"column":35}},"loc":{"start":{"line":78,"column":75},"end":{"line":80,"column":3}},"line":78},"7":{"name":"(anonymous_7)","decl":{"start":{"line":82,"column":37},"end":{"line":82,"column":38}},"loc":{"start":{"line":85,"column":26},"end":{"line":89,"column":3}},"line":85},"8":{"name":"(anonymous_8)","decl":{"start":{"line":91,"column":37},"end":{"line":91,"column":38}},"loc":{"start":{"line":91,"column":74},"end":{"line":94,"column":3}},"line":91},"9":{"name":"(anonymous_9)","decl":{"start":{"line":117,"column":28},"end":{"line":117,"column":29}},"loc":{"start":{"line":117,"column":55},"end":{"line":123,"column":1}},"line":117}},"branchMap":{"0":{"loc":{"start":{"line":34,"column":24},"end":{"line":34,"column":41}},"type":"binary-expr","locations":[{"start":{"line":34,"column":24},"end":{"line":34,"column":36}},{"start":{"line":34,"column":40},"end":{"line":34,"column":41}}],"line":34},"1":{"loc":{"start":{"line":36,"column":4},"end":{"line":40,"column":5}},"type":"if","locations":[{"start":{"line":36,"column":4},"end":{"line":40,"column":5}},{"start":{"line":38,"column":11},"end":{"line":40,"column":5}}],"line":36},"2":{"loc":{"start":{"line":48,"column":8},"end":{"line":50,"column":9}},"type":"if","locations":[{"start":{"line":48,"column":8},"end":{"line":50,"column":9}},{"start":{},"end":{}}],"line":48},"3":{"loc":{"start":{"line":59,"column":22},"end":{"line":59,"column":85}},"type":"cond-expr","locations":[{"start":{"line":59,"column":45},"end":{"line":59,"column":56}},{"start":{"line":59,"column":59},"end":{"line":59,"column":85}}],"line":59},"4":{"loc":{"start":{"line":62,"column":6},"end":{"line":66,"column":7}},"type":"if","locations":[{"start":{"line":62,"column":6},"end":{"line":66,"column":7}},{"start":{"line":64,"column":13},"end":{"line":66,"column":7}}],"line":62},"5":{"loc":{"start":{"line":71,"column":4},"end":{"line":73,"column":5}},"type":"if","locations":[{"start":{"line":71,"column":4},"end":{"line":73,"column":5}},{"start":{},"end":{}}],"line":71},"6":{"loc":{"start":{"line":71,"column":8},"end":{"line":71,"column":33}},"type":"binary-expr","locations":[{"start":{"line":71,"column":8},"end":{"line":71,"column":21}},{"start":{"line":71,"column":25},"end":{"line":71,"column":33}}],"line":71},"7":{"loc":{"start":{"line":119,"column":2},"end":{"line":121,"column":3}},"type":"if","locations":[{"start":{"line":119,"column":2},"end":{"line":121,"column":3}},{"start":{},"end":{}}],"line":119}},"s":{"0":1,"1":1,"2":4,"3":4,"4":4,"5":4,"6":4,"7":4,"8":4,"9":2,"10":2,"11":0,"12":2,"13":2,"14":2,"15":2,"16":1,"17":1,"18":1,"19":0,"20":0,"21":0,"22":0,"23":1,"24":1,"25":1,"26":1,"27":2,"28":0,"29":2,"30":4,"31":0,"32":0,"33":0,"34":4,"35":0,"36":4,"37":0,"38":0,"39":0,"40":4,"41":0,"42":0,"43":4,"44":1,"45":4,"46":4,"47":0,"48":4},"f":{"0":4,"1":2,"2":1,"3":0,"4":0,"5":0,"6":0,"7":0,"8":0,"9":4},"b":{"0":[2,0],"1":[0,2],"2":[1,0],"3":[1,0],"4":[0,2],"5":[0,0],"6":[0,0],"7":[0,4]},"_coverageSchema":"1a1c01bbd47fc00a2c39e90264f33305004495a9","hash":"7d5717d81d34937c8ff691c168c217cde3813e5d"}
,"/home/leonamduarte/coding/meuGastoAi/mobile/src/context/index.ts": {"path":"/home/leonamduarte/coding/meuGastoAi/mobile/src/context/index.ts","statementMap":{},"fnMap":{},"branchMap":{},"s":{},"f":{},"b":{}}
,"/home/leonamduarte/coding/meuGastoAi/mobile/src/hooks/index.ts": {"path":"/home/leonamduarte/coding/meuGastoAi/mobile/src/hooks/index.ts","statementMap":{},"fnMap":{},"branchMap":{},"s":{},"f":{},"b":{}}
,"/home/leonamduarte/coding/meuGastoAi/mobile/src/hooks/useDashboard.ts": {"path":"/home/leonamduarte/coding/meuGastoAi/mobile/src/hooks/useDashboard.ts","statementMap":{"0":{"start":{"line":21,"column":28},"end":{"line":90,"column":1}},"1":{"start":{"line":22,"column":36},"end":{"line":22,"column":50}},"2":{"start":{"line":23,"column":28},"end":{"line":23,"column":57}},"3":{"start":{"line":24,"column":28},"end":{"line":24,"column":65}},"4":{"start":{"line":25,"column":34},"end":{"line":25,"column":104}},"5":{"start":{"line":26,"column":48},"end":{"line":26,"column":107}},"6":{"start":{"line":27,"column":44},"end":{"line":27,"column":97}},"7":{"start":{"line":28,"column":68},"end":{"line":28,"column":121}},"8":{"start":{"line":29,"column":44},"end":{"line":29,"column":79}},"9":{"start":{"line":30,"column":42},"end":{"line":30,"column":76}},"10":{"start":{"line":32,"column":24},"end":{"line":37,"column":8}},"11":{"start":{"line":33,"column":22},"end":{"line":33,"column":68}},"12":{"start":{"line":34,"column":20},"end":{"line":34,"column":54}},"13":{"start":{"line":35,"column":20},"end":{"line":35,"column":99}},"14":{"start":{"line":36,"column":4},"end":{"line":36,"column":34}},"15":{"start":{"line":39,"column":24},"end":{"line":65,"column":50}},"16":{"start":{"line":40,"column":4},"end":{"line":40,"column":23}},"17":{"start":{"line":41,"column":4},"end":{"line":41,"column":19}},"18":{"start":{"line":42,"column":35},"end":{"line":42,"column":77}},"19":{"start":{"line":44,"column":4},"end":{"line":64,"column":5}},"20":{"start":{"line":45,"column":88},"end":{"line":53,"column":8}},"21":{"start":{"line":54,"column":6},"end":{"line":54,"column":26}},"22":{"start":{"line":55,"column":6},"end":{"line":55,"column":29}},"23":{"start":{"line":56,"column":6},"end":{"line":56,"column":38}},"24":{"start":{"line":57,"column":6},"end":{"line":57,"column":36}},"25":{"start":{"line":58,"column":6},"end":{"line":58,"column":60}},"26":{"start":{"line":60,"column":22},"end":{"line":60,"column":87}},"27":{"start":{"line":61,"column":6},"end":{"line":61,"column":24}},"28":{"start":{"line":63,"column":6},"end":{"line":63,"column":26}},"29":{"start":{"line":67,"column":18},"end":{"line":69,"column":21}},"30":{"start":{"line":68,"column":4},"end":{"line":68,"column":26}},"31":{"start":{"line":71,"column":2},"end":{"line":73,"column":22}},"32":{"start":{"line":72,"column":4},"end":{"line":72,"column":20}},"33":{"start":{"line":75,"column":2},"end":{"line":89,"column":4}}},"fnMap":{"0":{"name":"(anonymous_0)","decl":{"start":{"line":21,"column":28},"end":{"line":21,"column":29}},"loc":{"start":{"line":21,"column":54},"end":{"line":90,"column":1}},"line":21},"1":{"name":"(anonymous_1)","decl":{"start":{"line":32,"column":36},"end":{"line":32,"column":37}},"loc":{"start":{"line":32,"column":69},"end":{"line":37,"column":3}},"line":32},"2":{"name":"(anonymous_2)","decl":{"start":{"line":39,"column":36},"end":{"line":39,"column":37}},"loc":{"start":{"line":39,"column":48},"end":{"line":65,"column":3}},"line":39},"3":{"name":"(anonymous_3)","decl":{"start":{"line":67,"column":30},"end":{"line":67,"column":31}},"loc":{"start":{"line":67,"column":42},"end":{"line":69,"column":3}},"line":67},"4":{"name":"(anonymous_4)","decl":{"start":{"line":71,"column":12},"end":{"line":71,"column":13}},"loc":{"start":{"line":71,"column":18},"end":{"line":73,"column":3}},"line":71}},"branchMap":{"0":{"loc":{"start":{"line":50,"column":8},"end":{"line":52,"column":74}},"type":"cond-expr","locations":[{"start":{"line":51,"column":12},"end":{"line":51,"column":62}},{"start":{"line":52,"column":12},"end":{"line":52,"column":74}}],"line":50},"1":{"loc":{"start":{"line":60,"column":22},"end":{"line":60,"column":87}},"type":"cond-expr","locations":[{"start":{"line":60,"column":45},"end":{"line":60,"column":56}},{"start":{"line":60,"column":59},"end":{"line":60,"column":87}}],"line":60}},"s":{"0":1,"1":10,"2":10,"3":10,"4":10,"5":10,"6":10,"7":10,"8":10,"9":10,"10":10,"11":5,"12":5,"13":5,"14":5,"15":10,"16":5,"17":5,"18":5,"19":5,"20":5,"21":4,"22":4,"23":4,"24":4,"25":4,"26":1,"27":1,"28":5,"29":10,"30":0,"31":10,"32":4,"33":10},"f":{"0":10,"1":5,"2":5,"3":0,"4":4},"b":{"0":[2,3],"1":[1,0]},"_coverageSchema":"1a1c01bbd47fc00a2c39e90264f33305004495a9","hash":"fff15bb0999688603dbc510b7a43312c10d3f1e0"}
[...]
ine":95,"column":27}},"loc":{"start":{"line":95,"column":53},"end":{"line":101,"column":1}},"line":95},"7":{"name":"(anonymous_7)","decl":{"start":{"line":108,"column":2},"end":{"line":108,"column":3}},"loc":{"start":{"line":108,"column":75},"end":{"line":180,"column":3}},"line":108},"8":{"name":"(anonymous_8)","decl":{"start":{"line":123,"column":35},"end":{"line":123,"column":36}},"loc":{"start":{"line":123,"column":41},"end":{"line":123,"column":59}},"line":123},"9":{"name":"(anonymous_9)","decl":{"start":{"line":185,"column":2},"end":{"line":185,"column":3}},"loc":{"start":{"line":185,"column":36},"end":{"line":192,"column":3}},"line":185}},"branchMap":{"0":{"loc":{"start":{"line":30,"column":2},"end":{"line":32,"column":3}},"type":"if","locations":[{"start":{"line":30,"column":2},"end":{"line":32,"column":3}},{"start":{},"end":{}}],"line":30},"1":{"loc":{"start":{"line":46,"column":17},"end":{"line":46,"column":31}},"type":"binary-expr","locations":[{"start":{"line":46,"column":17},"end":{"line":46,"column":26}},{"start":{"line":46,"column":30},"end":{"line":46,"column":31}}],"line":46},"2":{"loc":{"start":{"line":47,"column":17},"end":{"line":47,"column":31}},"type":"binary-expr","locations":[{"start":{"line":47,"column":17},"end":{"line":47,"column":26}},{"start":{"line":47,"column":30},"end":{"line":47,"column":31}}],"line":47},"3":{"loc":{"start":{"line":49,"column":4},"end":{"line":51,"column":5}},"type":"if","locations":[{"start":{"line":49,"column":4},"end":{"line":51,"column":5}},{"start":{},"end":{}}],"line":49},"4":{"loc":{"start":{"line":62,"column":2},"end":{"line":62,"column":25}},"type":"if","locations":[{"start":{"line":62,"column":2},"end":{"line":62,"column":25}},{"start":{},"end":{}}],"line":62},"5":{"loc":{"start":{"line":64,"column":9},"end":{"line":64,"column":32}},"type":"cond-expr","locations":[{"start":{"line":64,"column":17},"end":{"line":64,"column":25}},{"start":{"line":64,"column":28},"end":{"line":64,"column":32}}],"line":64},"6":{"loc":{"start":{"line":72,"column":9},"end":{"line":72,"column":47}},"type":"binary-expr","locations":[{"start":{"line":72,"column":9},"end":{"line":72,"column":39}},{"start":{"line":72,"column":43},"end":{"line":72,"column":47}}],"line":72},"7":{"loc":{"start":{"line":81,"column":4},"end":{"line":81,"column":35}},"type":"if","locations":[{"start":{"line":81,"column":4},"end":{"line":81,"column":35}},{"start":{},"end":{}}],"line":81},"8":{"loc":{"start":{"line":111,"column":6},"end":{"line":119,"column":7}},"type":"if","locations":[{"start":{"line":111,"column":6},"end":{"line":119,"column":7}},{"start":{},"end":{}}],"line":111},"9":{"loc":{"start":{"line":113,"column":8},"end":{"line":118,"column":9}},"type":"if","locations":[{"start":{"line":113,"column":8},"end":{"line":118,"column":9}},{"start":{},"end":{}}],"line":113},"10":{"loc":{"start":{"line":115,"column":10},"end":{"line":117,"column":11}},"type":"if","locations":[{"start":{"line":115,"column":10},"end":{"line":117,"column":11}},{"start":{},"end":{}}],"line":115},"11":{"loc":{"start":{"line":135,"column":6},"end":{"line":138,"column":7}},"type":"if","locations":[{"start":{"line":135,"column":6},"end":{"line":138,"column":7}},{"start":{},"end":{}}],"line":135},"12":{"loc":{"start":{"line":152,"column":6},"end":{"line":154,"column":7}},"type":"if","locations":[{"start":{"line":152,"column":6},"end":{"line":154,"column":7}},{"start":{},"end":{}}],"line":152},"13":{"loc":{"start":{"line":158,"column":26},"end":{"line":158,"column":94}},"type":"cond-expr","locations":[{"start":{"line":158,"column":39},"end":{"line":158,"column":86}},{"start":{"line":158,"column":89},"end":{"line":158,"column":94}}],"line":158},"14":{"loc":{"start":{"line":170,"column":22},"end":{"line":170,"column":40}},"type":"binary-expr","locations":[{"start":{"line":170,"column":22},"end":{"line":170,"column":34}},{"start":{"line":170,"column":38},"end":{"line":170,"column":40}}],"line":170},"15":{"loc":{"start":{"line":173,"column":6},"end":{"line":177,"column":7}},"type":"if","locations":[{"start":{"line":173,"column":6},"end":{"line":177,"column":7}},{"start":{"line":175,"column":13},"end":{"line":177,"column":7}}],"line":173},"16":{"loc":{"start":{"line":173,"column":10},"end":{"line":173,"column":63}},"type":"binary-expr","locations":[{"start":{"line":173,"column":10},"end":{"line":173,"column":32}},{"start":{"line":173,"column":36},"end":{"line":173,"column":63}}],"line":173}},"s":{"0":1,"1":1,"2":1,"3":1,"4":1,"5":1,"6":3,"7":3,"8":1,"9":21,"10":21,"11":21,"12":21,"13":21,"14":52,"15":52,"16":52,"17":14,"18":7,"19":1,"20":5,"21":0,"22":5,"23":5,"24":1,"25":5,"26":5,"27":5,"28":1,"29":10,"30":10,"31":10,"32":8,"33":2,"34":2,"35":2,"36":0,"37":1,"38":6,"39":6,"40":0,"41":1,"42":10,"43":10,"44":1,"45":1,"46":1,"47":1,"48":1,"49":9,"50":9,"51":0,"52":9,"53":7,"54":7,"55":1,"56":1,"57":6,"58":6,"59":6,"60":6,"61":6,"62":6,"63":1,"64":5,"65":5,"66":5,"67":5,"68":2,"69":1,"70":1,"71":2,"72":1,"73":1,"74":1,"75":0},"f":{"0":3,"1":21,"2":5,"3":5,"4":5,"5":10,"6":6,"7":10,"8":0,"9":1},"b":{"0":[3,0],"1":[52,8],"2":[52,8],"3":[14,38],"4":[0,5],"5":[1,4],"6":[5,1],"7":[8,2],"8":[1,9],"9":[1,0],"10":[1,0],"11":[1,6],"12":[1,5],"13":[1,4],"14":[5,0],"15":[1,1],"16":[2,2]},"_coverageSchema":"1a1c01bbd47fc00a2c39e90264f33305004495a9","hash":"01e0fee0de1f7516ae49058cc88ec7603522caad"}
,"/home/leonamduarte/coding/meuGastoAi/mobile/src/theme/colors.ts": {"path":"/home/leonamduarte/coding/meuGastoAi/mobile/src/theme/colors.ts","statementMap":{"0":{"start":{"line":1,"column":22},"end":{"line":21,"column":1}}},"fnMap":{},"branchMap":{},"s":{"0":4},"f":{},"b":{},"_coverageSchema":"1a1c01bbd47fc00a2c39e90264f33305004495a9","hash":"c4cb8b430332aafa9005a3c74b3eab80e3f59c05"}
,"/home/leonamduarte/coding/meuGastoAi/mobile/src/theme/spacing.ts": {"path":"/home/leonamduarte/coding/meuGastoAi/mobile/src/theme/spacing.ts","statementMap":{"0":{"start":{"line":1,"column":23},"end":{"line":9,"column":1}}},"fnMap":{},"branchMap":{},"s":{"0":0},"f":{},"b":{}}
,"/home/leonamduarte/coding/meuGastoAi/mobile/src/theme/typography.ts": {"path":"/home/leonamduarte/coding/meuGastoAi/mobile/src/theme/typography.ts","statementMap":{"0":{"start":{"line":1,"column":26},"end":{"line":12,"column":1}}},"fnMap":{},"branchMap":{},"s":{"0":0},"f":{},"b":{}}
,"/home/leonamduarte/coding/meuGastoAi/mobile/src/types/index.ts": {"path":"/home/leonamduarte/coding/meuGastoAi/mobile/src/types/index.ts","statementMap":{},"fnMap":{},"branchMap":{},"s":{},"f":{},"b":{}}
,"/home/leonamduarte/coding/meuGastoAi/mobile/src/utils/formatDate.ts": {"path":"/home/leonamduarte/coding/meuGastoAi/mobile/src/utils/formatDate.ts","statementMap":{"0":{"start":{"line":1,"column":26},"end":{"line":9,"column":1}},"1":{"start":{"line":2,"column":15},"end":{"line":2,"column":35}},"2":{"start":{"line":3,"column":2},"end":{"line":8,"column":18}},"3":{"start":{"line":11,"column":30},"end":{"line":20,"column":1}},"4":{"start":{"line":12,"column":15},"end":{"line":12,"column":35}},"5":{"start":{"line":13,"column":2},"end":{"line":19,"column":18}},"6":{"start":{"line":22,"column":31},"end":{"line":24,"column":1}},"7":{"start":{"line":23,"column":2},"end":{"line":23,"column":42}},"8":{"start":{"line":26,"column":28},"end":{"line":42,"column":1}},"9":{"start":{"line":27,"column":17},"end":{"line":40,"column":3}},"10":{"start":{"line":41,"column":2},"end":{"line":41,"column":33}},"11":{"start":{"line":44,"column":31},"end":{"line":46,"column":1}},"12":{"start":{"line":45,"column":2},"end":{"line":45,"column":35}},"13":{"start":{"line":48,"column":30},"end":{"line":50,"column":1}},"14":{"start":{"line":49,"column":2},"end":{"line":49,"column":34}}},"fnMap":{"0":{"name":"(anonymous_0)","decl":{"start":{"line":1,"column":26},"end":{"line":1,"column":27}},"loc":{"start":{"line":1,"column":58},"end":{"line":9,"column":1}},"line":1},"1":{"name":"(anonymous_1)","decl":{"start":{"line":11,"column":30},"end":{"line":11,"column":31}},"loc":{"start":{"line":11,"column":62},"end":{"line":20,"column":1}},"line":11},"2":{"name":"(anonymous_2)","decl":{"start":{"line":22,"column":31},"end":{"line":22,"column":32}},"loc":{"start":{"line":22,"column":55},"end":{"line":24,"column":1}},"line":22},"3":{"name":"(anonymous_3)","decl":{"start":{"line":26,"column":28},"end":{"line":26,"column":29}},"loc":{"start":{"line":26,"column":55},"end":{"line":42,"column":1}},"line":26},"4":{"name":"(anonymous_4)","decl":{"start":{"line":44,"column":31},"end":{"line":44,"column":32}},"loc":{"start":{"line":44,"column":45},"end":{"line":46,"column":1}},"line":44},"5":{"name":"(anonymous_5)","decl":{"start":{"line":48,"column":30},"end":{"line":48,"column":31}},"loc":{"start":{"line":48,"column":44},"end":{"line":50,"column":1}},"line":48}},"branchMap":{"0":{"loc":{"start":{"line":41,"column":9},"end":{"line":41,"column":32}},"type":"binary-expr","locations":[{"start":{"line":41,"column":9},"end":{"line":41,"column":26}},{"start":{"line":41,"column":30},"end":{"line":41,"column":32}}],"line":41}},"s":{"0":6,"1":3,"2":3,"3":6,"4":0,"5":0,"6":6,"7":1,"8":6,"9":18,"10":18,"11":6,"12":1,"13":6,"14":1},"f":{"0":3,"1":0,"2":1,"3":18,"4":1,"5":1},"b":{"0":[18,2]},"_coverageSchema":"1a1c01bbd47fc00a2c39e90264f33305004495a9","hash":"ccc911894741a5933893b2659ceecf67c73d84b0"}
,"/home/leonamduarte/coding/meuGastoAi/mobile/src/utils/formatMoney.ts": {"path":"/home/leonamduarte/coding/meuGastoAi/mobile/src/utils/formatMoney.ts","statementMap":{"0":{"start":{"line":1,"column":27},"end":{"line":6,"column":1}},"1":{"start":{"line":2,"column":2},"end":{"line":5,"column":19}},"2":{"start":{"line":8,"column":32},"end":{"line":13,"column":1}},"3":{"start":{"line":9,"column":23},"end":{"line":9,"column":47}},"4":{"start":{"line":10,"column":17},"end":{"line":10,"column":60}},"5":{"start":{"line":11,"column":20},"end":{"line":11,"column":45}},"6":{"start":{"line":12,"column":2},"end":{"line":12,"column":37}},"7":{"start":{"line":15,"column":26},"end":{"line":21,"column":1}},"8":{"start":{"line":16,"column":18},"end":{"line":19,"column":22}},"9":{"start":{"line":20,"column":2},"end":{"line":20,"column":34}}},"fnMap":{"0":{"name":"(anonymous_0)","decl":{"start":{"line":1,"column":27},"end":{"line":1,"column":28}},"loc":{"start":{"line":1,"column":54},"end":{"line":6,"column":1}},"line":1},"1":{"name":"(anonymous_1)","decl":{"start":{"line":8,"column":32},"end":{"line":8,"column":33}},"loc":{"start":{"line":8,"column":59},"end":{"line":13,"column":1}},"line":8},"2":{"name":"(anonymous_2)","decl":{"start":{"line":15,"column":26},"end":{"line":15,"column":27}},"loc":{"start":{"line":15,"column":53},"end":{"line":21,"column":1}},"line":15}},"branchMap":{"0":{"loc":{"start":{"line":10,"column":17},"end":{"line":10,"column":60}},"type":"cond-expr","locations":[{"start":{"line":10,"column":32},"end":{"line":10,"column":56}},{"start":{"line":10,"column":59},"end":{"line":10,"column":60}}],"line":10},"1":{"loc":{"start":{"line":20,"column":9},"end":{"line":20,"column":33}},"type":"binary-expr","locations":[{"start":{"line":20,"column":9},"end":{"line":20,"column":28}},{"start":{"line":20,"column":32},"end":{"line":20,"column":33}}],"line":20}},"s":{"0":6,"1":26,"2":6,"3":4,"4":4,"5":4,"6":4,"7":6,"8":5,"9":5},"f":{"0":26,"1":4,"2":5},"b":{"0":[3,1],"1":[5,3]},"_coverageSchema":"1a1c01bbd47fc00a2c39e90264f33305004495a9","hash":"91b854f1176ebe93bbcc04dad79c2672e395f4b0"}
,"/home/leonamduarte/coding/meuGastoAi/mobile/src/utils/index.ts": {"path":"/home/leonamduarte/coding/meuGastoAi/mobile/src/utils/index.ts","statementMap":{},"fnMap":{},"branchMap":{},"s":{},"f":{},"b":{},"_coverageSchema":"1a1c01bbd47fc00a2c39e90264f33305004495a9","hash":"e71e01f748f0b5bb5666a43b1f61b602bfaf93eb"}
,"/home/leonamduarte/coding/meuGastoAi/mobile/src/utils/nfceScraperScript.ts": {"path":"/home/leonamduarte/coding/meuGastoAi/mobile/src/utils/nfceScraperScript.ts","statementMap":{"0":{"start":{"line":1,"column":34},"end":{"line":225,"column":1}}},"fnMap":{},"branchMap":{},"s":{"0":1},"f":{},"b":{},"_coverageSchema":"1a1c01bbd47fc00a2c39e90264f33305004495a9","hash":"86c1f541f31e276ca564aabec7605b0df9aa354d"}
,"/home/leonamduarte/coding/meuGastoAi/mobile/src/utils/priceComparison.ts": {"path":"/home/leonamduarte/coding/meuGastoAi/mobile/src/utils/priceComparison.ts","statementMap":{"0":{"start":{"line":16,"column":24},"end":{"line":32,"column":1}},"1":{"start":{"line":17,"column":25},"end":{"line":17,"column":50}},"2":{"start":{"line":19,"column":2},"end":{"line":21,"column":3}},"3":{"start":{"line":20,"column":4},"end":{"line":20,"column":20}},"4":{"start":{"line":23,"column":2},"end":{"line":25,"column":3}},"5":{"start":{"line":24,"column":4},"end":{"line":24,"column":20}},"6":{"start":{"line":27,"column":2},"end":{"line":29,"column":3}},"7":{"start":{"line":28,"column":4},"end":{"line":28,"column":19}},"8":{"start":{"line":31,"column":2},"end":{"line":31,"column":14}},"9":{"start":{"line":34,"column":26},"end":{"line":62,"column":1}},"10":{"start":{"line":35,"column":15},"end":{"line":35,"column":45}},"11":{"start":{"line":37,"column":2},"end":{"line":39,"column":3}},"12":{"start":{"line":38,"column":4},"end":{"line":38,"column":59}},"13":{"start":{"line":41,"column":2},"end":{"line":43,"column":3}},"14":{"start":{"line":42,"column":4},"end":{"line":42,"column":54}},"15":{"start":{"line":45,"column":2},"end":{"line":47,"column":3}},"16":{"start":{"line":46,"column":4},"end":{"line":46,"column":59}},"17":{"start":{"line":49,"column":2},"end":{"line":51,"column":3}},"18":{"start":{"line":50,"column":4},"end":{"line":50,"column":66}},"19":{"start":{"line":53,"column":2},"end":{"line":55,"column":3}},"20":{"start":{"line":54,"column":4},"end":{"line":54,"column":58}},"21":{"start":{"line":57,"column":2},"end":{"line":59,"column":3}},"22":{"start":{"line":58,"column":4},"end":{"line":58,"column":59}},"23":{"start":{"line":61,"column":2},"end":{"line":61,"column":73}},"24":{"start":{"line":64,"column":34},"end":{"line":67,"column":1}},"25":{"start":{"line":65,"column":23},"end":{"line":65,"column":46}},"26":{"start":{"line":66,"column":2},"end":{"line":66,"column":31}},"27":{"start":{"line":69,"column":28},"end":{"line":115,"column":1}},"28":{"start":{"line":70,"column":24},"end":{"line":70,"column":51}},"29":{"start":{"line":71,"column":24},"end":{"line":71,"column":51}},"30":{"start":{"line":73,"column":2},"end":{"line":83,"column":3}},"31":{"start":{"line":74,"column":4},"end":{"line":82,"column":6}},"32":{"start":{"line":85,"column":26},"end":{"line":85,"column":50}},"33":{"start":{"line":86,"column":25},"end":{"line":86,"column":50}},"34":{"start":{"line":87,"column":25},"end":{"line":87,"column":50}},"35":{"start":{"line":89,"column":2},"end":{"line":99,"column":3}},"36":{"start":{"line":90,"column":4},"end":{"line":98,"column":6}},"37":{"start":{"line":101,"column":22},"end":{"line":101,"column":69}},"38":{"start":{"line":102,"column":29},"end":{"line":102,"column":69}},"39":{"start":{"line":103,"column":23},"end":{"line":103,"column":63}},"40":{"start":{"line":104,"column":28},"end":{"line":104,"column":92}},"41":{"start":{"line":106,"column":2},"end":{"line":114,"column":4}}},"fnMap":{"0":{"name":"(anonymous_0)","decl":{"start":{"line":16,"column":24},"end":{"line":16,"column":25}},"loc":{"start":{"line":16,"column":63},"end":{"line":32,"column":1}},"line":16},"1":{"name":"(anonymous_1)","decl":{"start":{"line":34,"column":26},"end":{"line":34,"column":27}},"loc":{"start":{"line":34,"column":94},"end":{"line":62,"column":1}},"line":34},"2":{"name":"(anonymous_2)","decl":{"start":{"line":64,"column":34},"end":{"line":64,"column":35}},"loc":{"start":{"line":64,"column":58},"end":{"line":67,"column":1}},"line":64},"3":{"name":"(anonymous_3)","decl":{"start":{"line":69,"column":28},"end":{"line":69,"column":29}},"loc":{"start":{"line":69,"column":81},"end":{"line":115,"column":1}},"line":69}},"branchMap":{"0":{"loc":{"start":{"line":19,"column":2},"end":{"line":21,"column":3}},"type":"if","locations":[{"start":{"line":19,"column":2},"end":{"line":21,"column":3}},{"start":{},"end":{}}],"line":19},"1":{"loc":{"start":{"line":19,"column":6},"end":{"line":19,"column":55}},"type":"binary-expr","locations":[{"start":{"line":19,"column":6},"end":{"line":19,"column":29}},{"start":{"line":19,"column":33},"end":{"line":19,"column":55}}],"line":19},"2":{"loc":{"start":{"line":23,"column":2},"end":{"line":25,"column":3}},"type":"if","locations":[{"start":{"line":23,"column":2},"end":{"line":25,"column":3}},{"start":{},"end":{}}],"line":23},"3":{"loc":{"start":{"line":27,"column":2},"end":{"line":29,"column":3}},"type":"if","locations":[{"start":{"line":27,"column":2},"end":{"line":29,"column":3}},{"start":{},"end":{}}],"line":27},"4":{"loc":{"start":{"line":37,"column":2},"end":{"line":39,"column":3}},"type":"if","locations":[{"start":{"line":37,"column":2},"end":{"line":39,"column":3}},{"start":{},"end":{}}],"line":37},"5":{"loc":{"start":{"line":37,"column":6},"end":{"line":37,"column":59}},"type":"binary-expr","locations":[{"start":{"line":37,"column":6},"end":{"line":37,"column":37}},{"start":{"line":37,"column":41},"end":{"line":37,"column":59}}],"line":37},"6":{"loc":{"start":{"line":41,"column":2},"end":{"line":43,"column":3}},"type":"if","locations":[{"start":{"line":41,"column":2},"end":{"line":43,"column":3}},{"start":{},"end":{}}],"line":41},"7":{"loc":{"start":{"line":41,"column":6},"end":{"line":41,"column":52}},"type":"binary-expr","locations":[{"start":{"line":41,"column":6},"end":{"line":41,"column":34}},{"start":{"line":41,"column":38},"end":{"line":41,"column":52}}],"line":41},"8":{"loc":{"start":{"line":45,"column":2},"end":{"line":47,"column":3}},"type":"if","locations":[{"start":{"line":45,"column":2},"end":{"line":47,"column":3}},{"start":{},"end":{}}],"line":45},"9":{"loc":{"start":{"line":49,"column":2},"end":{"line":51,"column":3}},"type":"if","locations":[{"start":{"line":49,"column":2},"end":{"line":51,"column":3}},{"start":{},"end":{}}],"line":49},"10":{"loc":{"start":{"line":53,"column":2},"end":{"line":55,"column":3}},"type":"if","locations":[{"start":{"line":53,"column":2},"end":{"line":55,"column":3}},{"start":{},"end":{}}],"line":53},"11":{"loc":{"start":{"line":57,"column":2},"end":{"line":59,"column":3}},"type":"if","locations":[{"start":{"line":57,"column":2},"end":{"line":59,"column":3}},{"start":{},"end":{}}],"line":57},"12":{"loc":{"start":{"line":73,"column":2},"end":{"line":83,"column":3}},"type":"if","locations":[{"start":{"line":73,"column":2},"end":{"line":83,"column":3}},{"start":{},"end":{}}],"line":73},"13":{"loc":{"start":{"line":73,"column":6},"end":{"line":73,"column":73}},"type":"binary-expr","locations":[{"start":{"line":73,"column":6},"end":{"line":73,"column":20}},{"start":{"line":73,"column":24},"end":{"line":73,"column":38}},{"start":{"line":73,"column":42},"end":{"line":73,"column":73}}],"line":73},"14":{"loc":{"start":{"line":89,"column":2},"end":{"line":99,"column":3}},"type":"if","locations":[{"start":{"line":89,"column":2},"end":{"line":99,"column":3}},{"start":{},"end":{}}],"line":89},"15":{"loc":{"start":{"line":101,"column":22},"end":{"line":101,"column":69}},"type":"cond-expr","locations":[{"start":{"line":101,"column":56},"end":{"line":101,"column":61}},{"start":{"line":101,"column":64},"end":{"line":101,"column":69}}],"line":101}},"s":{"0":6,"1":6,"2":6,"3":5,"4":1,"5":1,"6":0,"7":0,"8":0,"9":6,"10":21,"11":21,"12":1,"13":20,"14":0,"15":20,"16":3,"17":17,"18":5,"19":12,"20":0,"21":12,"22":12,"23":0,"24":6,"25":19,"26":18,"27":6,"28":3,"29":3,"30":3,"31":1,"32":2,"33":2,"34":2,"35":2,"36":1,"37":1,"38":1,"39":1,"40":1,"41":1},"f":{"0":6,"1":21,"2":19,"3":3},"b":{"0":[5,1],"1":[6,3],"2":[1,0],"3":[0,0],"4":[1,20],"5":[21,21],"6":[0,20],"7":[20,20],"8":[3,17],"9":[5,12],"10":[0,12],"11":[12,0],"12":[1,2],"13":[3,3,3],"14":[1,1],"15":[0,1]},"_coverageSchema":"1a1c01bbd47fc00a2c39e90264f33305004495a9","hash":"6eb519d745d9881e247c3e152dd88de7129da406"}
}
