TN:
SF:src/components/DraftCard.tsx
FN:13,(anonymous_0)
FN:17,(anonymous_1)
FN:34,(anonymous_2)
FNF:3
FNH:0
FNDA:0,(anonymous_0)
FNDA:0,(anonymous_1)
FNDA:0,(anonymous_2)
DA:13,0
DA:14,0
DA:16,0
DA:17,0
DA:34,0
DA:58,0
LF:6
LH:0
BRDA:23,0,0,0
BRDA:23,0,1,0
BRDA:29,1,0,0
BRDA:29,1,1,0
BRF:4
BRH:0
end_of_record
TN:
SF:src/components/ErrorMessage.tsx
FN:10,(anonymous_0)
FNF:1
FNH:0
FNDA:0,(anonymous_0)
DA:10,0
DA:11,0
DA:13,0
DA:25,0
LF:4
LH:0
BRDA:16,0,0,0
BRDA:16,0,1,0
BRF:2
BRH:0
end_of_record
TN:
SF:src/components/Header.tsx
FN:13,(anonymous_0)
FNF:1
FNH:0
FNDA:0,(anonymous_0)
DA:13,0
DA:14,0
DA:16,0
DA:37,0
LF:4
LH:0
BRDA:19,0,0,0
BRDA:19,0,1,0
BRF:2
BRH:0
end_of_record
TN:
SF:src/components/ItemInputRow.tsx
FN:17,(anonymous_0)
FN:27,(anonymous_1)
FN:55,(anonymous_2)
FN:65,(anonymous_3)
FN:74,(anonymous_4)
FN:84,(anonymous_5)
FN:91,(anonymous_6)
FNF:7
FNH:7
FNDA:2,(anonymous_0)
FNDA:7,(anonymous_1)
FNDA:1,(anonymous_2)
FNDA:1,(anonymous_3)
FNDA:1,(anonymous_4)
FNDA:28,(anonymous_5)
FNDA:1,(anonymous_6)
DA:15,2
DA:17,2
DA:18,2
DA:19,2
DA:20,0
DA:23,2
DA:24,2
DA:27,2
DA:28,7
DA:30,7
DA:31,7
DA:32,7
DA:33,7
DA:35,0
DA:38,7
DA:55,1
DA:65,1
DA:74,1
DA:85,28
DA:87,28
DA:91,1
DA:111,2
LF:22
LH:20
BRDA:19,0,0,0
BRDA:19,0,1,2
BRDA:24,1,0,2
BRDA:24,1,1,0
BRDA:27,2,0,2
BRDA:32,3,0,7
BRDA:32,3,1,0
BRDA:40,4,0,7
BRDA:40,4,1,4
BRDA:45,5,0,7
BRDA:45,5,1,4
BRDA:64,6,0,2
BRDA:64,6,1,5
BRDA:73,7,0,7
BRDA:73,7,1,0
BRDA:90,8,0,28
BRDA:90,8,1,7
BRDA:94,9,0,28
BRDA:94,9,1,7
BRF:19
BRH:15
end_of_record
TN:
SF:src/components/Loading.tsx
FN:10,(anonymous_0)
FNF:1
FNH:0
FNDA:0,(anonymous_0)
DA:10,0
DA:11,0
DA:13,0
DA:14,0
DA:21,0
DA:28,0
LF:6
LH:0
BRDA:10,0,0,0
BRDA:10,1,0,0
BRDA:13,2,0,0
BRDA:13,2,1,0
BRF:4
BRH:0
end_of_record
TN:
SF:src/components/MonthYearPicker.tsx
FN:14,(anonymous_0)
FN:24,(anonymous_1)
FN:29,(anonymous_2)
FN:44,(anonymous_3)
FN:51,(anonymous_4)
FN:66,(anonymous_5)
FN:73,(anonymous_6)
FNF:7
FNH:0
FNDA:0,(anonymous_0)
FNDA:0,(anonymous_1)
FNDA:0,(anonymous_2)
FNDA:0,(anonymous_3)
FNDA:0,(anonymous_4)
FNDA:0,(anonymous_5)
FNDA:0,(anonymous_6)
DA:12,0
DA:14,0
DA:20,0
DA:21,0
DA:22,0
DA:24,0
DA:25,0
DA:26,0
DA:29,0
DA:30,0
DA:33,0
DA:35,0
DA:45,0
DA:51,0
DA:67,0
DA:73,0
DA:96,0
LF:17
LH:0
BRDA:33,0,0,0
BRDA:33,0,1,0
BRDA:49,1,0,0
BRDA:49,1,1,0
BRDA:56,2,0,0
BRDA:56,2,1,0
BRDA:71,3,0,0
BRDA:71,3,1,0
BRDA:71,3,2,0
BRDA:78,4,0,0
BRDA:78,4,1,0
BRDA:78,4,2,0
BRF:12
BRH:0
end_of_record
TN:
SF:src/components/NFCeWebView.tsx
FN:25,(anonymous_0)
FN:38,(anonymous_1)
FN:53,(anonymous_2)
FN:70,(anonymous_3)
FN:82,(anonymous_4)
FN:85,(anonymous_5)
FN:94,(anonymous_6)
FN:99,(anonymous_7)
FN:135,(anonymous_8)
FN:144,(anonymous_9)
FN:152,(anonymous_10)
FN:160,(anonymous_11)
FN:193,(anonymous_12)
FNF:13
FNH:0
FNDA:0,(anonymous_0)
FNDA:0,(anonymous_1)
FNDA:0,(anonymous_2)
FNDA:0,(anonymous_3)
FNDA:0,(anonymous_4)
FNDA:0,(anonymous_5)
FNDA:0,(anonymous_6)
FNDA:0,(anonymous_7)
FNDA:0,(anonymous_8)
FNDA:0,(anonymous_9)
FNDA:0,(anonymous_10)
FNDA:0,(anonymous_11)
FNDA:0,(anonymous_12)
DA:9,0
DA:25,0
DA:26,0
DA:27,0
DA:30,0
DA:31,0
DA:34,0
DA:35,0
DA:38,0
DA:46,0
DA:47,0
DA:48,0
DA:49,0
DA:50,0
DA:51,0
DA:53,0
DA:54,0
DA:55,0
DA:56,0
DA:59,0
DA:60,0
DA:61,0
DA:64,0
DA:65,0
DA:66,0
DA:70,0
DA:71,0
DA:72,0
DA:73,0
DA:74,0
DA:77,0
DA:78,0
DA:81,0
DA:82,0
DA:83,0
DA:84,0
DA:85,0
DA:86,0
DA:91,0
DA:94,0
DA:95,0
DA:99,0
DA:100,0
DA:101,0
DA:103,0
DA:104,0
DA:107,0
DA:108,0
DA:109,0
DA:110,0
DA:111,0
DA:112,0
DA:113,0
DA:115,0
DA:118,0
DA:119,0
DA:120,0
DA:121,0
DA:122,0
DA:124,0
DA:128,0
DA:129,0
DA:131,0
DA:135,0
DA:136,0
DA:139,0
DA:140,0
DA:141,0
DA:144,0
DA:145,0
DA:146,0
DA:147,0
DA:152,0
DA:153,0
DA:154,0
DA:156,0
DA:160,0
DA:161,0
DA:162,0
DA:163,0
DA:166,0
DA:169,0
DA:171,0
DA:194,0
DA:218,0
LF:85
LH:0
BRDA:9,0,0,0
BRDA:9,0,1,0
BRDA:26,1,0,0
BRDA:26,1,1,0
BRDA:30,2,0,0
BRDA:30,2,1,0
BRDA:44,3,0,0
BRDA:54,4,0,0
BRDA:54,4,1,0
BRDA:59,5,0,0
BRDA:59,5,1,0
BRDA:64,6,0,0
BRDA:64,6,1,0
BRDA:71,7,0,0
BRDA:71,7,1,0
BRDA:72,8,0,0
BRDA:72,8,1,0
BRDA:83,9,0,0
BRDA:83,9,1,0
BRDA:101,10,0,0
BRDA:101,10,1,0
BRDA:103,11,0,0
BRDA:103,11,1,0
BRDA:107,12,0,0
BRDA:107,12,1,0
BRDA:107,13,0,0
BRDA:107,13,1,0
BRDA:110,14,0,0
BRDA:110,14,1,0
BRDA:111,15,0,0
BRDA:111,15,1,0
BRDA:112,16,0,0
BRDA:112,16,1,0
BRDA:120,17,0,0
BRDA:120,17,1,0
BRDA:124,18,0,0
BRDA:124,18,1,0
BRDA:128,19,0,0
BRDA:128,19,1,0
BRDA:139,20,0,0
BRDA:139,20,1,0
BRDA:140,21,0,0
BRDA:140,21,1,0
BRDA:153,22,0,0
BRDA:153,22,1,0
BRDA:161,23,0,0
BRDA:161,23,1,0
BRDA:169,24,0,0
BRDA:169,24,1,0
BRF:49
BRH:0
end_of_record
TN:
SF:src/components/PriceComparisonCard.tsx
FN:15,(anonymous_0)
FNF:1
FNH:0
FNDA:0,(anonymous_0)
DA:15,0
DA:16,0
DA:17,0
DA:27,0
DA:56,0
LF:5
LH:0
BRDA:16,0,0,0
BRDA:16,0,1,0
BRDA:34,1,0,0
BRDA:34,1,1,0
BRDA:40,2,0,0
BRDA:40,2,1,0
BRDA:46,3,0,0
BRDA:46,3,1,0
BRDA:46,3,2,0
BRDA:46,3,3,0
BRF:10
BRH:0
end_of_record
TN:
SF:src/components/PurchaseCard.tsx
FN:15,(anonymous_0)
FN:19,(anonymous_1)
FN:45,(anonymous_2)
FN:53,(anonymous_3)
FN:60,(anonymous_4)
FNF:5
FNH:0
FNDA:0,(anonymous_0)
FNDA:0,(anonymous_1)
FNDA:0,(anonymous_2)
FNDA:0,(anonymous_3)
FNDA:0,(anonymous_4)
DA:15,0
DA:16,0
DA:18,0
DA:19,0
DA:45,0
DA:53,0
DA:60,0
DA:72,0
LF:8
LH:0
BRDA:16,0,0,0
BRDA:16,0,1,0
BRDA:24,1,0,0
BRDA:24,1,1,0
BRDA:38,2,0,0
BRDA:38,2,1,0
BRDA:38,3,0,0
BRDA:38,3,1,0
BRF:8
BRH:0
end_of_record
TN:
SF:src/components/QRCodeScanner.tsx
FN:11,(anonymous_0)
FN:16,(anonymous_1)
FN:81,(anonymous_2)
FNF:3
FNH:0
FNDA:0,(anonymous_0)
FNDA:0,(anonymous_1)
FNDA:0,(anonymous_2)
DA:11,0
DA:12,0
DA:13,0
DA:14,0
DA:16,0
DA:17,0
DA:18,0
DA:19,0
DA:22,0
DA:23,0
DA:30,0
DA:31,0
DA:51,0
DA:81,0
DA:96,0
LF:15
LH:0
BRDA:17,0,0,0
BRDA:17,0,1,0
BRDA:22,1,0,0
BRDA:22,1,1,0
BRDA:30,2,0,0
BRDA:30,2,1,0
BRDA:59,3,0,0
BRDA:59,3,1,0
BRDA:78,4,0,0
BRDA:78,4,1,0
BRF:10
BRH:0
end_of_record
TN:
SF:src/components/UpdateDialog.tsx
FN:12,(anonymous_0)
FN:16,(anonymous_1)
FN:30,(anonymous_2)
FNF:3
FNH:0
FNDA:0,(anonymous_0)
FNDA:0,(anonymous_1)
FNDA:0,(anonymous_2)
DA:12,0
DA:16,0
DA:17,0
DA:18,0
DA:19,0
DA:20,0
DA:21,0
DA:25,0
DA:26,0
DA:30,0
DA:31,0
DA:32,0
DA:36,0
DA:101,0
LF:14
LH:0
BRDA:17,0,0,0
BRDA:17,0,1,0
BRDA:18,1,0,0
BRDA:18,1,1,0
BRDA:20,2,0,0
BRDA:20,2,1,0
BRDA:25,3,0,0
BRDA:25,3,1,0
BRDA:31,4,0,0
BRDA:31,4,1,0
BRDA:47,5,0,0
BRDA:47,5,1,0
BRDA:49,6,0,0
BRDA:49,6,1,0
BRDA:54,7,0,0
BRDA:54,7,1,0
BRDA:61,8,0,0
BRDA:61,8,1,0
BRDA:71,9,0,0
BRDA:71,9,1,0
BRDA:85,10,0,0
BRDA:85,10,1,0
BRDA:90,11,0,0
BRDA:90,11,1,0
BRF:24
BRH:0
end_of_record
TN:
SF:src/components/index.ts
FNF:0
FNH:0
LF:0
LH:0
BRF:0
BRH:0
end_of_record
TN:
SF:src/context/AuthContext.tsx
FN:8,(anonymous_0)
FN:30,(anonymous_1)
FN:35,(anonymous_2)
FN:42,(anonymous_3)
FN:48,(anonymous_4)
FN:51,(anonymous_5)
FN:60,(anonymous_6)
FN:71,(anonymous_7)
FN:119,(anonymous_8)
FN:138,(anonymous_9)
FN:145,(anonymous_10)
FN:150,(anonymous_11)
FN:159,(anonymous_12)
FN:167,(anonymous_13)
FN:174,(anonymous_14)
FN:197,(anonymous_15)
FNF:16
FNH:8
FNDA:0,(anonymous_0)
FNDA:11,(anonymous_1)
FNDA:5,(anonymous_2)
FNDA:5,(anonymous_3)
FNDA:0,(anonymous_4)
FNDA:1,(anonymous_5)
FNDA:0,(anonymous_6)
FNDA:5,(anonymous_7)
FNDA:0,(anonymous_8)
FNDA:5,(anonymous_9)
FNDA:0,(anonymous_10)
FNDA:0,(anonymous_11)
FNDA:0,(anonymous_12)
FNDA:1,(anonymous_13)
FNDA:0,(anonymous_14)
FNDA:11,(anonymous_15)
DA:8,1
DA:22,1
DA:28,1
DA:30,1
DA:31,11
DA:32,11
DA:33,11
DA:35,11
DA:36,5
DA:37,5
DA:38,5
DA:39,5
DA:40,5
DA:42,5
DA:43,5
DA:44,5
DA:45,5
DA:46,5
DA:47,5
DA:48,5
DA:51,5
DA:52,1
DA:53,1
DA:55,1
DA:56,1
DA:60,5
DA:64,0
DA:71,5
DA:72,5
DA:74,5
DA:75,5
DA:76,4
DA:78,1
DA:79,1
DA:81,1
DA:84,5
DA:85,5
DA:87,5
DA:88,0
DA:89,0
DA:91,0
DA:92,0
DA:95,5
DA:96,5
DA:97,4
DA:99,4
DA:100,0
DA:101,0
DA:102,0
DA:103,0
DA:106,0
DA:107,0
DA:112,0
DA:113,0
DA:115,0
DA:119,5
DA:120,0
DA:121,0
DA:124,0
DA:125,0
DA:128,0
DA:129,0
DA:130,0
DA:133,0
DA:136,5
DA:138,5
DA:139,5
DA:140,5
DA:141,5
DA:145,11
DA:146,0
DA:147,0
DA:150,11
DA:151,0
DA:152,0
DA:153,0
DA:156,0
DA:159,11
DA:160,0
DA:161,0
DA:163,0
DA:167,11
DA:168,1
DA:169,1
DA:170,1
DA:174,11
DA:175,0
DA:178,11
DA:197,1
DA:198,11
DA:199,11
DA:200,0
DA:202,11
LF:93
LH:60
BRDA:43,0,0,0
BRDA:43,0,1,5
BRDA:43,1,0,5
BRDA:43,1,1,5
BRDA:52,2,0,1
BRDA:52,2,1,0
BRDA:55,3,0,1
BRDA:55,3,1,0
BRDA:56,4,0,1
BRDA:56,4,1,0
BRDA:66,5,0,0
BRDA:66,5,1,0
BRDA:67,6,0,0
BRDA:67,6,1,0
BRDA:67,6,2,0
BRDA:78,7,0,1
BRDA:78,7,1,0
BRDA:87,8,0,0
BRDA:87,8,1,5
BRDA:87,9,0,5
BRDA:87,9,1,5
BRDA:88,10,0,0
BRDA:88,10,1,0
BRDA:99,11,0,0
BRDA:99,11,1,4
BRDA:102,12,0,0
BRDA:102,12,1,0
BRDA:102,13,0,0
BRDA:102,13,1,0
BRDA:106,14,0,0
BRDA:106,14,1,0
BRDA:112,15,0,0
BRDA:112,15,1,0
BRDA:119,16,0,5
BRDA:119,16,1,0
BRDA:120,17,0,0
BRDA:120,17,1,0
BRDA:124,18,0,0
BRDA:124,18,1,0
BRDA:128,19,0,0
BRDA:128,19,1,0
BRDA:152,20,0,0
BRDA:152,20,1,0
BRDA:169,21,0,1
BRDA:169,21,1,0
BRDA:199,22,0,0
BRDA:199,22,1,11
BRF:47
BRH:14
end_of_record
TN:
SF:src/context/DraftContext.tsx
FN:27,(anonymous_0)
FN:35,(anonymous_1)
FN:49,(anonymous_2)
FN:55,(anonymous_3)
FN:55,(anonymous_4)
FN:72,(anonymous_5)
FN:80,(anonymous_6)
FN:84,(anonymous_7)
FN:90,(anonymous_8)
FN:96,(anonymous_9)
FN:101,(anonymous_10)
FN:129,(anonymous_11)
FNF:12
FNH:5
FNDA:4,(anonymous_0)
FNDA:2,(anonymous_1)
FNDA:2,(anonymous_2)
FNDA:0,(anonymous_3)
FNDA:0,(anonymous_4)
FNDA:0,(anonymous_5)
FNDA:0,(anonymous_6)
FNDA:0,(anonymous_7)
FNDA:0,(anonymous_8)
FNDA:0,(anonymous_9)
FNDA:1,(anonymous_10)
FNDA:4,(anonymous_11)
DA:21,1
DA:27,1
DA:28,4
DA:29,4
DA:30,4
DA:31,4
DA:32,4
DA:33,4
DA:35,4
DA:36,2
DA:38,2
DA:39,0
DA:41,2
DA:44,2
DA:46,2
DA:47,2
DA:49,2
DA:50,2
DA:51,2
DA:54,0
DA:55,0
DA:58,2
DA:59,2
DA:61,0
DA:62,0
DA:64,2
DA:65,0
DA:67,2
DA:72,4
DA:73,0
DA:74,0
DA:77,0
DA:80,4
DA:81,0
DA:84,4
DA:85,0
DA:86,0
DA:87,0
DA:90,4
DA:91,0
DA:92,0
DA:93,0
DA:96,4
DA:97,0
DA:98,0
DA:101,4
DA:102,1
DA:103,1
DA:106,4
DA:129,1
DA:130,4
DA:131,4
DA:132,0
DA:134,4
LF:54
LH:35
BRDA:36,0,0,2
BRDA:36,0,1,1
BRDA:38,1,0,0
BRDA:38,1,1,2
BRDA:50,2,0,2
BRDA:50,2,1,0
BRDA:61,3,0,0
BRDA:61,3,1,0
BRDA:64,4,0,0
BRDA:64,4,1,2
BRDA:73,5,0,0
BRDA:73,5,1,0
BRDA:73,6,0,0
BRDA:73,6,1,0
BRDA:131,7,0,0
BRDA:131,7,1,4
BRF:16
BRH:6
end_of_record
TN:
SF:src/context/PurchaseContext.tsx
FN:25,(anonymous_0)
FN:33,(anonymous_1)
FN:47,(anonymous_2)
FN:53,(anonymous_3)
FN:53,(anonymous_4)
FN:70,(anonymous_5)
FN:78,(anonymous_6)
FN:82,(anonymous_7)
FN:91,(anonymous_8)
FN:117,(anonymous_9)
FNF:10
FNH:4
FNDA:4,(anonymous_0)
FNDA:2,(anonymous_1)
FNDA:1,(anonymous_2)
FNDA:0,(anonymous_3)
FNDA:0,(anonymous_4)
FNDA:0,(anonymous_5)
FNDA:0,(anonymous_6)
FNDA:0,(anonymous_7)
FNDA:0,(anonymous_8)
FNDA:4,(anonymous_9)
DA:19,1
DA:25,1
DA:26,4
DA:27,4
DA:28,4
DA:29,4
DA:30,4
DA:31,4
DA:33,4
DA:34,2
DA:36,2
DA:37,0
DA:39,2
DA:42,2
DA:44,2
DA:45,2
DA:47,1
DA:48,1
DA:49,1
DA:52,0
DA:53,0
DA:56,1
DA:57,1
DA:59,1
DA:60,1
DA:62,2
DA:63,0
DA:65,2
DA:70,4
DA:71,0
DA:72,0
DA:75,0
DA:78,4
DA:79,0
DA:82,4
DA:86,0
DA:87,0
DA:88,0
DA:91,4
DA:92,0
DA:93,0
DA:96,4
DA:117,1
DA:118,4
DA:119,4
DA:120,0
DA:122,4
LF:47
LH:33
BRDA:34,0,0,2
BRDA:34,0,1,0
BRDA:36,1,0,0
BRDA:36,1,1,2
BRDA:48,2,0,1
BRDA:48,2,1,0
BRDA:59,3,0,1
BRDA:59,3,1,0
BRDA:62,4,0,0
BRDA:62,4,1,2
BRDA:71,5,0,0
BRDA:71,5,1,0
BRDA:71,6,0,0
BRDA:71,6,1,0
BRDA:119,7,0,0
BRDA:119,7,1,4
BRF:16
BRH:6
end_of_record
TN:
SF:src/context/index.ts
FNF:0
FNH:0
LF:0
LH:0
BRF:0
BRH:0
end_of_record
TN:
SF:src/hooks/index.ts
FNF:0
FNH:0
LF:0
LH:0
BRF:0
BRH:0
end_of_record
TN:
SF:src/hooks/useDashboard.ts
FN:21,(anonymous_0)
FN:32,(anonymous_1)
FN:39,(anonymous_2)
FN:67,(anonymous_3)
FN:71,(anonymous_4)
FNF:5
FNH:4
FNDA:10,(anonymous_0)
FNDA:5,(anonymous_1)
FNDA:5,(anonymous_2)
FNDA:0,(anonymous_3)
FNDA:4,(anonymous_4)
DA:21,1
DA:22,10
DA:23,10
DA:24,10
DA:25,10
DA:26,10
DA:27,10
DA:28,10
DA:29,10
DA:30,10
DA:32,10
DA:33,5
DA:34,5
DA:35,5
DA:36,5
DA:39,10
DA:40,5
DA:41,5
DA:42,5
DA:44,5
DA:45,5
DA:54,4
DA:55,4
DA:56,4
DA:57,4
DA:58,4
DA:60,1
DA:61,1
DA:63,5
DA:67,10
DA:68,0
DA:71,10
DA:72,4
DA:75,10
LF:34
LH:33
BRDA:50,0,0,2
BRDA:50,0,1,3
BRDA:60,1,0,1
BRDA:60,1,1,0
BRF:4
BRH:3
end_of_record
TN:
SF:src/hooks/useReports.ts
FN:34,(anonymous_0)
FN:47,(anonymous_1)
FN:49,(anonymous_2)
FN:56,(anonymous_3)
FN:94,(anonymous_4)
FN:98,(anonymous_5)
FN:110,(anonymous_6)
FN:122,(anonymous_7)
FN:126,(anonymous_8)
FN:135,(anonymous_9)
FN:137,(anonymous_10)
FNF:11
FNH:11
FNDA:30,(anonymous_0)
FNDA:11,(anonymous_1)
FNDA:5,(anonymous_2)
FNDA:8,(anonymous_3)
FNDA:6,(anonymous_4)
FNDA:6,(anonymous_5)
FNDA:2,(anonymous_6)
FNDA:5,(anonymous_7)
FNDA:11,(anonymous_8)
FNDA:12,(anonymous_9)
FNDA:9,(anonymous_10)
DA:34,1
DA:35,30
DA:36,30
DA:37,30
DA:38,30
DA:39,30
DA:40,30
DA:41,30
DA:42,30
DA:43,30
DA:44,30
DA:46,30
DA:48,11
DA:49,5
DA:50,5
DA:51,4
DA:56,30
DA:57,8
DA:58,8
DA:60,8
DA:61,8
DA:62,8
DA:64,8
DA:65,8
DA:66,2
DA:67,2
DA:68,2
DA:69,2
DA:70,2
DA:71,6
DA:72,6
DA:73,6
DA:74,6
DA:75,0
DA:76,0
DA:77,0
DA:78,0
DA:79,0
DA:82,8
DA:83,8
DA:85,0
DA:86,0
DA:88,8
DA:91,8
DA:94,30
DA:95,6
DA:98,30
DA:99,6
DA:100,6
DA:102,6
DA:103,6
DA:104,6
DA:106,0
DA:110,30
DA:111,2
DA:112,2
DA:114,2
DA:115,2
DA:117,2
DA:118,1
DA:122,30
DA:123,5
DA:126,30
DA:127,11
DA:128,10
DA:129,5
DA:130,5
DA:132,5
DA:135,30
DA:136,12
DA:137,9
DA:138,9
DA:142,30
LF:73
LH:65
BRDA:48,0,0,6
BRDA:48,0,1,5
BRDA:50,1,0,1
BRDA:50,1,1,4
BRDA:51,2,0,4
BRDA:51,2,1,0
BRDA:65,3,0,2
BRDA:65,3,1,6
BRDA:71,4,0,6
BRDA:71,4,1,0
BRDA:75,5,0,0
BRDA:75,5,1,0
BRDA:85,6,0,0
BRDA:85,6,1,0
BRDA:112,7,0,0
BRDA:112,7,1,2
BRDA:117,8,0,1
BRDA:117,8,1,1
BRDA:127,9,0,1
BRDA:127,9,1,10
BRDA:128,10,0,5
BRDA:128,10,1,5
BRDA:136,11,0,3
BRDA:136,11,1,9
BRF:24
BRH:17
end_of_record
TN:
SF:src/hooks/useUpdateCheck.ts
FN:13,(anonymous_0)
FN:18,(anonymous_1)
FN:32,(anonymous_2)
FN:37,(anonymous_3)
FNF:4
FNH:4
FNDA:7,(anonymous_0)
FNDA:4,(anonymous_1)
FNDA:1,(anonymous_2)
FNDA:3,(anonymous_3)
DA:4,1
DA:13,1
DA:14,7
DA:15,7
DA:16,7
DA:18,7
DA:19,4
DA:21,2
DA:22,2
DA:23,2
DA:24,2
DA:25,2
DA:28,2
DA:32,7
DA:33,1
DA:34,1
DA:37,7
DA:39,3
DA:42,7
LF:19
LH:19
BRDA:19,0,0,2
BRDA:19,0,1,2
BRDA:24,1,0,2
BRDA:24,1,1,0
BRDA:24,2,0,2
BRDA:24,2,1,2
BRF:6
BRH:5
end_of_record
TN:
SF:src/lib/csvSecurity.ts
FN:3,(anonymous_0)
FN:11,(anonymous_1)
FN:12,(anonymous_2)
FNF:3
FNH:3
FNDA:7,(anonymous_0)
FNDA:1,(anonymous_1)
FNDA:3,(anonymous_2)
DA:1,1
DA:3,1
DA:4,7
DA:5,7
DA:6,7
DA:7,7
DA:8,7
DA:11,1
DA:12,3
LF:9
LH:9
BRDA:4,0,0,7
BRDA:4,0,1,0
BRDA:6,1,0,3
BRDA:6,1,1,4
BRF:4
BRH:3
end_of_record
TN:
SF:src/lib/nfcePayloadValidation.ts
FN:31,(anonymous_0)
FN:42,(anonymous_1)
FN:50,(anonymous_2)
FN:55,(anonymous_3)
FN:65,(anonymous_4)
FN:73,(anonymous_5)
FN:81,(anonymous_6)
FN:118,(anonymous_7)
FN:138,(anonymous_8)
FN:151,(anonymous_9)
FNF:10
FNH:10
FNDA:13,(anonymous_0)
FNDA:2,(anonymous_1)
FNDA:2,(anonymous_2)
FNDA:2,(anonymous_3)
FNDA:10,(anonymous_4)
FNDA:7,(anonymous_5)
FNDA:3,(anonymous_6)
FNDA:4,(anonymous_7)
FNDA:3,(anonymous_8)
FNDA:3,(anonymous_9)
DA:1,2
DA:2,2
DA:3,2
DA:4,2
DA:5,2
DA:7,2
DA:8,2
DA:9,2
DA:10,2
DA:11,2
DA:31,2
DA:32,13
DA:33,0
DA:37,13
DA:38,13
DA:39,13
DA:42,2
DA:43,2
DA:44,0
DA:47,2
DA:50,2
DA:51,2
DA:52,2
DA:55,2
DA:56,2
DA:57,2
DA:58,0
DA:61,2
DA:62,2
DA:65,2
DA:66,10
DA:67,0
DA:70,10
DA:73,2
DA:74,7
DA:75,0
DA:78,7
DA:81,2
DA:82,3
DA:83,0
DA:86,3
DA:87,3
DA:88,3
DA:89,0
DA:92,3
DA:93,3
DA:94,1
DA:97,2
DA:100,2
DA:105,2
DA:109,2
DA:118,2
DA:119,4
DA:120,0
DA:123,4
DA:124,4
DA:126,4
DA:127,0
DA:130,4
DA:131,1
DA:134,3
DA:135,0
DA:138,3
DA:140,2
DA:151,2
DA:152,3
DA:153,3
DA:154,0
DA:157,3
DA:160,2
LF:70
LH:59
BRDA:32,0,0,0
BRDA:32,0,1,13
BRDA:43,1,0,0
BRDA:43,1,1,2
BRDA:52,2,0,2
BRDA:52,2,1,0
BRDA:57,3,0,0
BRDA:57,3,1,2
BRDA:62,4,0,2
BRDA:62,4,1,0
BRDA:66,5,0,0
BRDA:66,5,1,10
BRDA:66,6,0,10
BRDA:66,6,1,10
BRDA:74,7,0,0
BRDA:74,7,1,7
BRDA:74,8,0,7
BRDA:74,8,1,7
BRDA:82,9,0,0
BRDA:82,9,1,3
BRDA:82,10,0,3
BRDA:82,10,1,3
BRDA:82,10,2,3
BRDA:88,11,0,0
BRDA:88,11,1,3
BRDA:93,12,0,1
BRDA:93,12,1,2
BRDA:93,13,0,3
BRDA:93,13,1,2
BRDA:97,14,0,2
BRDA:97,14,1,0
BRDA:100,15,0,0
BRDA:100,15,1,2
BRDA:105,16,0,1
BRDA:105,16,1,1
BRDA:119,17,0,0
BRDA:119,17,1,4
BRDA:119,18,0,4
BRDA:119,18,1,4
BRDA:119,18,2,4
BRDA:126,19,0,0
BRDA:126,19,1,4
BRDA:130,20,0,1
BRDA:130,20,1,3
BRDA:134,21,0,0
BRDA:134,21,1,3
BRDA:153,22,0,0
BRDA:153,22,1,3
BRF:48
BRH:33
end_of_record
TN:
SF:src/lib/secureSessionStorage.ts
FN:15,(anonymous_0)
FN:17,(anonymous_1)
FN:22,(anonymous_2)
FN:35,(anonymous_3)
FN:49,(anonymous_4)
FN:69,(anonymous_5)
FNF:6
FNH:4
FNDA:3,(anonymous_0)
FNDA:0,(anonymous_1)
FNDA:6,(anonymous_2)
FNDA:0,(anonymous_3)
FNDA:2,(anonymous_4)
FNDA:2,(anonymous_5)
DA:3,6
DA:11,6
DA:13,6
DA:15,6
DA:16,3
DA:17,3
DA:18,0
DA:22,6
DA:23,6
DA:24,0
DA:26,6
DA:27,6
DA:29,1
DA:30,1
DA:31,1
DA:35,6
DA:36,0
DA:37,0
DA:38,0
DA:40,0
DA:41,0
DA:43,0
DA:44,0
DA:45,0
DA:49,6
DA:50,2
DA:51,0
DA:52,0
DA:54,2
DA:55,2
DA:57,0
DA:58,0
DA:59,0
DA:63,6
DA:69,6
DA:70,2
LF:36
LH:21
BRDA:23,0,0,0
BRDA:23,0,1,6
BRDA:24,1,0,0
BRDA:24,1,1,0
BRDA:31,2,0,1
BRDA:31,2,1,1
BRDA:36,3,0,0
BRDA:36,3,1,0
BRDA:50,4,0,0
BRDA:50,4,1,2
BRF:10
BRH:4
end_of_record
TN:
SF:src/lib/supabaseClient.ts
FN:20,(anonymous_0)
FN:28,(anonymous_1)
FN:36,(anonymous_2)
FN:53,(anonymous_3)
FN:86,(anonymous_4)
FN:104,(anonymous_5)
FNF:6
FNH:6
FNDA:56,(anonymous_0)
FNDA:14,(anonymous_1)
FNDA:11,(anonymous_2)
FNDA:14,(anonymous_3)
FNDA:2,(anonymous_4)
FNDA:4,(anonymous_5)
DA:20,4
DA:21,56
DA:22,56
DA:23,25
DA:25,31
DA:28,4
DA:29,14
DA:30,14
DA:31,0
DA:33,14
DA:36,4
DA:37,11
DA:38,4
DA:41,7
DA:42,0
DA:45,7
DA:46,7
DA:47,7
DA:49,0
DA:53,4
DA:54,14
DA:55,14
DA:56,14
DA:57,14
DA:58,14
DA:60,14
DA:66,14
DA:67,14
DA:69,14
DA:70,3
DA:73,11
DA:74,0
DA:77,11
DA:78,4
DA:81,7
DA:84,4
DA:86,4
DA:87,2
DA:88,2
DA:89,1
DA:92,1
DA:93,1
DA:101,1
DA:104,4
DA:105,4
DA:106,4
DA:107,2
DA:110,2
DA:111,2
DA:121,0
DA:122,0
DA:127,0
DA:131,4
LF:53
LH:46
BRDA:22,0,0,25
BRDA:22,0,1,31
BRDA:30,1,0,0
BRDA:30,1,1,14
BRDA:30,2,0,14
BRDA:30,2,1,14
BRDA:37,3,0,4
BRDA:37,3,1,7
BRDA:41,4,0,0
BRDA:41,4,1,7
BRDA:41,5,0,7
BRDA:41,5,1,7
BRDA:41,5,2,7
BRDA:41,5,3,7
BRDA:47,6,0,7
BRDA:47,6,1,7
BRDA:60,7,0,10
BRDA:60,7,1,4
BRDA:60,8,0,14
BRDA:60,8,1,7
BRDA:62,9,0,4
BRDA:62,9,1,0
BRDA:62,10,0,4
BRDA:62,10,1,0
BRDA:66,11,0,14
BRDA:66,11,1,7
BRDA:67,12,0,14
BRDA:67,12,1,4
BRDA:69,13,0,3
BRDA:69,13,1,11
BRDA:73,14,0,0
BRDA:73,14,1,11
BRDA:77,15,0,4
BRDA:77,15,1,7
BRDA:88,16,0,1
BRDA:88,16,1,1
BRDA:92,17,0,1
BRDA:92,17,1,0
BRDA:96,18,0,1
BRDA:96,18,1,0
BRDA:97,19,0,1
BRDA:97,19,1,0
BRDA:106,20,0,2
BRDA:106,20,1,2
BRDA:106,21,0,4
BRDA:106,21,1,2
BRDA:106,21,2,2
BRDA:121,22,0,0
BRDA:121,22,1,0
BRF:49
BRH:39
end_of_record
TN:
SF:src/navigation/AppNavigator.tsx
FN:32,(anonymous_0)
FN:57,(anonymous_1)
FN:67,(anonymous_2)
FN:77,(anonymous_3)
FN:87,(anonymous_4)
FN:97,(anonymous_5)
FN:106,(anonymous_6)
FNF:7
FNH:0
FNDA:0,(anonymous_0)
FNDA:0,(anonymous_1)
FNDA:0,(anonymous_2)
FNDA:0,(anonymous_3)
FNDA:0,(anonymous_4)
FNDA:0,(anonymous_5)
FNDA:0,(anonymous_6)
DA:29,0
DA:30,0
DA:32,0
DA:33,0
DA:35,0
DA:58,0
DA:68,0
DA:78,0
DA:88,0
DA:98,0
DA:106,0
DA:107,0
DA:109,0
DA:110,0
DA:113,0
LF:15
LH:0
BRDA:109,0,0,0
BRDA:109,0,1,0
BRDA:123,1,0,0
BRDA:123,1,1,0
BRDA:129,2,0,0
BRDA:129,2,1,0
BRF:6
BRH:0
end_of_record
TN:
SF:src/navigation/index.ts
FNF:0
FNH:0
LF:0
LH:0
BRF:0
BRH:0
end_of_record
TN:
SF:src/navigation/types.ts
FNF:0
FNH:0
LF:0
LH:0
BRF:0
BRH:0
end_of_record
TN:
SF:src/screens/DashboardScreen.tsx
FN:20,(anonymous_0)
FN:38,(anonymous_1)
FN:45,(anonymous_2)
FN:48,(anonymous_3)
FN:49,(anonymous_4)
FN:78,(anonymous_5)
FN:106,(anonymous_6)
FN:163,(anonymous_7)
FN:180,(anonymous_8)
FN:194,(anonymous_9)
FN:208,(anonymous_10)
FN:229,(anonymous_11)
FN:247,(anonymous_12)
FNF:13
FNH:6
FNDA:2,(anonymous_0)
FNDA:1,(anonymous_1)
FNDA:2,(anonymous_2)
FNDA:2,(anonymous_3)
FNDA:0,(anonymous_4)
FNDA:0,(anonymous_5)
FNDA:0,(anonymous_6)
FNDA:1,(anonymous_7)
FNDA:0,(anonymous_8)
FNDA:0,(anonymous_9)
FNDA:0,(anonymous_10)
FNDA:6,(anonymous_11)
FNDA:0,(anonymous_12)
DA:20,1
DA:34,2
DA:36,2
DA:38,2
DA:39,1
DA:40,1
DA:41,1
DA:45,2
DA:47,2
DA:48,2
DA:49,0
DA:50,2
DA:51,2
DA:53,2
DA:54,0
DA:55,0
DA:57,0
DA:59,2
DA:60,0
DA:61,0
DA:63,2
DA:66,2
DA:68,2
DA:69,2
DA:70,0
DA:71,0
DA:75,2
DA:76,2
DA:78,0
DA:79,2
DA:85,2
DA:86,0
DA:94,2
DA:106,0
DA:163,1
DA:180,0
DA:194,0
DA:208,0
DA:230,6
DA:247,0
DA:255,1
LF:41
LH:26
BRDA:45,0,0,2
BRDA:45,0,1,0
BRDA:47,1,0,2
BRDA:47,1,1,0
BRDA:48,2,0,2
BRDA:48,2,1,0
BRDA:49,3,0,0
BRDA:49,3,1,0
BRDA:53,4,0,0
BRDA:53,4,1,2
BRDA:54,5,0,0
BRDA:54,5,1,0
BRDA:59,6,0,0
BRDA:59,6,1,2
BRDA:66,7,0,2
BRDA:66,7,1,0
BRDA:68,8,0,2
BRDA:68,8,1,0
BRDA:70,9,0,0
BRDA:70,9,1,0
BRDA:80,10,0,2
BRDA:80,10,1,0
BRDA:81,11,0,2
BRDA:81,11,1,0
BRDA:82,12,0,2
BRDA:82,12,1,0
BRDA:85,13,0,0
BRDA:85,13,1,2
BRDA:116,14,0,2
BRDA:116,14,1,0
BRDA:120,15,0,0
BRDA:120,15,1,2
BRDA:122,16,0,2
BRDA:122,16,1,0
BRDA:135,17,0,2
BRDA:135,17,1,0
BRDA:140,18,0,2
BRDA:140,18,1,0
BRDA:145,19,0,2
BRDA:145,19,1,0
BRDA:151,20,0,2
BRDA:151,20,1,0
BRDA:224,21,0,0
BRDA:224,21,1,2
BRDA:233,22,0,2
BRDA:233,22,1,4
BRF:46
BRH:21
end_of_record
TN:
SF:src/screens/DraftDetailScreen.tsx
FN:37,(anonymous_0)
FN:56,(anonymous_1)
FN:70,(anonymous_2)
FN:78,(anonymous_3)
FN:101,(anonymous_4)
FN:110,(anonymous_5)
FN:124,(anonymous_6)
FN:137,(anonymous_7)
FN:142,(anonymous_8)
FN:156,(anonymous_9)
FN:165,(anonymous_10)
FN:166,(anonymous_11)
FN:169,(anonymous_12)
FN:184,(anonymous_13)
FN:217,(anonymous_14)
FN:222,(anonymous_15)
FN:228,(anonymous_16)
FN:247,(anonymous_17)
FN:256,(anonymous_18)
FN:263,(anonymous_19)
FN:271,(anonymous_20)
FN:332,(anonymous_21)
FN:338,(anonymous_22)
FN:344,(anonymous_23)
FN:345,(anonymous_24)
FN:351,(anonymous_25)
FNF:26
FNH:0
FNDA:0,(anonymous_0)
FNDA:0,(anonymous_1)
FNDA:0,(anonymous_2)
FNDA:0,(anonymous_3)
FNDA:0,(anonymous_4)
FNDA:0,(anonymous_5)
FNDA:0,(anonymous_6)
FNDA:0,(anonymous_7)
FNDA:0,(anonymous_8)
FNDA:0,(anonymous_9)
FNDA:0,(anonymous_10)
FNDA:0,(anonymous_11)
FNDA:0,(anonymous_12)
FNDA:0,(anonymous_13)
FNDA:0,(anonymous_14)
FNDA:0,(anonymous_15)
FNDA:0,(anonymous_16)
FNDA:0,(anonymous_17)
FNDA:0,(anonymous_18)
FNDA:0,(anonymous_19)
FNDA:0,(anonymous_20)
FNDA:0,(anonymous_21)
FNDA:0,(anonymous_22)
FNDA:0,(anonymous_23)
FNDA:0,(anonymous_24)
FNDA:0,(anonymous_25)
DA:28,0
DA:37,0
DA:38,0
DA:39,0
DA:40,0
DA:42,0
DA:43,0
DA:44,0
DA:45,0
DA:46,0
DA:49,0
DA:50,0
DA:51,0
DA:52,0
DA:54,0
DA:56,0
DA:57,0
DA:58,0
DA:59,0
DA:60,0
DA:61,0
DA:63,0
DA:64,0
DA:66,0
DA:70,0
DA:71,0
DA:72,0
DA:74,0
DA:78,0
DA:79,0
DA:80,0
DA:81,0
DA:84,0
DA:86,0
DA:87,0
DA:88,0
DA:90,0
DA:92,0
DA:94,0
DA:95,0
DA:97,0
DA:101,0
DA:102,0
DA:111,0
DA:112,0
DA:113,0
DA:115,0
DA:116,0
DA:124,0
DA:125,0
DA:126,0
DA:127,0
DA:130,0
DA:138,0
DA:139,0
DA:140,0
DA:141,0
DA:142,0
DA:145,0
DA:146,0
DA:148,0
DA:156,0
DA:157,0
DA:158,0
DA:159,0
DA:161,0
DA:162,0
DA:165,0
DA:166,0
DA:169,0
DA:171,0
DA:172,0
DA:175,0
DA:176,0
DA:179,0
DA:184,0
DA:218,0
DA:223,0
DA:228,0
DA:247,0
DA:256,0
DA:263,0
DA:271,0
DA:332,0
DA:338,0
DA:344,0
DA:346,0
DA:352,0
DA:353,0
DA:374,0
LF:90
LH:0
BRDA:54,0,0,0
BRDA:54,0,1,0
BRDA:61,1,0,0
BRDA:61,1,1,0
BRDA:63,2,0,0
BRDA:63,2,1,0
BRDA:71,3,0,0
BRDA:71,3,1,0
BRDA:79,4,0,0
BRDA:79,4,1,0
BRDA:79,5,0,0
BRDA:79,5,1,0
BRDA:87,6,0,0
BRDA:87,6,1,0
BRDA:94,7,0,0
BRDA:94,7,1,0
BRDA:115,8,0,0
BRDA:115,8,1,0
BRDA:125,9,0,0
BRDA:125,9,1,0
BRDA:145,10,0,0
BRDA:145,10,1,0
BRDA:157,11,0,0
BRDA:157,11,1,0
BRDA:171,12,0,0
BRDA:171,12,1,0
BRDA:175,13,0,0
BRDA:175,13,1,0
BRDA:175,14,0,0
BRDA:175,14,1,0
BRDA:182,15,0,0
BRDA:182,15,1,0
BRDA:198,16,0,0
BRDA:198,16,1,0
BRDA:198,16,2,0
BRDA:210,17,0,0
BRDA:210,17,1,0
BRDA:233,18,0,0
BRDA:233,18,1,0
BRDA:256,19,0,0
BRDA:256,19,1,0
BRDA:271,20,0,0
BRDA:271,20,1,0
BRDA:295,21,0,0
BRDA:295,21,1,0
BRDA:301,22,0,0
BRDA:301,22,1,0
BRDA:306,23,0,0
BRDA:306,23,1,0
BRDA:314,24,0,0
BRDA:314,24,1,0
BRDA:319,25,0,0
BRDA:319,25,1,0
BRDA:349,26,0,0
BRDA:349,26,1,0
BRDA:359,27,0,0
BRDA:359,27,1,0
BRF:57
BRH:0
end_of_record
TN:
SF:src/screens/DraftsScreen.tsx
FN:16,(anonymous_0)
FN:24,(anonymous_1)
FN:29,(anonymous_2)
FN:33,(anonymous_3)
FN:37,(anonymous_4)
FN:43,(anonymous_5)
FN:52,(anonymous_6)
FN:56,(anonymous_7)
FN:65,(anonymous_8)
FN:71,(anonymous_9)
FN:75,(anonymous_10)
FN:89,(anonymous_11)
FN:109,(anonymous_12)
FN:110,(anonymous_13)
FNF:14
FNH:0
FNDA:0,(anonymous_0)
FNDA:0,(anonymous_1)
FNDA:0,(anonymous_2)
FNDA:0,(anonymous_3)
FNDA:0,(anonymous_4)
FNDA:0,(anonymous_5)
FNDA:0,(anonymous_6)
FNDA:0,(anonymous_7)
FNDA:0,(anonymous_8)
FNDA:0,(anonymous_9)
FNDA:0,(anonymous_10)
FNDA:0,(anonymous_11)
FNDA:0,(anonymous_12)
FNDA:0,(anonymous_13)
DA:16,0
DA:17,0
DA:18,0
DA:19,0
DA:20,0
DA:22,0
DA:24,0
DA:29,0
DA:30,0
DA:33,0
DA:34,0
DA:37,0
DA:38,0
DA:39,0
DA:40,0
DA:43,0
DA:44,0
DA:45,0
DA:48,0
DA:49,0
DA:52,0
DA:53,0
DA:56,0
DA:57,0
DA:65,0
DA:71,0
DA:72,0
DA:75,0
DA:76,0
DA:77,0
DA:78,0
DA:84,0
DA:85,0
DA:88,0
DA:89,0
DA:92,0
DA:109,0
DA:111,0
DA:158,0
LF:39
LH:0
BRDA:24,0,0,0
BRDA:44,1,0,0
BRDA:44,1,1,0
BRDA:44,2,0,0
BRDA:44,2,1,0
BRDA:44,2,2,0
BRDA:48,3,0,0
BRDA:48,3,1,0
BRDA:77,4,0,0
BRDA:77,4,1,0
BRDA:79,5,0,0
BRDA:79,5,1,0
BRDA:84,6,0,0
BRDA:84,6,1,0
BRDA:84,7,0,0
BRDA:84,7,1,0
BRDA:88,8,0,0
BRDA:88,8,1,0
BRDA:133,9,0,0
BRDA:133,9,1,0
BRDA:138,10,0,0
BRDA:138,10,1,0
BRDA:138,11,0,0
BRDA:138,11,1,0
BRF:24
BRH:0
end_of_record
TN:
SF:src/screens/EditProfileScreen.tsx
FN:29,(anonymous_0)
FN:35,(anonymous_1)
FN:63,(anonymous_2)
FNF:3
FNH:0
FNDA:0,(anonymous_0)
FNDA:0,(anonymous_1)
FNDA:0,(anonymous_2)
DA:29,0
DA:30,0
DA:31,0
DA:32,0
DA:33,0
DA:35,0
DA:36,0
DA:37,0
DA:38,0
DA:41,0
DA:42,0
DA:43,0
DA:46,0
DA:47,0
DA:48,0
DA:49,0
DA:50,0
DA:52,0
DA:53,0
DA:55,0
DA:59,0
DA:63,0
DA:113,0
LF:23
LH:0
BRDA:32,0,0,0
BRDA:32,0,1,0
BRDA:36,1,0,0
BRDA:36,1,1,0
BRDA:41,2,0,0
BRDA:41,2,1,0
BRDA:52,3,0,0
BRDA:52,3,1,0
BRDA:88,4,0,0
BRDA:88,4,1,0
BRDA:98,5,0,0
BRDA:98,5,1,0
BRDA:102,6,0,0
BRDA:102,6,1,0
BRF:14
BRH:0
end_of_record
TN:
SF:src/screens/ForgotPasswordScreen.tsx
FN:22,(anonymous_0)
FN:29,(anonymous_1)
FN:85,(anonymous_2)
FNF:3
FNH:0
FNDA:0,(anonymous_0)
FNDA:0,(anonymous_1)
FNDA:0,(anonymous_2)
DA:22,0
DA:25,0
DA:26,0
DA:27,0
DA:29,0
DA:30,0
DA:31,0
DA:33,0
DA:34,0
DA:35,0
DA:38,0
DA:39,0
DA:40,0
DA:43,0
DA:44,0
DA:46,0
DA:47,0
DA:48,0
DA:52,0
DA:54,0
DA:55,0
DA:56,0
DA:65,0
DA:66,0
DA:69,0
DA:72,0
DA:74,0
DA:78,0
DA:85,0
DA:136,0
LF:30
LH:0
BRDA:33,0,0,0
BRDA:33,0,1,0
BRDA:38,1,0,0
BRDA:38,1,1,0
BRDA:55,2,0,0
BRDA:55,2,1,0
BRDA:65,3,0,0
BRDA:65,3,1,0
BRDA:81,4,0,0
BRDA:81,4,1,0
BRDA:100,5,0,0
BRDA:100,5,1,0
BRDA:122,6,0,0
BRDA:122,6,1,0
BRDA:128,7,0,0
BRDA:128,7,1,0
BRF:16
BRH:0
end_of_record
TN:
SF:src/screens/LoginScreen.tsx
FN:22,(anonymous_0)
FN:31,(anonymous_1)
FN:114,(anonymous_2)
FN:120,(anonymous_3)
FN:150,(anonymous_4)
FN:158,(anonymous_5)
FNF:6
FNH:0
FNDA:0,(anonymous_0)
FNDA:0,(anonymous_1)
FNDA:0,(anonymous_2)
FNDA:0,(anonymous_3)
FNDA:0,(anonymous_4)
FNDA:0,(anonymous_5)
DA:16,0
DA:22,0
DA:23,0
DA:25,0
DA:26,0
DA:27,0
DA:28,0
DA:29,0
DA:31,0
DA:32,0
DA:33,0
DA:34,0
DA:37,0
DA:38,0
DA:40,0
DA:41,0
DA:43,0
DA:44,0
DA:45,0
DA:47,0
DA:49,0
DA:53,0
DA:114,0
DA:120,0
DA:150,0
DA:159,0
DA:172,0
LF:27
LH:0
BRDA:32,0,0,0
BRDA:32,0,1,0
BRDA:32,1,0,0
BRDA:32,1,1,0
BRDA:43,2,0,0
BRDA:43,2,1,0
BRDA:44,3,0,0
BRDA:44,3,1,0
BRDA:56,4,0,0
BRDA:56,4,1,0
BRDA:78,5,0,0
BRDA:78,5,1,0
BRDA:113,6,0,0
BRDA:113,6,1,0
BRDA:130,7,0,0
BRDA:130,7,1,0
BRF:16
BRH:0
end_of_record
TN:
SF:src/screens/OnboardingScreen.tsx
FN:9,(anonymous_0)
FN:14,(anonymous_1)
FN:22,(anonymous_2)
FN:52,(anonymous_3)
FNF:4
FNH:0
FNDA:0,(anonymous_0)
FNDA:0,(anonymous_1)
FNDA:0,(anonymous_2)
FNDA:0,(anonymous_3)
DA:9,0
DA:10,0
DA:11,0
DA:12,0
DA:14,0
DA:15,0
DA:16,0
DA:18,0
DA:22,0
DA:23,0
DA:26,0
DA:27,0
DA:29,0
DA:53,0
DA:81,0
LF:15
LH:0
BRDA:15,0,0,0
BRDA:15,0,1,0
BRDA:57,1,0,0
BRDA:57,1,1,0
BRDA:74,2,0,0
BRDA:74,2,1,0
BRF:6
BRH:0
end_of_record
TN:
SF:src/screens/PriceComparatorScreen.tsx
FN:15,(anonymous_0)
FN:23,(anonymous_1)
FN:26,(anonymous_2)
FN:27,(anonymous_3)
FN:28,(anonymous_4)
FN:33,(anonymous_5)
FN:34,(anonymous_6)
FN:34,(anonymous_7)
FN:37,(anonymous_8)
FN:38,(anonymous_9)
FN:39,(anonymous_10)
FN:43,(anonymous_11)
FN:47,(anonymous_12)
FN:49,(anonymous_13)
FN:56,(anonymous_14)
FN:57,(anonymous_15)
FN:64,(anonymous_16)
FN:99,(anonymous_17)
FN:103,(anonymous_18)
FN:104,(anonymous_19)
FNF:20
FNH:15
FNDA:6,(anonymous_0)
FNDA:5,(anonymous_1)
FNDA:1,(anonymous_2)
FNDA:1,(anonymous_3)
FNDA:1,(anonymous_4)
FNDA:1,(anonymous_5)
FNDA:1,(anonymous_6)
FNDA:2,(anonymous_7)
FNDA:0,(anonymous_8)
FNDA:0,(anonymous_9)
FNDA:0,(anonymous_10)
FNDA:1,(anonymous_11)
FNDA:5,(anonymous_12)
FNDA:5,(anonymous_13)
FNDA:5,(anonymous_14)
FNDA:1,(anonymous_15)
FNDA:0,(anonymous_16)
FNDA:5,(anonymous_17)
FNDA:0,(anonymous_18)
FNDA:1,(anonymous_19)
DA:15,6
DA:23,1
DA:24,5
DA:26,5
DA:27,1
DA:28,1
DA:29,1
DA:33,5
DA:34,2
DA:37,5
DA:38,0
DA:39,0
DA:43,5
DA:44,1
DA:47,5
DA:48,5
DA:50,5
DA:51,5
DA:53,0
DA:56,5
DA:57,1
DA:59,5
DA:62,5
DA:64,0
DA:100,5
DA:103,0
DA:104,1
DA:114,1
LF:28
LH:23
BRDA:39,0,0,0
BRDA:39,0,1,0
BRDA:92,1,0,1
BRDA:92,1,1,4
BRF:4
BRH:2
end_of_record
TN:
SF:src/screens/ProfileScreen.tsx
FN:23,(anonymous_0)
FN:31,(anonymous_1)
FN:58,(anonymous_2)
FN:65,(anonymous_3)
FN:68,(anonymous_4)
FN:122,(anonymous_5)
FNF:6
FNH:0
FNDA:0,(anonymous_0)
FNDA:0,(anonymous_1)
FNDA:0,(anonymous_2)
FNDA:0,(anonymous_3)
FNDA:0,(anonymous_4)
FNDA:0,(anonymous_5)
DA:23,0
DA:24,0
DA:25,0
DA:27,0
DA:28,0
DA:29,0
DA:31,0
DA:32,0
DA:33,0
DA:34,0
DA:36,0
DA:37,0
DA:38,0
DA:40,0
DA:41,0
DA:42,0
DA:44,0
DA:45,0
DA:46,0
DA:47,0
DA:48,0
DA:49,0
DA:51,0
DA:52,0
DA:54,0
DA:58,0
DA:59,0
DA:65,0
DA:66,0
DA:68,0
DA:74,0
DA:122,0
DA:178,0
LF:33
LH:0
BRDA:25,0,0,0
BRDA:25,0,1,0
BRDA:32,1,0,0
BRDA:32,1,1,0
BRDA:32,2,0,0
BRDA:32,2,1,0
BRDA:36,3,0,0
BRDA:36,3,1,0
BRDA:40,4,0,0
BRDA:40,4,1,0
BRDA:51,5,0,0
BRDA:51,5,1,0
BRDA:91,6,0,0
BRDA:91,6,1,0
BRDA:96,7,0,0
BRDA:96,7,1,0
BRDA:97,8,0,0
BRDA:97,8,1,0
BRDA:109,9,0,0
BRDA:109,9,1,0
BRDA:116,10,0,0
BRDA:116,10,1,0
BRDA:161,11,0,0
BRDA:161,11,1,0
BRF:24
BRH:0
end_of_record
TN:
SF:src/screens/PurchaseDetailScreen.tsx
FN:19,(anonymous_0)
FN:40,(anonymous_1)
FN:52,(anonymous_2)
FN:56,(anonymous_3)
FN:65,(anonymous_4)
FN:74,(anonymous_5)
FN:88,(anonymous_6)
FN:112,(anonymous_7)
FN:117,(anonymous_8)
FN:125,(anonymous_9)
FN:134,(anonymous_10)
FN:141,(anonymous_11)
FN:158,(anonymous_12)
FN:168,(anonymous_13)
FN:175,(anonymous_14)
FN:213,(anonymous_15)
FN:226,(anonymous_16)
FN:257,(anonymous_17)
FN:325,(anonymous_18)
FN:329,(anonymous_19)
FN:346,(anonymous_20)
FN:367,(anonymous_21)
FN:386,(anonymous_22)
FN:390,(anonymous_23)
FN:398,(anonymous_24)
FN:402,(anonymous_25)
FN:412,(anonymous_26)
FN:416,(anonymous_27)
FN:424,(anonymous_28)
FN:428,(anonymous_29)
FN:492,(anonymous_30)
FN:495,(anonymous_31)
FN:499,(anonymous_32)
FNF:33
FNH:0
FNDA:0,(anonymous_0)
FNDA:0,(anonymous_1)
FNDA:0,(anonymous_2)
FNDA:0,(anonymous_3)
FNDA:0,(anonymous_4)
FNDA:0,(anonymous_5)
FNDA:0,(anonymous_6)
FNDA:0,(anonymous_7)
FNDA:0,(anonymous_8)
FNDA:0,(anonymous_9)
FNDA:0,(anonymous_10)
FNDA:0,(anonymous_11)
FNDA:0,(anonymous_12)
FNDA:0,(anonymous_13)
FNDA:0,(anonymous_14)
FNDA:0,(anonymous_15)
FNDA:0,(anonymous_16)
FNDA:0,(anonymous_17)
FNDA:0,(anonymous_18)
FNDA:0,(anonymous_19)
FNDA:0,(anonymous_20)
FNDA:0,(anonymous_21)
FNDA:0,(anonymous_22)
FNDA:0,(anonymous_23)
FNDA:0,(anonymous_24)
FNDA:0,(anonymous_25)
FNDA:0,(anonymous_26)
FNDA:0,(anonymous_27)
FNDA:0,(anonymous_28)
FNDA:0,(anonymous_29)
FNDA:0,(anonymous_30)
FNDA:0,(anonymous_31)
FNDA:0,(anonymous_32)
DA:19,0
DA:20,0
DA:21,0
DA:22,0
DA:23,0
DA:24,0
DA:25,0
DA:26,0
DA:27,0
DA:28,0
DA:29,0
DA:30,0
DA:31,0
DA:32,0
DA:33,0
DA:34,0
DA:35,0
DA:36,0
DA:37,0
DA:38,0
DA:40,0
DA:41,0
DA:42,0
DA:43,0
DA:45,0
DA:46,0
DA:48,0
DA:52,0
DA:53,0
DA:56,0
DA:57,0
DA:58,0
DA:59,0
DA:60,0
DA:62,0
DA:65,0
DA:66,0
DA:75,0
DA:76,0
DA:77,0
DA:79,0
DA:80,0
DA:88,0
DA:89,0
DA:90,0
DA:91,0
DA:93,0
DA:94,0
DA:95,0
DA:98,0
DA:99,0
DA:100,0
DA:103,0
DA:104,0
DA:105,0
DA:107,0
DA:108,0
DA:112,0
DA:113,0
DA:114,0
DA:117,0
DA:118,0
DA:119,0
DA:122,0
DA:125,0
DA:126,0
DA:127,0
DA:130,0
DA:131,0
DA:132,0
DA:134,0
DA:135,0
DA:136,0
DA:139,0
DA:142,0
DA:149,0
DA:151,0
DA:152,0
DA:154,0
DA:158,0
DA:159,0
DA:160,0
DA:162,0
DA:163,0
DA:164,0
DA:165,0
DA:168,0
DA:169,0
DA:170,0
DA:172,0
DA:175,0
DA:176,0
DA:177,0
DA:180,0
DA:181,0
DA:183,0
DA:184,0
DA:185,0
DA:187,0
DA:188,0
DA:189,0
DA:191,0
DA:192,0
DA:193,0
DA:196,0
DA:197,0
DA:198,0
DA:203,0
DA:204,0
DA:206,0
DA:207,0
DA:209,0
DA:213,0
DA:214,0
DA:215,0
DA:218,0
DA:227,0
DA:228,0
DA:229,0
DA:230,0
DA:232,0
DA:233,0
DA:235,0
DA:243,0
DA:244,0
DA:247,0
DA:248,0
DA:251,0
DA:252,0
DA:253,0
DA:255,0
DA:257,0
DA:326,0
DA:329,0
DA:346,0
DA:367,0
DA:386,0
DA:390,0
DA:399,0
DA:403,0
DA:404,0
DA:412,0
DA:416,0
DA:425,0
DA:429,0
DA:430,0
DA:492,0
DA:496,0
DA:499,0
DA:519,0
LF:150
LH:0
BRDA:45,0,0,0
BRDA:45,0,1,0
BRDA:57,1,0,0
BRDA:57,1,1,0
BRDA:58,2,0,0
BRDA:58,2,1,0
BRDA:79,3,0,0
BRDA:79,3,1,0
BRDA:89,4,0,0
BRDA:89,4,1,0
BRDA:93,5,0,0
BRDA:93,5,1,0
BRDA:93,6,0,0
BRDA:93,6,1,0
BRDA:98,7,0,0
BRDA:98,7,1,0
BRDA:107,8,0,0
BRDA:107,8,1,0
BRDA:114,9,0,0
BRDA:114,9,1,0
BRDA:118,10,0,0
BRDA:118,10,1,0
BRDA:126,11,0,0
BRDA:126,11,1,0
BRDA:135,12,0,0
BRDA:135,12,1,0
BRDA:141,13,0,0
BRDA:141,13,1,0
BRDA:142,14,0,0
BRDA:142,14,1,0
BRDA:151,15,0,0
BRDA:151,15,1,0
BRDA:159,16,0,0
BRDA:159,16,1,0
BRDA:169,17,0,0
BRDA:169,17,1,0
BRDA:176,18,0,0
BRDA:176,18,1,0
BRDA:176,19,0,0
BRDA:176,19,1,0
BRDA:183,20,0,0
BRDA:183,20,1,0
BRDA:187,21,0,0
BRDA:187,21,1,0
BRDA:187,22,0,0
BRDA:187,22,1,0
BRDA:191,23,0,0
BRDA:191,23,1,0
BRDA:191,24,0,0
BRDA:191,24,1,0
BRDA:206,25,0,0
BRDA:206,25,1,0
BRDA:214,26,0,0
BRDA:214,26,1,0
BRDA:232,27,0,0
BRDA:232,27,1,0
BRDA:243,28,0,0
BRDA:243,28,1,0
BRDA:247,29,0,0
BRDA:247,29,1,0
BRDA:247,30,0,0
BRDA:247,30,1,0
BRDA:248,31,0,0
BRDA:248,31,1,0
BRDA:251,32,0,0
BRDA:251,32,1,0
BRDA:263,33,0,0
BRDA:263,33,1,0
BRDA:265,34,0,0
BRDA:265,34,1,0
BRDA:265,34,2,0
BRDA:282,35,0,0
BRDA:282,35,1,0
BRDA:284,36,0,0
BRDA:284,36,1,0
BRDA:308,37,0,0
BRDA:308,37,1,0
BRDA:321,38,0,0
BRDA:321,38,1,0
BRDA:326,39,0,0
BRDA:326,39,1,0
BRDA:331,40,0,0
BRDA:331,40,1,0
BRDA:340,41,0,0
BRDA:340,41,1,0
BRDA:360,42,0,0
BRDA:360,42,1,0
BRDA:372,43,0,0
BRDA:372,43,1,0
BRDA:377,44,0,0
BRDA:377,44,1,0
BRDA:393,45,0,0
BRDA:393,45,1,0
BRDA:419,46,0,0
BRDA:419,46,1,0
BRDA:440,47,0,0
BRDA:440,47,1,0
BRDA:440,47,2,0
BRDA:440,47,3,0
BRF:99
BRH:0
end_of_record
TN:
SF:src/screens/PurchaseEditScreen.tsx
FN:17,(anonymous_0)
FN:30,(anonymous_1)
FN:56,(anonymous_2)
FN:60,(anonymous_3)
FN:109,(anonymous_4)
FN:125,(anonymous_5)
FN:162,(anonymous_6)
FN:164,(anonymous_7)
FN:167,(anonymous_8)
FN:176,(anonymous_9)
FN:181,(anonymous_10)
FN:185,(anonymous_11)
FNF:12
FNH:0
FNDA:0,(anonymous_0)
FNDA:0,(anonymous_1)
FNDA:0,(anonymous_2)
FNDA:0,(anonymous_3)
FNDA:0,(anonymous_4)
FNDA:0,(anonymous_5)
FNDA:0,(anonymous_6)
FNDA:0,(anonymous_7)
FNDA:0,(anonymous_8)
FNDA:0,(anonymous_9)
FNDA:0,(anonymous_10)
FNDA:0,(anonymous_11)
DA:17,0
DA:18,0
DA:19,0
DA:20,0
DA:21,0
DA:22,0
DA:23,0
DA:24,0
DA:25,0
DA:26,0
DA:27,0
DA:28,0
DA:30,0
DA:31,0
DA:32,0
DA:33,0
DA:34,0
DA:35,0
DA:36,0
DA:37,0
DA:39,0
DA:40,0
DA:41,0
DA:42,0
DA:45,0
DA:46,0
DA:48,0
DA:49,0
DA:50,0
DA:52,0
DA:56,0
DA:57,0
DA:60,0
DA:61,0
DA:62,0
DA:63,0
DA:66,0
DA:67,0
DA:68,0
DA:71,0
DA:72,0
DA:73,0
DA:74,0
DA:77,0
DA:78,0
DA:79,0
DA:80,0
DA:86,0
DA:87,0
DA:89,0
DA:94,0
DA:95,0
DA:98,0
DA:99,0
DA:101,0
DA:105,0
DA:106,0
DA:109,0
DA:122,0
DA:125,0
DA:162,0
DA:164,0
DA:167,0
DA:177,0
DA:178,0
DA:182,0
DA:186,0
DA:187,0
DA:207,0
LF:69
LH:0
BRDA:20,0,0,0
BRDA:20,0,1,0
BRDA:32,1,0,0
BRDA:32,1,1,0
BRDA:35,2,0,0
BRDA:35,2,1,0
BRDA:36,3,0,0
BRDA:36,3,1,0
BRDA:37,4,0,0
BRDA:37,4,1,0
BRDA:46,5,0,0
BRDA:46,5,1,0
BRDA:48,6,0,0
BRDA:48,6,1,0
BRDA:61,7,0,0
BRDA:61,7,1,0
BRDA:61,8,0,0
BRDA:61,8,1,0
BRDA:66,9,0,0
BRDA:66,9,1,0
BRDA:72,10,0,0
BRDA:72,10,1,0
BRDA:79,11,0,0
BRDA:79,11,1,0
BRDA:83,12,0,0
BRDA:83,12,1,0
BRDA:98,13,0,0
BRDA:98,13,1,0
BRDA:105,14,0,0
BRDA:105,14,1,0
BRDA:166,15,0,0
BRDA:166,15,1,0
BRDA:167,16,0,0
BRDA:167,16,1,0
BRDA:194,17,0,0
BRDA:194,17,1,0
BRDA:199,18,0,0
BRDA:199,18,1,0
BRF:38
BRH:0
end_of_record
TN:
SF:src/screens/PurchasesScreen.tsx
FN:18,(anonymous_0)
FN:27,(anonymous_1)
FN:37,(anonymous_2)
FN:41,(anonymous_3)
FN:45,(anonymous_4)
FN:51,(anonymous_5)
FN:60,(anonymous_6)
FN:64,(anonymous_7)
FN:68,(anonymous_8)
FN:77,(anonymous_9)
FN:90,(anonymous_10)
FN:99,(anonymous_11)
FN:106,(anonymous_12)
FN:116,(anonymous_13)
FN:124,(anonymous_14)
FN:163,(anonymous_15)
FN:169,(anonymous_16)
FN:175,(anonymous_17)
FN:184,(anonymous_18)
FN:190,(anonymous_19)
FN:194,(anonymous_20)
FN:209,(anonymous_21)
FN:210,(anonymous_22)
FN:228,(anonymous_23)
FNF:24
FNH:10
FNDA:2,(anonymous_0)
FNDA:2,(anonymous_1)
FNDA:2,(anonymous_2)
FNDA:2,(anonymous_3)
FNDA:0,(anonymous_4)
FNDA:0,(anonymous_5)
FNDA:0,(anonymous_6)
FNDA:0,(anonymous_7)
FNDA:0,(anonymous_8)
FNDA:0,(anonymous_9)
FNDA:1,(anonymous_10)
FNDA:2,(anonymous_11)
FNDA:0,(anonymous_12)
FNDA:2,(anonymous_13)
FNDA:0,(anonymous_14)
FNDA:0,(anonymous_15)
FNDA:0,(anonymous_16)
FNDA:0,(anonymous_17)
FNDA:0,(anonymous_18)
FNDA:18,(anonymous_19)
FNDA:0,(anonymous_20)
FNDA:4,(anonymous_21)
FNDA:2,(anonymous_22)
FNDA:0,(anonymous_23)
DA:18,1
DA:19,2
DA:20,2
DA:21,2
DA:22,2
DA:23,2
DA:25,2
DA:27,2
DA:28,2
DA:30,2
DA:37,2
DA:38,2
DA:41,2
DA:42,2
DA:45,2
DA:46,0
DA:47,0
DA:48,0
DA:51,2
DA:52,0
DA:53,0
DA:56,0
DA:57,0
DA:60,2
DA:61,0
DA:64,2
DA:65,0
DA:68,2
DA:69,0
DA:78,0
DA:79,0
DA:80,0
DA:82,0
DA:90,2
DA:91,1
DA:92,1
DA:93,1
DA:96,0
DA:99,2
DA:101,2
DA:104,2
DA:106,0
DA:108,2
DA:109,0
DA:110,0
DA:111,0
DA:115,2
DA:116,2
DA:117,2
DA:119,2
DA:120,0
DA:123,2
DA:124,0
DA:127,2
DA:163,0
DA:169,0
DA:175,0
DA:184,0
DA:191,18
DA:194,0
DA:209,4
DA:211,2
DA:228,0
DA:260,1
LF:64
LH:37
BRDA:27,0,0,0
BRDA:28,1,0,2
BRDA:28,1,1,0
BRDA:52,2,0,0
BRDA:52,2,1,0
BRDA:52,3,0,0
BRDA:52,3,1,0
BRDA:52,3,2,0
BRDA:56,4,0,0
BRDA:56,4,1,0
BRDA:91,5,0,1
BRDA:91,5,1,0
BRDA:99,6,0,2
BRDA:99,6,1,0
BRDA:101,7,0,2
BRDA:101,7,1,0
BRDA:104,8,0,2
BRDA:104,8,1,0
BRDA:106,9,0,0
BRDA:106,9,1,0
BRDA:106,10,0,0
BRDA:106,10,1,0
BRDA:108,11,0,2
BRDA:108,11,1,0
BRDA:108,12,0,2
BRDA:108,12,1,2
BRDA:109,13,0,0
BRDA:109,13,1,0
BRDA:109,14,0,0
BRDA:109,14,1,0
BRDA:109,14,2,0
BRDA:110,15,0,0
BRDA:110,15,1,0
BRDA:110,16,0,0
BRDA:110,16,1,0
BRDA:110,16,2,0
BRDA:111,17,0,0
BRDA:111,17,1,0
BRDA:115,18,0,2
BRDA:115,18,1,0
BRDA:116,19,0,2
BRDA:116,19,1,0
BRDA:117,20,0,2
BRDA:117,20,1,0
BRDA:119,21,0,0
BRDA:119,21,1,2
BRDA:119,22,0,2
BRDA:119,22,1,0
BRDA:123,23,0,0
BRDA:123,23,1,2
BRDA:162,24,0,2
BRDA:162,24,1,2
BRDA:165,25,0,2
BRDA:165,25,1,2
BRDA:168,26,0,2
BRDA:168,26,1,0
BRDA:171,27,0,2
BRDA:171,27,1,0
BRDA:174,28,0,2
BRDA:174,28,1,0
BRDA:177,29,0,2
BRDA:177,29,1,0
BRDA:183,30,0,2
BRDA:183,30,1,2
BRDA:186,31,0,2
BRDA:186,31,1,2
BRDA:193,32,0,18
BRDA:193,32,1,0
BRDA:197,33,0,18
BRDA:197,33,1,0
BRDA:235,34,0,0
BRDA:235,34,1,2
BRDA:240,35,0,0
BRDA:240,35,1,2
BRDA:240,36,0,2
BRDA:240,36,1,0
BRF:76
BRH:31
end_of_record
TN:
SF:src/screens/RegisterScreen.tsx
FN:22,(anonymous_0)
FN:33,(anonymous_1)
FN:81,(anonymous_2)
FN:150,(anonymous_3)
FN:183,(anonymous_4)
FN:191,(anonymous_5)
FNF:6
FNH:0
FNDA:0,(anonymous_0)
FNDA:0,(anonymous_1)
FNDA:0,(anonymous_2)
FNDA:0,(anonymous_3)
FNDA:0,(anonymous_4)
FNDA:0,(anonymous_5)
DA:16,0
DA:22,0
DA:23,0
DA:25,0
DA:26,0
DA:27,0
DA:28,0
DA:29,0
DA:30,0
DA:31,0
DA:33,0
DA:34,0
DA:35,0
DA:36,0
DA:39,0
DA:40,0
DA:41,0
DA:44,0
DA:45,0
DA:46,0
DA:49,0
DA:50,0
DA:51,0
DA:54,0
DA:55,0
DA:57,0
DA:58,0
DA:60,0
DA:61,0
DA:62,0
DA:64,0
DA:66,0
DA:70,0
DA:81,0
DA:150,0
DA:183,0
DA:192,0
DA:205,0
LF:38
LH:0
BRDA:34,0,0,0
BRDA:34,0,1,0
BRDA:34,1,0,0
BRDA:34,1,1,0
BRDA:34,1,2,0
BRDA:34,1,3,0
BRDA:39,2,0,0
BRDA:39,2,1,0
BRDA:44,3,0,0
BRDA:44,3,1,0
BRDA:49,4,0,0
BRDA:49,4,1,0
BRDA:60,5,0,0
BRDA:60,5,1,0
BRDA:61,6,0,0
BRDA:61,6,1,0
BRDA:73,7,0,0
BRDA:73,7,1,0
BRDA:100,8,0,0
BRDA:100,8,1,0
BRDA:149,9,0,0
BRDA:149,9,1,0
BRDA:176,10,0,0
BRDA:176,10,1,0
BRF:24
BRH:0
end_of_record
TN:
SF:src/screens/ReportsScreen.tsx
FN:11,(anonymous_0)
FN:21,(anonymous_1)
FN:44,(anonymous_2)
FN:50,(anonymous_3)
FN:56,(anonymous_4)
FN:68,(anonymous_5)
FN:73,(anonymous_6)
FN:94,(anonymous_7)
FN:98,(anonymous_8)
FN:100,(anonymous_9)
FN:106,(anonymous_10)
FN:107,(anonymous_11)
FN:112,(anonymous_12)
FN:117,(anonymous_13)
FN:139,(anonymous_14)
FN:140,(anonymous_15)
FN:141,(anonymous_16)
FN:165,(anonymous_17)
FN:172,(anonymous_18)
FN:172,(anonymous_19)
FN:179,(anonymous_20)
FN:185,(anonymous_21)
FN:185,(anonymous_22)
FN:191,(anonymous_23)
FN:199,(anonymous_24)
FN:282,(anonymous_25)
FN:317,(anonymous_26)
FN:318,(anonymous_27)
FN:319,(anonymous_28)
FN:341,(anonymous_29)
FN:367,(anonymous_30)
FN:368,(anonymous_31)
FN:381,(anonymous_32)
FN:403,(anonymous_33)
FN:430,(anonymous_34)
FN:438,(anonymous_35)
FN:446,(anonymous_36)
FN:454,(anonymous_37)
FN:464,(anonymous_38)
FN:471,(anonymous_39)
FN:523,(anonymous_40)
FN:529,(anonymous_41)
FN:535,(anonymous_42)
FN:537,(anonymous_43)
FN:543,(anonymous_44)
FNF:45
FNH:0
FNDA:0,(anonymous_0)
FNDA:0,(anonymous_1)
FNDA:0,(anonymous_2)
FNDA:0,(anonymous_3)
FNDA:0,(anonymous_4)
FNDA:0,(anonymous_5)
FNDA:0,(anonymous_6)
FNDA:0,(anonymous_7)
FNDA:0,(anonymous_8)
FNDA:0,(anonymous_9)
FNDA:0,(anonymous_10)
FNDA:0,(anonymous_11)
FNDA:0,(anonymous_12)
FNDA:0,(anonymous_13)
FNDA:0,(anonymous_14)
FNDA:0,(anonymous_15)
FNDA:0,(anonymous_16)
FNDA:0,(anonymous_17)
FNDA:0,(anonymous_18)
FNDA:0,(anonymous_19)
FNDA:0,(anonymous_20)
FNDA:0,(anonymous_21)
FNDA:0,(anonymous_22)
FNDA:0,(anonymous_23)
FNDA:0,(anonymous_24)
FNDA:0,(anonymous_25)
FNDA:0,(anonymous_26)
FNDA:0,(anonymous_27)
FNDA:0,(anonymous_28)
FNDA:0,(anonymous_29)
FNDA:0,(anonymous_30)
FNDA:0,(anonymous_31)
FNDA:0,(anonymous_32)
FNDA:0,(anonymous_33)
FNDA:0,(anonymous_34)
FNDA:0,(anonymous_35)
FNDA:0,(anonymous_36)
FNDA:0,(anonymous_37)
FNDA:0,(anonymous_38)
FNDA:0,(anonymous_39)
FNDA:0,(anonymous_40)
FNDA:0,(anonymous_41)
FNDA:0,(anonymous_42)
FNDA:0,(anonymous_43)
FNDA:0,(anonymous_44)
DA:10,0
DA:11,0
DA:13,0
DA:21,0
DA:37,0
DA:40,0
DA:41,0
DA:42,0
DA:44,0
DA:45,0
DA:47,0
DA:48,0
DA:50,0
DA:52,0
DA:53,0
DA:54,0
DA:57,0
DA:65,0
DA:66,0
DA:68,0
DA:70,0
DA:71,0
DA:73,0
DA:77,0
DA:78,0
DA:80,0
DA:84,0
DA:85,0
DA:88,0
DA:89,0
DA:93,0
DA:94,0
DA:95,0
DA:97,0
DA:98,0
DA:100,0
DA:102,0
DA:104,0
DA:105,0
DA:106,0
DA:107,0
DA:108,0
DA:109,0
DA:112,0
DA:117,0
DA:118,0
DA:140,0
DA:141,0
DA:142,0
DA:165,0
DA:172,0
DA:179,0
DA:185,0
DA:191,0
DA:192,0
DA:199,0
DA:283,0
DA:284,0
DA:285,0
DA:286,0
DA:287,0
DA:288,0
DA:290,0
DA:293,0
DA:317,0
DA:318,0
DA:319,0
DA:320,0
DA:322,0
DA:342,0
DA:346,0
DA:367,0
DA:368,0
DA:369,0
DA:370,0
DA:372,0
DA:382,0
DA:383,0
DA:404,0
DA:415,0
DA:430,0
DA:438,0
DA:446,0
DA:454,0
DA:465,0
DA:471,0
DA:523,0
DA:529,0
DA:535,0
DA:538,0
DA:544,0
DA:545,0
DA:574,0
LF:93
LH:0
BRDA:47,0,0,0
BRDA:47,0,1,0
BRDA:52,1,0,0
BRDA:52,1,1,0
BRDA:53,2,0,0
BRDA:53,2,1,0
BRDA:65,3,0,0
BRDA:65,3,1,0
BRDA:70,4,0,0
BRDA:70,4,1,0
BRDA:84,5,0,0
BRDA:84,5,1,0
BRDA:88,6,0,0
BRDA:88,6,1,0
BRDA:95,7,0,0
BRDA:95,7,1,0
BRDA:102,8,0,0
BRDA:102,8,1,0
BRDA:108,9,0,0
BRDA:108,9,1,0
BRDA:109,10,0,0
BRDA:109,10,1,0
BRDA:140,11,0,0
BRDA:140,11,1,0
BRDA:179,12,0,0
BRDA:179,12,1,0
BRDA:185,13,0,0
BRDA:185,13,1,0
BRDA:202,14,0,0
BRDA:202,14,1,0
BRDA:238,15,0,0
BRDA:238,15,1,0
BRDA:244,16,0,0
BRDA:244,16,1,0
BRDA:250,17,0,0
BRDA:250,17,1,0
BRDA:258,18,0,0
BRDA:258,18,1,0
BRDA:261,19,0,0
BRDA:261,19,1,0
BRDA:275,20,0,0
BRDA:275,20,1,0
BRDA:286,21,0,0
BRDA:286,21,1,0
BRDA:287,22,0,0
BRDA:287,22,1,0
BRDA:288,23,0,0
BRDA:288,23,1,0
BRDA:296,24,0,0
BRDA:296,24,1,0
BRDA:304,25,0,0
BRDA:304,25,1,0
BRDA:305,26,0,0
BRDA:305,26,1,0
BRDA:320,27,0,0
BRDA:320,27,1,0
BRDA:336,28,0,0
BRDA:336,28,1,0
BRDA:342,29,0,0
BRDA:342,29,1,0
BRDA:349,30,0,0
BRDA:349,30,1,0
BRDA:369,31,0,0
BRDA:369,31,1,0
BRDA:376,32,0,0
BRDA:376,32,1,0
BRDA:382,33,0,0
BRDA:382,33,1,0
BRDA:400,34,0,0
BRDA:400,34,1,0
BRDA:429,35,0,0
BRDA:429,35,1,0
BRDA:432,36,0,0
BRDA:432,36,1,0
BRDA:437,37,0,0
BRDA:437,37,1,0
BRDA:440,38,0,0
BRDA:440,38,1,0
BRDA:445,39,0,0
BRDA:445,39,1,0
BRDA:448,40,0,0
BRDA:448,40,1,0
BRDA:453,41,0,0
BRDA:453,41,1,0
BRDA:456,42,0,0
BRDA:456,42,1,0
BRDA:469,43,0,0
BRDA:469,43,1,0
BRDA:476,44,0,0
BRDA:476,44,1,0
BRDA:486,45,0,0
BRDA:486,45,1,0
BRDA:487,46,0,0
BRDA:487,46,1,0
BRDA:488,47,0,0
BRDA:488,47,1,0
BRDA:489,48,0,0
BRDA:489,48,1,0
BRDA:541,49,0,0
BRDA:541,49,1,0
BRDA:551,50,0,0
BRDA:551,50,1,0
BRDA:559,51,0,0
BRDA:559,51,1,0
BRF:104
BRH:0
end_of_record
TN:
SF:src/screens/ScanQRCodeScreen.tsx
FN:17,(anonymous_0)
FN:25,(anonymous_1)
FN:61,(anonymous_2)
FN:65,(anonymous_3)
FN:97,(anonymous_4)
FN:106,(anonymous_5)
FN:111,(anonymous_6)
FN:115,(anonymous_7)
FN:119,(anonymous_8)
FN:123,(anonymous_9)
FN:143,(anonymous_10)
FN:149,(anonymous_11)
FNF:12
FNH:0
FNDA:0,(anonymous_0)
FNDA:0,(anonymous_1)
FNDA:0,(anonymous_2)
FNDA:0,(anonymous_3)
FNDA:0,(anonymous_4)
FNDA:0,(anonymous_5)
FNDA:0,(anonymous_6)
FNDA:0,(anonymous_7)
FNDA:0,(anonymous_8)
FNDA:0,(anonymous_9)
FNDA:0,(anonymous_10)
FNDA:0,(anonymous_11)
DA:17,0
DA:18,0
DA:19,0
DA:20,0
DA:21,0
DA:22,0
DA:23,0
DA:25,0
DA:26,0
DA:28,0
DA:29,0
DA:31,0
DA:32,0
DA:33,0
DA:36,0
DA:37,0
DA:38,0
DA:40,0
DA:41,0
DA:44,0
DA:45,0
DA:46,0
DA:49,0
DA:50,0
DA:51,0
DA:53,0
DA:54,0
DA:56,0
DA:57,0
DA:61,0
DA:62,0
DA:65,0
DA:66,0
DA:67,0
DA:68,0
DA:71,0
DA:76,0
DA:77,0
DA:80,0
DA:82,0
DA:83,0
DA:85,0
DA:86,0
DA:88,0
DA:89,0
DA:91,0
DA:92,0
DA:93,0
DA:97,0
DA:98,0
DA:99,0
DA:101,0
DA:102,0
DA:103,0
DA:106,0
DA:107,0
DA:108,0
DA:111,0
DA:112,0
DA:115,0
DA:116,0
DA:119,0
DA:120,0
DA:123,0
DA:124,0
DA:126,0
DA:127,0
DA:128,0
DA:129,0
DA:130,0
DA:131,0
DA:132,0
DA:133,0
DA:137,0
DA:144,0
DA:149,0
DA:156,0
DA:157,0
DA:165,0
DA:241,0
LF:80
LH:0
BRDA:26,0,0,0
BRDA:26,0,1,0
BRDA:32,1,0,0
BRDA:32,1,1,0
BRDA:37,2,0,0
BRDA:37,2,1,0
BRDA:40,3,0,0
BRDA:40,3,1,0
BRDA:45,4,0,0
BRDA:45,4,1,0
BRDA:53,5,0,0
BRDA:53,5,1,0
BRDA:67,6,0,0
BRDA:67,6,1,0
BRDA:76,7,0,0
BRDA:76,7,1,0
BRDA:88,8,0,0
BRDA:88,8,1,0
BRDA:98,9,0,0
BRDA:98,9,1,0
BRDA:126,10,0,0
BRDA:126,10,1,0
BRDA:128,11,0,0
BRDA:128,11,1,0
BRDA:128,12,0,0
BRDA:128,12,1,0
BRDA:128,12,2,0
BRDA:130,13,0,0
BRDA:130,13,1,0
BRDA:130,14,0,0
BRDA:130,14,1,0
BRDA:130,14,2,0
BRDA:132,15,0,0
BRDA:132,15,1,0
BRDA:132,16,0,0
BRDA:132,16,1,0
BRDA:132,16,2,0
BRDA:156,17,0,0
BRDA:156,17,1,0
BRF:39
BRH:0
end_of_record
TN:
SF:src/screens/index.ts
FNF:0
FNH:0
LF:0
LH:0
BRF:0
BRH:0
end_of_record
TN:
SF:src/services/authService.ts
FN:29,(anonymous_0)
FN:44,(anonymous_1)
FN:52,(anonymous_2)
FN:73,(anonymous_3)
FN:82,(anonymous_4)
FN:127,(anonymous_5)
FN:177,(anonymous_6)
FN:186,(anonymous_7)
FN:214,(anonymous_8)
FN:238,(anonymous_9)
FN:248,(anonymous_10)
FN:256,(anonymous_11)
FN:269,(anonymous_12)
FNF:13
FNH:6
FNDA:2,(anonymous_0)
FNDA:4,(anonymous_1)
FNDA:1,(anonymous_2)
FNDA:2,(anonymous_3)
FNDA:0,(anonymous_4)
FNDA:3,(anonymous_5)
FNDA:1,(anonymous_6)
FNDA:0,(anonymous_7)
FNDA:0,(anonymous_8)
FNDA:0,(anonymous_9)
FNDA:0,(anonymous_10)
FNDA:0,(anonymous_11)
FNDA:0,(anonymous_12)
DA:27,1
DA:29,1
DA:30,2
DA:32,2
DA:34,1
DA:36,0
DA:38,1
DA:40,0
DA:44,1
DA:45,4
DA:46,4
DA:47,0
DA:49,4
DA:52,1
DA:53,1
DA:55,1
DA:56,1
DA:57,1
DA:65,1
DA:70,0
DA:73,1
DA:74,2
DA:75,2
DA:76,2
DA:77,2
DA:78,1
DA:81,1
DA:83,0
DA:84,0
DA:87,0
DA:89,0
DA:90,0
DA:101,0
DA:102,0
DA:105,0
DA:106,0
DA:113,0
DA:123,0
DA:128,3
DA:129,2
DA:132,1
DA:134,1
DA:135,1
DA:140,0
DA:141,0
DA:144,0
DA:146,0
DA:147,0
DA:153,0
DA:154,0
DA:156,0
DA:164,0
DA:173,1
DA:178,1
DA:179,1
DA:180,1
DA:181,0
DA:183,1
DA:187,0
DA:188,0
DA:190,0
DA:191,0
DA:194,0
DA:195,0
DA:198,0
DA:204,0
DA:215,0
DA:216,0
DA:218,0
DA:219,0
DA:222,0
DA:228,0
DA:239,0
DA:240,0
DA:243,0
DA:244,0
DA:249,0
DA:250,0
DA:251,0
DA:252,0
DA:257,0
DA:258,0
DA:259,0
DA:260,0
DA:262,0
DA:263,0
DA:264,0
DA:269,1
DA:270,0
DA:271,0
DA:276,0
LF:91
LH:34
BRDA:32,0,0,1
BRDA:32,0,1,0
BRDA:32,0,2,1
BRDA:32,0,3,0
BRDA:46,1,0,0
BRDA:46,1,1,4
BRDA:53,2,0,1
BRDA:53,2,1,0
BRDA:55,3,0,1
BRDA:55,3,1,0
BRDA:56,4,0,1
BRDA:56,4,1,0
BRDA:70,5,0,0
BRDA:70,5,1,0
BRDA:76,6,0,0
BRDA:76,6,1,2
BRDA:77,7,0,1
BRDA:77,7,1,1
BRDA:83,8,0,0
BRDA:83,8,1,0
BRDA:101,9,0,0
BRDA:101,9,1,0
BRDA:105,10,0,0
BRDA:105,10,1,0
BRDA:115,11,0,0
BRDA:115,11,1,0
BRDA:116,12,0,0
BRDA:116,12,1,0
BRDA:128,13,0,2
BRDA:128,13,1,1
BRDA:140,14,0,0
BRDA:140,14,1,0
BRDA:146,15,0,0
BRDA:146,15,1,0
BRDA:153,16,0,0
BRDA:153,16,1,0
BRDA:166,17,0,0
BRDA:166,17,1,0
BRDA:167,18,0,0
BRDA:167,18,1,0
BRDA:180,19,0,0
BRDA:180,19,1,1
BRDA:190,20,0,0
BRDA:190,20,1,0
BRDA:194,21,0,0
BRDA:194,21,1,0
BRDA:207,22,0,0
BRDA:207,22,1,0
BRDA:208,23,0,0
BRDA:208,23,1,0
BRDA:208,23,2,0
BRDA:209,24,0,0
BRDA:209,24,1,0
BRDA:218,25,0,0
BRDA:218,25,1,0
BRDA:218,26,0,0
BRDA:218,26,1,0
BRDA:231,27,0,0
BRDA:231,27,1,0
BRDA:232,28,0,0
BRDA:232,28,1,0
BRDA:232,28,2,0
BRDA:232,28,3,0
BRDA:233,29,0,0
BRDA:233,29,1,0
BRDA:243,30,0,0
BRDA:243,30,1,0
BRDA:251,31,0,0
BRDA:251,31,1,0
BRDA:259,32,0,0
BRDA:259,32,1,0
BRDA:259,33,0,0
BRDA:259,33,1,0
BRDA:260,34,0,0
BRDA:260,34,1,0
BRDA:263,35,0,0
BRDA:263,35,1,0
BRDA:270,36,0,0
BRDA:270,36,1,0
BRF:79
BRH:12
end_of_record
TN:
SF:src/services/draftContent.ts
FN:3,(anonymous_0)
FN:15,(anonymous_1)
FNF:2
FNH:2
FNDA:15,(anonymous_0)
FNDA:12,(anonymous_1)
DA:3,2
DA:4,15
DA:5,15
DA:6,12
DA:7,9
DA:12,6
DA:15,2
DA:16,12
LF:8
LH:8
BRDA:5,0,0,15
BRDA:5,0,1,2
BRDA:6,1,0,9
BRDA:6,1,1,3
BRDA:6,2,0,12
BRDA:6,2,1,12
BRDA:6,2,2,12
BRDA:7,3,0,9
BRDA:7,3,1,2
BRDA:7,4,0,9
BRDA:7,4,1,1
BRDA:12,5,0,6
BRDA:12,5,1,2
BRF:13
BRH:13
end_of_record
TN:
SF:src/services/draftService.ts
FN:8,(anonymous_0)
FN:32,(anonymous_1)
FN:62,(anonymous_2)
FN:83,(anonymous_3)
FN:114,(anonymous_4)
FN:119,(anonymous_5)
FN:140,(anonymous_6)
FN:151,(anonymous_7)
FN:171,(anonymous_8)
FN:186,(anonymous_9)
FN:193,(anonymous_10)
FNF:11
FNH:6
FNDA:9,(anonymous_0)
FNDA:0,(anonymous_1)
FNDA:0,(anonymous_2)
FNDA:6,(anonymous_3)
FNDA:3,(anonymous_4)
FNDA:3,(anonymous_5)
FNDA:0,(anonymous_6)
FNDA:0,(anonymous_7)
FNDA:0,(anonymous_8)
FNDA:4,(anonymous_9)
FNDA:8,(anonymous_10)
DA:8,1
DA:9,9
DA:10,9
DA:11,0
DA:13,9
DA:31,1
DA:33,0
DA:34,0
DA:36,0
DA:44,0
DA:45,0
DA:48,0
DA:49,0
DA:50,0
DA:51,0
DA:53,0
DA:57,0
DA:58,0
DA:61,0
DA:63,0
DA:64,0
DA:84,6
DA:85,6
DA:87,6
DA:97,6
DA:98,1
DA:101,5
DA:103,5
DA:115,3
DA:116,3
DA:118,3
DA:119,3
DA:120,3
DA:122,3
DA:133,3
DA:134,0
DA:137,3
DA:141,0
DA:142,0
DA:144,0
DA:148,0
DA:149,0
DA:150,0
DA:151,0
DA:152,0
DA:153,0
DA:156,0
DA:158,0
DA:164,0
DA:165,0
DA:168,0
DA:172,0
DA:173,0
DA:175,0
DA:181,0
DA:182,0
DA:187,4
DA:189,4
DA:193,8
DA:201,3
LF:60
LH:24
BRDA:10,0,0,0
BRDA:10,0,1,9
BRDA:44,1,0,0
BRDA:44,1,1,0
BRDA:48,2,0,0
BRDA:48,2,1,0
BRDA:49,3,0,0
BRDA:49,3,1,0
BRDA:57,4,0,0
BRDA:57,4,1,0
BRDA:62,5,0,0
BRDA:62,5,1,0
BRDA:68,6,0,0
BRDA:68,6,1,0
BRDA:76,7,0,0
BRDA:76,7,1,0
BRDA:77,8,0,0
BRDA:77,8,1,0
BRDA:78,9,0,0
BRDA:78,9,1,0
BRDA:97,10,0,1
BRDA:97,10,1,5
BRDA:108,11,0,5
BRDA:108,11,1,1
BRDA:118,12,0,3
BRDA:118,12,1,0
BRDA:126,13,0,3
BRDA:126,13,1,3
BRDA:133,14,0,0
BRDA:133,14,1,3
BRDA:148,15,0,0
BRDA:148,15,1,0
BRDA:148,16,0,0
BRDA:148,16,1,0
BRDA:149,17,0,0
BRDA:149,17,1,0
BRDA:150,18,0,0
BRDA:150,18,1,0
BRDA:156,19,0,0
BRDA:156,19,1,0
BRDA:164,20,0,0
BRDA:164,20,1,0
BRDA:181,21,0,0
BRDA:181,21,1,0
BRDA:193,22,0,4
BRDA:193,22,1,0
BRF:46
BRH:10
end_of_record
TN:
SF:src/services/index.ts
FNF:0
FNH:0
LF:0
LH:0
BRF:0
BRH:0
end_of_record
TN:
SF:src/services/nfceService.ts
FN:8,(anonymous_0)
FN:21,(anonymous_1)
FN:32,(anonymous_2)
FN:36,(anonymous_3)
FN:47,(anonymous_4)
FN:58,(anonymous_5)
FN:117,(anonymous_6)
FN:140,(anonymous_7)
FN:144,(anonymous_8)
FN:153,(anonymous_9)
FN:186,(anonymous_10)
FN:192,(anonymous_11)
FN:200,(anonymous_12)
FN:274,(anonymous_13)
FN:307,(anonymous_14)
FNF:15
FNH:15
FNDA:2,(anonymous_0)
FNDA:2,(anonymous_1)
FNDA:64,(anonymous_2)
FNDA:1,(anonymous_3)
FNDA:1,(anonymous_4)
FNDA:4,(anonymous_5)
FNDA:1,(anonymous_6)
FNDA:27,(anonymous_7)
FNDA:27,(anonymous_8)
FNDA:4,(anonymous_9)
FNDA:2,(anonymous_10)
FNDA:1,(anonymous_11)
FNDA:1,(anonymous_12)
FNDA:1,(anonymous_13)
FNDA:1,(anonymous_14)
DA:8,1
DA:9,2
DA:10,2
DA:11,0
DA:13,2
DA:16,1
DA:21,1
DA:22,2
DA:23,2
DA:25,2
DA:26,0
DA:29,2
DA:30,2
DA:31,2
DA:32,64
DA:36,1
DA:40,1
DA:47,1
DA:48,1
DA:49,1
DA:51,1
DA:52,0
DA:55,1
DA:58,1
DA:59,4
DA:62,4
DA:63,4
DA:64,1
DA:68,3
DA:69,3
DA:70,0
DA:74,3
DA:75,2
DA:79,1
DA:80,1
DA:81,0
DA:84,1
DA:87,1
DA:117,1
DA:119,1
DA:122,1
DA:124,1
DA:125,0
DA:128,1
DA:129,1
DA:133,1
DA:135,1
DA:139,1
DA:140,27
DA:143,1
DA:145,27
DA:146,27
DA:147,27
DA:148,27
DA:153,1
DA:160,4
DA:161,4
DA:163,4
DA:164,0
DA:167,4
DA:168,4
DA:169,4
DA:170,1
DA:173,3
DA:174,1
DA:177,2
DA:178,0
DA:181,2
DA:182,2
DA:183,0
DA:186,2
DA:188,0
DA:192,1
DA:193,1
DA:194,0
DA:197,1
DA:200,1
DA:213,1
DA:214,1
DA:216,1
DA:217,1
DA:219,1
DA:220,1
DA:227,1
DA:228,1
DA:232,1
DA:233,0
DA:239,0
DA:240,0
DA:243,0
DA:245,0
DA:246,0
DA:251,1
DA:252,0
DA:265,0
DA:266,0
DA:270,1
DA:273,1
DA:284,1
DA:285,1
DA:286,1
DA:287,1
DA:289,1
DA:299,1
DA:300,1
DA:301,1
DA:302,1
DA:303,1
DA:307,1
DA:316,1
DA:325,1
DA:326,0
DA:329,1
DA:331,1
DA:332,0
DA:335,1
LF:116
LH:94
BRDA:10,0,0,0
BRDA:10,0,1,2
BRDA:25,1,0,0
BRDA:25,1,1,2
BRDA:51,2,0,0
BRDA:51,2,1,1
BRDA:63,3,0,1
BRDA:63,3,1,3
BRDA:63,4,0,4
BRDA:63,4,1,1
BRDA:69,5,0,0
BRDA:69,5,1,3
BRDA:69,6,0,3
BRDA:69,6,1,0
BRDA:74,7,0,2
BRDA:74,7,1,1
BRDA:80,8,0,0
BRDA:80,8,1,1
BRDA:124,9,0,0
BRDA:124,9,1,1
BRDA:129,10,0,1
BRDA:129,10,1,0
BRDA:133,11,0,1
BRDA:133,11,1,0
BRDA:146,12,0,22
BRDA:146,12,1,5
BRDA:147,13,0,22
BRDA:147,13,1,5
BRDA:160,14,0,4
BRDA:160,14,1,4
BRDA:161,15,0,4
BRDA:161,15,1,2
BRDA:163,16,0,0
BRDA:163,16,1,4
BRDA:163,17,0,4
BRDA:163,17,1,0
BRDA:169,18,0,1
BRDA:169,18,1,3
BRDA:173,19,0,1
BRDA:173,19,1,2
BRDA:177,20,0,0
BRDA:177,20,1,2
BRDA:182,21,0,0
BRDA:182,21,1,2
BRDA:182,22,0,2
BRDA:182,22,1,2
BRDA:193,23,0,0
BRDA:193,23,1,1
BRDA:216,24,0,1
BRDA:216,24,1,0
BRDA:216,25,0,1
BRDA:216,25,1,1
BRDA:219,26,0,1
BRDA:219,26,1,0
BRDA:219,27,0,1
BRDA:219,27,1,1
BRDA:227,28,0,1
BRDA:227,28,1,0
BRDA:232,29,0,0
BRDA:232,29,1,1
BRDA:239,30,0,0
BRDA:239,30,1,0
BRDA:245,31,0,0
BRDA:245,31,1,0
BRDA:251,32,0,0
BRDA:251,32,1,1
BRDA:251,33,0,1
BRDA:251,33,1,0
BRDA:251,33,2,0
BRDA:256,34,0,0
BRDA:256,34,1,0
BRDA:257,35,0,0
BRDA:257,35,1,0
BRDA:258,36,0,0
BRDA:258,36,1,0
BRDA:265,37,0,0
BRDA:265,37,1,0
BRDA:265,38,0,0
BRDA:265,38,1,0
BRDA:300,39,0,1
BRDA:300,39,1,0
BRDA:302,40,0,1
BRDA:302,40,1,0
BRDA:313,41,0,1
BRDA:313,41,1,0
BRDA:313,41,2,0
BRDA:317,42,0,1
BRDA:317,42,1,0
BRDA:325,43,0,0
BRDA:325,43,1,1
BRDA:331,44,0,0
BRDA:331,44,1,1
BRF:92
BRH:50
end_of_record
TN:
SF:src/services/onboardingService.ts
FN:7,(anonymous_0)
FN:42,(anonymous_1)
FN:54,(anonymous_2)
FN:65,(anonymous_3)
FNF:4
FNH:4
FNDA:3,(anonymous_0)
FNDA:5,(anonymous_1)
FNDA:2,(anonymous_2)
FNDA:1,(anonymous_3)
DA:3,9
DA:5,9
DA:7,9
DA:8,3
DA:9,3
DA:20,9
DA:41,9
DA:43,5
DA:44,5
DA:45,3
DA:46,3
DA:47,3
DA:49,2
DA:50,2
DA:55,2
DA:56,2
DA:57,2
DA:58,1
DA:60,1
DA:61,1
DA:66,1
DA:67,1
DA:68,1
DA:70,0
LF:24
LH:23
BRDA:8,0,0,3
BRDA:8,0,1,0
BRDA:50,1,0,2
BRDA:50,1,1,1
BRF:4
BRH:3
end_of_record
TN:
SF:src/services/productCategorizerService.ts
FN:13,(anonymous_0)
FN:26,(anonymous_1)
FN:31,(anonymous_2)
FN:47,(anonymous_3)
FNF:4
FNH:4
FNDA:42,(anonymous_0)
FNDA:3,(anonymous_1)
FNDA:40,(anonymous_2)
FNDA:2,(anonymous_3)
DA:1,3
DA:13,3
DA:14,42
DA:24,3
DA:27,3
DA:28,3
DA:32,40
DA:33,40
DA:34,40
DA:35,1
DA:38,39
DA:39,1098
DA:40,34
DA:44,5
DA:48,2
DA:49,2
DA:50,0
DA:53,2
LF:18
LH:17
BRDA:28,0,0,3
BRDA:28,0,1,0
BRDA:32,1,0,40
BRDA:32,1,1,0
BRDA:34,2,0,1
BRDA:34,2,1,39
BRDA:39,3,0,34
BRDA:39,3,1,1064
BRDA:48,4,0,2
BRDA:48,4,1,0
BRDA:49,5,0,0
BRDA:49,5,1,2
BRF:12
BRH:8
end_of_record
TN:
SF:src/services/productCategoryRules.ts
FNF:0
FNH:0
DA:3,5
DA:15,5
DA:27,5
LF:3
LH:3
BRF:0
BRH:0
end_of_record
TN:
SF:src/services/purchaseService.ts
FN:8,(anonymous_0)
FN:40,(anonymous_1)
FN:41,(anonymous_2)
FN:46,(anonymous_3)
FN:49,(anonymous_4)
FN:66,(anonymous_5)
FN:111,(anonymous_6)
FN:140,(anonymous_7)
FN:176,(anonymous_8)
FN:187,(anonymous_9)
FN:219,(anonymous_10)
FN:249,(anonymous_11)
FN:265,(anonymous_12)
FN:280,(anonymous_13)
FN:353,(anonymous_14)
FNF:15
FNH:13
FNDA:11,(anonymous_0)
FNDA:2,(anonymous_1)
FNDA:4,(anonymous_2)
FNDA:3,(anonymous_3)
FNDA:3,(anonymous_4)
FNDA:1,(anonymous_5)
FNDA:1,(anonymous_6)
FNDA:3,(anonymous_7)
FNDA:2,(anonymous_8)
FNDA:2,(anonymous_9)
FNDA:0,(anonymous_10)
FNDA:0,(anonymous_11)
FNDA:1,(anonymous_12)
FNDA:2,(anonymous_13)
FNDA:2,(anonymous_14)
DA:8,1
DA:9,11
DA:10,11
DA:11,0
DA:13,11
DA:40,1
DA:41,2
DA:42,4
DA:46,1
DA:47,3
DA:49,3
DA:60,1
DA:65,1
DA:67,1
DA:68,1
DA:69,1
DA:70,1
DA:71,1
DA:73,1
DA:75,1
DA:84,1
DA:85,0
DA:87,1
DA:88,0
DA:90,1
DA:91,0
DA:93,1
DA:94,0
DA:96,1
DA:97,0
DA:99,1
DA:100,0
DA:103,1
DA:107,1
DA:108,0
DA:111,1
DA:112,1
DA:125,1
DA:126,1
DA:128,1
DA:141,3
DA:143,3
DA:145,3
DA:156,3
DA:157,0
DA:159,3
DA:160,1
DA:163,2
DA:187,2
DA:196,2
DA:198,2
DA:207,2
DA:208,0
DA:211,2
DA:212,2
DA:213,2
DA:216,0
DA:227,0
DA:229,0
DA:230,0
DA:231,0
DA:232,0
DA:234,0
DA:236,0
DA:242,0
DA:243,0
DA:246,0
DA:250,0
DA:252,0
DA:254,0
DA:260,0
DA:261,0
DA:266,1
DA:268,1
DA:273,1
DA:274,0
DA:277,1
DA:281,2
DA:282,2
DA:283,2
DA:284,2
DA:286,2
DA:287,0
DA:289,2
DA:290,0
DA:292,2
DA:293,0
DA:296,2
DA:298,2
DA:305,2
DA:306,0
DA:308,2
DA:309,1
DA:312,1
DA:322,1
DA:323,0
DA:326,1
DA:331,1
DA:332,0
DA:335,1
DA:337,1
DA:346,1
DA:347,0
DA:350,1
DA:354,2
DA:355,2
DA:357,2
DA:364,2
DA:365,0
DA:367,2
DA:368,1
DA:371,1
DA:377,1
DA:378,0
DA:381,1
DA:386,1
DA:387,0
DA:390,1
DA:392,1
DA:401,1
DA:402,0
DA:405,1
LF:122
LH:84
BRDA:10,0,0,0
BRDA:10,0,1,11
BRDA:42,1,0,4
BRDA:42,1,1,0
BRDA:42,2,0,4
BRDA:42,2,1,0
BRDA:47,3,0,3
BRDA:47,3,1,0
BRDA:54,4,0,3
BRDA:54,4,1,0
BRDA:56,5,0,3
BRDA:56,5,1,0
BRDA:68,6,0,1
BRDA:68,6,1,0
BRDA:69,7,0,1
BRDA:69,7,1,0
BRDA:84,8,0,0
BRDA:84,8,1,1
BRDA:87,9,0,0
BRDA:87,9,1,1
BRDA:90,10,0,0
BRDA:90,10,1,1
BRDA:93,11,0,0
BRDA:93,11,1,1
BRDA:96,12,0,0
BRDA:96,12,1,1
BRDA:99,13,0,0
BRDA:99,13,1,1
BRDA:107,14,0,0
BRDA:107,14,1,1
BRDA:111,15,0,1
BRDA:111,15,1,0
BRDA:117,16,0,1
BRDA:117,16,1,0
BRDA:125,17,0,1
BRDA:125,17,1,0
BRDA:135,18,0,0
BRDA:135,18,1,1
BRDA:156,19,0,0
BRDA:156,19,1,3
BRDA:159,20,0,1
BRDA:159,20,1,2
BRDA:168,21,0,2
BRDA:168,21,1,0
BRDA:187,22,0,2
BRDA:187,22,1,0
BRDA:199,23,0,2
BRDA:199,23,1,2
BRDA:207,24,0,0
BRDA:207,24,1,2
BRDA:212,25,0,2
BRDA:212,25,1,0
BRDA:230,26,0,0
BRDA:230,26,1,0
BRDA:231,27,0,0
BRDA:231,27,1,0
BRDA:232,28,0,0
BRDA:232,28,1,0
BRDA:242,29,0,0
BRDA:242,29,1,0
BRDA:260,30,0,0
BRDA:260,30,1,0
BRDA:273,31,0,0
BRDA:273,31,1,1
BRDA:286,32,0,0
BRDA:286,32,1,2
BRDA:289,33,0,0
BRDA:289,33,1,2
BRDA:289,34,0,2
BRDA:289,34,1,2
BRDA:292,35,0,0
BRDA:292,35,1,2
BRDA:292,36,0,2
BRDA:292,36,1,2
BRDA:305,37,0,0
BRDA:305,37,1,2
BRDA:308,38,0,1
BRDA:308,38,1,1
BRDA:322,39,0,0
BRDA:322,39,1,1
BRDA:331,40,0,0
BRDA:331,40,1,1
BRDA:335,41,0,1
BRDA:335,41,1,0
BRDA:346,42,0,0
BRDA:346,42,1,1
BRDA:364,43,0,0
BRDA:364,43,1,2
BRDA:367,44,0,1
BRDA:367,44,1,1
BRDA:377,45,0,0
BRDA:377,45,1,1
BRDA:386,46,0,0
BRDA:386,46,1,1
BRDA:390,47,0,1
BRDA:390,47,1,0
BRDA:401,48,0,0
BRDA:401,48,1,1
BRF:98
BRH:50
end_of_record
TN:
SF:src/services/reportService.ts
FN:7,(anonymous_0)
FN:15,(anonymous_1)
FN:32,(anonymous_2)
FN:38,(anonymous_3)
FN:55,(anonymous_4)
FN:57,(anonymous_5)
FN:67,(anonymous_6)
FN:79,(anonymous_7)
FN:99,(anonymous_8)
FN:104,(anonymous_9)
FN:110,(anonymous_10)
FN:130,(anonymous_11)
FN:136,(anonymous_12)
FN:153,(anonymous_13)
FN:160,(anonymous_14)
FN:185,(anonymous_15)
FN:202,(anonymous_16)
FN:213,(anonymous_17)
FN:222,(anonymous_18)
FN:225,(anonymous_19)
FN:272,(anonymous_20)
FN:288,(anonymous_21)
FN:309,(anonymous_22)
FN:327,(anonymous_23)
FNF:24
FNH:10
FNDA:3,(anonymous_0)
FNDA:0,(anonymous_1)
FNDA:9,(anonymous_2)
FNDA:0,(anonymous_3)
FNDA:0,(anonymous_4)
FNDA:0,(anonymous_5)
FNDA:0,(anonymous_6)
FNDA:0,(anonymous_7)
FNDA:0,(anonymous_8)
FNDA:0,(anonymous_9)
FNDA:2,(anonymous_10)
FNDA:1,(anonymous_11)
FNDA:0,(anonymous_12)
FNDA:0,(anonymous_13)
FNDA:1,(anonymous_14)
FNDA:2,(anonymous_15)
FNDA:2,(anonymous_16)
FNDA:2,(anonymous_17)
FNDA:1,(anonymous_18)
FNDA:1,(anonymous_19)
FNDA:0,(anonymous_20)
FNDA:0,(anonymous_21)
FNDA:0,(anonymous_22)
FNDA:0,(anonymous_23)
DA:7,1
DA:8,3
DA:9,3
DA:10,0
DA:12,3
DA:15,1
DA:16,0
DA:17,0
DA:18,0
DA:19,0
DA:20,0
DA:23,0
DA:24,0
DA:25,0
DA:26,0
DA:27,0
DA:28,0
DA:29,0
DA:32,1
DA:33,9
DA:34,9
DA:37,1
DA:39,0
DA:40,0
DA:41,0
DA:43,0
DA:50,0
DA:51,0
DA:54,0
DA:55,0
DA:57,0
DA:58,0
DA:60,0
DA:61,0
DA:66,0
DA:67,0
DA:71,0
DA:80,0
DA:81,0
DA:83,0
DA:90,0
DA:91,0
DA:94,0
DA:95,0
DA:96,0
DA:99,0
DA:100,0
DA:101,0
DA:104,0
DA:114,2
DA:115,2
DA:116,1
DA:119,1
DA:121,1
DA:126,1
DA:127,0
DA:130,1
DA:141,0
DA:143,0
DA:149,0
DA:150,0
DA:153,0
DA:164,1
DA:165,1
DA:167,1
DA:172,1
DA:173,1
DA:175,1
DA:176,1
DA:179,1
DA:181,1
DA:182,0
DA:185,2
DA:186,1
DA:187,0
DA:190,1
DA:195,1
DA:196,0
DA:199,1
DA:200,1
DA:202,1
DA:203,2
DA:204,2
DA:205,2
DA:206,2
DA:208,2
DA:209,2
DA:212,1
DA:214,2
DA:215,2
DA:222,1
DA:241,1
DA:242,1
DA:244,1
DA:245,1
DA:254,0
DA:259,0
DA:260,0
DA:262,0
DA:263,0
DA:266,0
DA:268,0
DA:269,0
DA:272,0
DA:273,0
DA:274,0
DA:283,0
DA:284,0
DA:288,0
DA:289,0
DA:290,0
DA:291,0
DA:294,0
DA:300,0
DA:301,0
DA:304,0
DA:305,0
DA:306,0
DA:307,0
DA:309,0
DA:310,0
DA:311,0
DA:312,0
DA:313,0
DA:314,0
DA:316,0
DA:317,0
DA:318,0
DA:320,0
DA:321,0
DA:323,0
DA:324,0
DA:327,0
DA:334,0
LF:134
LH:46
BRDA:9,0,0,0
BRDA:9,0,1,3
BRDA:16,1,0,0
BRDA:16,1,1,0
BRDA:16,2,0,0
BRDA:16,2,1,0
BRDA:50,3,0,0
BRDA:50,3,1,0
BRDA:54,4,0,0
BRDA:54,4,1,0
BRDA:55,5,0,0
BRDA:55,5,1,0
BRDA:55,6,0,0
BRDA:55,6,1,0
BRDA:57,7,0,0
BRDA:57,7,1,0
BRDA:60,8,0,0
BRDA:60,8,1,0
BRDA:66,9,0,0
BRDA:66,9,1,0
BRDA:66,10,0,0
BRDA:66,10,1,0
BRDA:67,11,0,0
BRDA:67,11,1,0
BRDA:90,12,0,0
BRDA:90,12,1,0
BRDA:99,13,0,0
BRDA:99,13,1,0
BRDA:101,14,0,0
BRDA:101,14,1,0
BRDA:115,15,0,1
BRDA:115,15,1,1
BRDA:122,16,0,1
BRDA:122,16,1,1
BRDA:123,17,0,1
BRDA:123,17,1,1
BRDA:126,18,0,0
BRDA:126,18,1,1
BRDA:130,19,0,1
BRDA:130,19,1,0
BRDA:132,20,0,1
BRDA:132,20,1,0
BRDA:137,21,0,0
BRDA:145,22,0,0
BRDA:145,22,1,0
BRDA:146,23,0,0
BRDA:146,23,1,0
BRDA:149,24,0,0
BRDA:149,24,1,0
BRDA:153,25,0,0
BRDA:153,25,1,0
BRDA:155,26,0,0
BRDA:155,26,1,0
BRDA:156,27,0,0
BRDA:156,27,1,0
BRDA:172,28,0,1
BRDA:172,28,1,0
BRDA:175,29,0,1
BRDA:175,29,1,0
BRDA:181,30,0,0
BRDA:181,30,1,1
BRDA:185,31,0,1
BRDA:185,31,1,0
BRDA:186,32,0,0
BRDA:186,32,1,1
BRDA:195,33,0,0
BRDA:195,33,1,1
BRDA:202,34,0,1
BRDA:202,34,1,0
BRDA:203,35,0,2
BRDA:203,35,1,0
BRDA:204,36,0,2
BRDA:204,36,1,0
BRDA:205,37,0,2
BRDA:205,37,1,0
BRDA:208,38,0,2
BRDA:208,38,1,2
BRDA:217,39,0,2
BRDA:217,39,1,0
BRDA:217,39,2,0
BRDA:219,40,0,2
BRDA:219,40,1,0
BRDA:244,41,0,1
BRDA:244,41,1,0
BRDA:259,42,0,0
BRDA:259,42,1,0
BRDA:262,43,0,0
BRDA:262,43,1,0
BRDA:268,44,0,0
BRDA:268,44,1,0
BRDA:272,45,0,0
BRDA:272,45,1,0
BRDA:273,46,0,0
BRDA:273,46,1,0
BRDA:284,47,0,0
BRDA:284,47,1,0
BRDA:290,48,0,0
BRDA:290,48,1,0
BRDA:290,49,0,0
BRDA:290,49,1,0
BRDA:300,50,0,0
BRDA:300,50,1,0
BRDA:309,51,0,0
BRDA:309,51,1,0
BRDA:310,52,0,0
BRDA:310,52,1,0
BRDA:311,53,0,0
BRDA:311,53,1,0
BRDA:314,54,0,0
BRDA:314,54,1,0
BRDA:320,55,0,0
BRDA:320,55,1,0
BRDA:331,56,0,0
BRDA:331,56,1,0
BRDA:337,57,0,0
BRDA:337,57,1,0
BRF:116
BRH:25
end_of_record
TN:
SF:src/services/supermarketService.ts
FN:6,(anonymous_0)
FN:23,(anonymous_1)
FN:30,(anonymous_2)
FN:50,(anonymous_3)
FN:69,(anonymous_4)
FN:111,(anonymous_5)
FN:146,(anonymous_6)
FN:198,(anonymous_7)
FN:236,(anonymous_8)
FN:252,(anonymous_9)
FNF:10
FNH:5
FNDA:2,(anonymous_0)
FNDA:1,(anonymous_1)
FNDA:0,(anonymous_2)
FNDA:0,(anonymous_3)
FNDA:0,(anonymous_4)
FNDA:0,(anonymous_5)
FNDA:1,(anonymous_6)
FNDA:0,(anonymous_7)
FNDA:1,(anonymous_8)
FNDA:1,(anonymous_9)
DA:6,1
DA:7,2
DA:8,2
DA:9,0
DA:11,2
DA:21,1
DA:23,1
DA:24,1
DA:25,0
DA:29,1
DA:31,0
DA:32,0
DA:33,0
DA:35,0
DA:36,0
DA:38,0
DA:45,0
DA:46,0
DA:49,0
DA:50,0
DA:70,0
DA:71,0
DA:73,0
DA:80,0
DA:81,0
DA:84,0
DA:85,0
DA:86,0
DA:93,0
DA:94,0
DA:96,0
DA:99,0
DA:117,0
DA:118,0
DA:120,0
DA:130,0
DA:131,0
DA:134,0
DA:155,1
DA:156,1
DA:158,1
DA:164,1
DA:165,1
DA:168,0
DA:169,0
DA:172,0
DA:182,0
DA:183,0
DA:186,0
DA:199,0
DA:200,0
DA:202,0
DA:208,0
DA:209,0
DA:212,0
DA:213,0
DA:216,0
DA:221,0
DA:222,0
DA:225,0
DA:231,0
DA:232,0
DA:237,1
DA:238,1
DA:239,1
DA:241,1
DA:248,1
DA:249,0
DA:252,1
LF:69
LH:19
BRDA:8,0,0,0
BRDA:8,0,1,2
BRDA:24,1,0,0
BRDA:24,1,1,1
BRDA:30,2,0,0
BRDA:30,3,0,0
BRDA:45,4,0,0
BRDA:45,4,1,0
BRDA:50,5,0,0
BRDA:50,5,1,0
BRDA:63,6,0,0
BRDA:63,6,1,0
BRDA:64,7,0,0
BRDA:64,7,1,0
BRDA:80,8,0,0
BRDA:80,8,1,0
BRDA:80,9,0,0
BRDA:80,9,1,0
BRDA:85,10,0,0
BRDA:85,10,1,0
BRDA:93,11,0,0
BRDA:93,11,1,0
BRDA:130,12,0,0
BRDA:130,12,1,0
BRDA:164,13,0,1
BRDA:164,13,1,0
BRDA:168,14,0,0
BRDA:168,14,1,0
BRDA:182,15,0,0
BRDA:182,15,1,0
BRDA:208,16,0,0
BRDA:208,16,1,0
BRDA:212,17,0,0
BRDA:212,17,1,0
BRDA:221,18,0,0
BRDA:221,18,1,0
BRDA:221,19,0,0
BRDA:221,19,1,0
BRDA:231,20,0,0
BRDA:231,20,1,0
BRDA:248,21,0,0
BRDA:248,21,1,1
BRDA:252,22,0,1
BRDA:252,22,1,0
BRF:44
BRH:5
end_of_record
TN:
SF:src/services/updateService.ts
FN:29,(anonymous_0)
FN:39,(anonymous_1)
FN:61,(anonymous_2)
FN:70,(anonymous_3)
FN:71,(anonymous_4)
FN:78,(anonymous_5)
FN:95,(anonymous_6)
FN:108,(anonymous_7)
FN:123,(anonymous_8)
FN:185,(anonymous_9)
FNF:10
FNH:9
FNDA:3,(anonymous_0)
FNDA:21,(anonymous_1)
FNDA:5,(anonymous_2)
FNDA:5,(anonymous_3)
FNDA:5,(anonymous_4)
FNDA:10,(anonymous_5)
FNDA:6,(anonymous_6)
FNDA:10,(anonymous_7)
FNDA:0,(anonymous_8)
FNDA:1,(anonymous_9)
DA:3,1
DA:4,1
DA:5,1
DA:6,1
DA:7,1
DA:29,1
DA:30,3
DA:31,3
DA:39,1
DA:40,21
DA:41,21
DA:43,21
DA:45,21
DA:46,52
DA:47,52
DA:49,52
DA:50,14
DA:54,7
DA:61,1
DA:62,5
DA:63,5
DA:64,5
DA:70,1
DA:71,5
DA:72,5
DA:78,1
DA:79,10
DA:80,10
DA:81,10
DA:83,2
DA:84,2
DA:86,2
DA:88,0
DA:95,1
DA:96,6
DA:97,6
DA:99,0
DA:103,1
DA:109,10
DA:111,10
DA:112,1
DA:113,1
DA:114,1
DA:115,1
DA:116,1
DA:122,9
DA:123,9
DA:125,9
DA:133,7
DA:135,7
DA:136,1
DA:137,1
DA:140,6
DA:143,6
DA:146,6
DA:147,6
DA:150,6
DA:152,6
DA:153,1
DA:157,5
DA:158,5
DA:161,5
DA:163,5
DA:173,2
DA:174,1
DA:176,1
DA:178,2
DA:186,1
DA:187,1
DA:188,1
DA:190,0
LF:71
LH:68
BRDA:30,0,0,3
BRDA:30,0,1,0
BRDA:46,1,0,52
BRDA:46,1,1,8
BRDA:47,2,0,52
BRDA:47,2,1,8
BRDA:49,3,0,14
BRDA:49,3,1,38
BRDA:62,4,0,0
BRDA:62,4,1,5
BRDA:64,5,0,1
BRDA:64,5,1,4
BRDA:72,6,0,5
BRDA:72,6,1,1
BRDA:81,7,0,8
BRDA:81,7,1,2
BRDA:111,8,0,1
BRDA:111,8,1,9
BRDA:113,9,0,1
BRDA:113,9,1,0
BRDA:115,10,0,1
BRDA:115,10,1,0
BRDA:135,11,0,1
BRDA:135,11,1,6
BRDA:152,12,0,1
BRDA:152,12,1,5
BRDA:158,13,0,1
BRDA:158,13,1,4
BRDA:170,14,0,5
BRDA:170,14,1,0
BRDA:173,15,0,1
BRDA:173,15,1,1
BRDA:173,16,0,2
BRDA:173,16,1,2
BRF:34
BRH:29
end_of_record
TN:
SF:src/theme/colors.ts
FNF:0
FNH:0
DA:1,4
LF:1
LH:1
BRF:0
BRH:0
end_of_record
TN:
SF:src/theme/spacing.ts
FNF:0
FNH:0
DA:1,0
LF:1
LH:0
BRF:0
BRH:0
end_of_record
TN:
SF:src/theme/typography.ts
FNF:0
FNH:0
DA:1,0
LF:1
LH:0
BRF:0
BRH:0
end_of_record
TN:
SF:src/types/index.ts
FNF:0
FNH:0
LF:0
LH:0
BRF:0
BRH:0
end_of_record
TN:
SF:src/utils/formatDate.ts
FN:1,(anonymous_0)
FN:11,(anonymous_1)
FN:22,(anonymous_2)
FN:26,(anonymous_3)
FN:44,(anonymous_4)
FN:48,(anonymous_5)
FNF:6
FNH:5
FNDA:3,(anonymous_0)
FNDA:0,(anonymous_1)
FNDA:1,(anonymous_2)
FNDA:18,(anonymous_3)
FNDA:1,(anonymous_4)
FNDA:1,(anonymous_5)
DA:1,6
DA:2,3
DA:3,3
DA:11,6
DA:12,0
DA:13,0
DA:22,6
DA:23,1
DA:26,6
DA:27,18
DA:41,18
DA:44,6
DA:45,1
DA:48,6
DA:49,1
LF:15
LH:13
BRDA:41,0,0,18
BRDA:41,0,1,2
BRF:2
BRH:2
end_of_record
TN:
SF:src/utils/formatMoney.ts
FN:1,(anonymous_0)
FN:8,(anonymous_1)
FN:15,(anonymous_2)
FNF:3
FNH:3
FNDA:26,(anonymous_0)
FNDA:4,(anonymous_1)
FNDA:5,(anonymous_2)
DA:1,6
DA:2,26
DA:8,6
DA:9,4
DA:10,4
DA:11,4
DA:12,4
DA:15,6
DA:16,5
DA:20,5
LF:10
LH:10
BRDA:10,0,0,3
BRDA:10,0,1,1
BRDA:20,1,0,5
BRDA:20,1,1,3
BRF:4
BRH:4
end_of_record
TN:
SF:src/utils/index.ts
FNF:0
FNH:0
LF:0
LH:0
BRF:0
BRH:0
end_of_record
TN:
SF:src/utils/nfceScraperScript.ts
FNF:0
FNH:0
DA:1,1
LF:1
LH:1
BRF:0
BRH:0
end_of_record
TN:
SF:src/utils/priceComparison.ts
FN:16,(anonymous_0)
FN:34,(anonymous_1)
FN:64,(anonymous_2)
FN:69,(anonymous_3)
FNF:4
FNH:4
FNDA:6,(anonymous_0)
FNDA:21,(anonymous_1)
FNDA:19,(anonymous_2)
FNDA:3,(anonymous_3)
DA:16,6
DA:17,6
DA:19,6
DA:20,5
DA:23,1
DA:24,1
DA:27,0
DA:28,0
DA:31,0
DA:34,6
DA:35,21
DA:37,21
DA:38,1
DA:41,20
DA:42,0
DA:45,20
DA:46,3
DA:49,17
DA:50,5
DA:53,12
DA:54,0
DA:57,12
DA:58,12
DA:61,0
DA:64,6
DA:65,19
DA:66,18
DA:69,6
DA:70,3
DA:71,3
DA:73,3
DA:74,1
DA:85,2
DA:86,2
DA:87,2
DA:89,2
DA:90,1
DA:101,1
DA:102,1
DA:103,1
DA:104,1
DA:106,1
LF:42
LH:36
BRDA:19,0,0,5
BRDA:19,0,1,1
BRDA:19,1,0,6
BRDA:19,1,1,3
BRDA:23,2,0,1
BRDA:23,2,1,0
BRDA:27,3,0,0
BRDA:27,3,1,0
BRDA:37,4,0,1
BRDA:37,4,1,20
BRDA:37,5,0,21
BRDA:37,5,1,21
BRDA:41,6,0,0
BRDA:41,6,1,20
BRDA:41,7,0,20
BRDA:41,7,1,20
BRDA:45,8,0,3
BRDA:45,8,1,17
BRDA:49,9,0,5
BRDA:49,9,1,12
BRDA:53,10,0,0
BRDA:53,10,1,12
BRDA:57,11,0,12
BRDA:57,11,1,0
BRDA:73,12,0,1
BRDA:73,12,1,2
BRDA:73,13,0,3
BRDA:73,13,1,3
BRDA:73,13,2,3
BRDA:89,14,0,1
BRDA:89,14,1,1
BRDA:101,15,0,0
BRDA:101,15,1,1
BRF:33
BRH:26
end_of_record
